18:02:11-[debug]-/private/var/www/myaf3/app/application/plugins/Auth.php:26 'AuthPlugin::dispatchLoopStartup'
18:02:11-[debug]-/private/var/www/myaf3/app/application/plugins/Auth.php:27 'Admin'
18:02:11-[debug]-/private/var/www/myaf3/app/application/plugins/Auth.php:28 'test'
18:02:11-[debug]-/private/var/www/myaf3/app/application/plugins/Auth.php:33 '$request: '
18:02:11-[debug]-/private/var/www/myaf3/app/application/plugins/Auth.php:34 Yaf_Request_Http::__set_state(array(
   'module' => 'Admin',
   'controller' => 'Main',
   'action' => 'test',
   'method' => 'GET',
   'params' => 
  array (
  ),
   'language' => NULL,
   '_exception' => NULL,
   '_base_uri' => '',
   'uri' => '/admin/main/test',
   'dispatched' => false,
   'routed' => true,
))
18:02:11-[debug]-/private/var/www/myaf3/app/application/plugins/Auth.php:35 '$isLogin: '
18:02:11-[debug]-/private/var/www/myaf3/app/application/plugins/Auth.php:36 true
18:02:12-[debug]-/private/var/www/myaf3/app/application/plugins/Auth.php:26 'AuthPlugin::dispatchLoopStartup'
18:02:12-[debug]-/private/var/www/myaf3/app/application/plugins/Auth.php:27 'Admin'
18:02:12-[debug]-/private/var/www/myaf3/app/application/plugins/Auth.php:28 'test'
18:02:12-[debug]-/private/var/www/myaf3/app/application/plugins/Auth.php:33 '$request: '
18:02:12-[debug]-/private/var/www/myaf3/app/application/plugins/Auth.php:34 Yaf_Request_Http::__set_state(array(
   'module' => 'Admin',
   'controller' => 'Main',
   'action' => 'test',
   'method' => 'GET',
   'params' => 
  array (
  ),
   'language' => NULL,
   '_exception' => NULL,
   '_base_uri' => '',
   'uri' => '/admin/main/test',
   'dispatched' => false,
   'routed' => true,
))
18:02:12-[debug]-/private/var/www/myaf3/app/application/plugins/Auth.php:35 '$isLogin: '
18:02:12-[debug]-/private/var/www/myaf3/app/application/plugins/Auth.php:36 true
18:02:13-[debug]-/private/var/www/myaf3/app/application/plugins/Auth.php:26 'AuthPlugin::dispatchLoopStartup'
18:02:13-[debug]-/private/var/www/myaf3/app/application/plugins/Auth.php:27 'Admin'
18:02:13-[debug]-/private/var/www/myaf3/app/application/plugins/Auth.php:28 'test'
18:02:13-[debug]-/private/var/www/myaf3/app/application/plugins/Auth.php:33 '$request: '
18:02:13-[debug]-/private/var/www/myaf3/app/application/plugins/Auth.php:34 Yaf_Request_Http::__set_state(array(
   'module' => 'Admin',
   'controller' => 'Main',
   'action' => 'test',
   'method' => 'GET',
   'params' => 
  array (
  ),
   'language' => NULL,
   '_exception' => NULL,
   '_base_uri' => '',
   'uri' => '/admin/main/test',
   'dispatched' => false,
   'routed' => true,
))
18:02:13-[debug]-/private/var/www/myaf3/app/application/plugins/Auth.php:35 '$isLogin: '
18:02:13-[debug]-/private/var/www/myaf3/app/application/plugins/Auth.php:36 true
18:02:13-[debug]-/private/var/www/myaf3/app/application/plugins/Auth.php:26 'AuthPlugin::dispatchLoopStartup'
18:02:13-[debug]-/private/var/www/myaf3/app/application/plugins/Auth.php:27 'Admin'
18:02:13-[debug]-/private/var/www/myaf3/app/application/plugins/Auth.php:28 'test'
18:02:13-[debug]-/private/var/www/myaf3/app/application/plugins/Auth.php:33 '$request: '
18:02:13-[debug]-/private/var/www/myaf3/app/application/plugins/Auth.php:34 Yaf_Request_Http::__set_state(array(
   'module' => 'Admin',
   'controller' => 'Main',
   'action' => 'test',
   'method' => 'GET',
   'params' => 
  array (
  ),
   'language' => NULL,
   '_exception' => NULL,
   '_base_uri' => '',
   'uri' => '/admin/main/test',
   'dispatched' => false,
   'routed' => true,
))
18:02:13-[debug]-/private/var/www/myaf3/app/application/plugins/Auth.php:35 '$isLogin: '
18:02:13-[debug]-/private/var/www/myaf3/app/application/plugins/Auth.php:36 true
