00:01:56-[debug]-/private/var/www/myaf3/app/application/plugins/Auth.php:20 'AuthPlugin::dispatchLoopStartup'
00:01:56-[debug]-/private/var/www/myaf3/app/application/plugins/Auth.php:21 'Admin'
00:01:56-[debug]-/private/var/www/myaf3/app/application/plugins/Auth.php:22 'getallmembers'
00:01:56-[debug]-/private/var/www/myaf3/app/application/plugins/Auth.php:28 '$request: '
00:01:56-[debug]-/private/var/www/myaf3/app/application/plugins/Auth.php:29 Yaf_Request_Http::__set_state(array(
   'module' => 'Admin',
   'controller' => 'Member',
   'action' => 'getallmembers',
   'method' => 'GET',
   'params' => 
  array (
  ),
   'language' => NULL,
   '_exception' => NULL,
   '_base_uri' => '',
   'uri' => '/admin/member/getAllMembers',
   'dispatched' => false,
   'routed' => true,
))
00:01:56-[debug]-/private/var/www/myaf3/app/application/plugins/Auth.php:30 '$isLogin: '
00:01:56-[debug]-/private/var/www/myaf3/app/application/plugins/Auth.php:31 true
00:02:27-[debug]-/private/var/www/myaf3/app/application/plugins/Auth.php:20 'AuthPlugin::dispatchLoopStartup'
00:02:27-[debug]-/private/var/www/myaf3/app/application/plugins/Auth.php:21 'Admin'
00:02:27-[debug]-/private/var/www/myaf3/app/application/plugins/Auth.php:22 'getallmembers'
00:02:27-[debug]-/private/var/www/myaf3/app/application/plugins/Auth.php:28 '$request: '
00:02:27-[debug]-/private/var/www/myaf3/app/application/plugins/Auth.php:29 Yaf_Request_Http::__set_state(array(
   'module' => 'Admin',
   'controller' => 'Member',
   'action' => 'getallmembers',
   'method' => 'GET',
   'params' => 
  array (
  ),
   'language' => NULL,
   '_exception' => NULL,
   '_base_uri' => '',
   'uri' => '/admin/member/getAllMembers',
   'dispatched' => false,
   'routed' => true,
))
00:02:27-[debug]-/private/var/www/myaf3/app/application/plugins/Auth.php:30 '$isLogin: '
00:02:27-[debug]-/private/var/www/myaf3/app/application/plugins/Auth.php:31 true
00:02:28-[debug]-/private/var/www/myaf3/app/application/plugins/Auth.php:20 'AuthPlugin::dispatchLoopStartup'
00:02:28-[debug]-/private/var/www/myaf3/app/application/plugins/Auth.php:21 'Admin'
00:02:28-[debug]-/private/var/www/myaf3/app/application/plugins/Auth.php:22 'getallmembers'
00:02:28-[debug]-/private/var/www/myaf3/app/application/plugins/Auth.php:28 '$request: '
00:02:28-[debug]-/private/var/www/myaf3/app/application/plugins/Auth.php:29 Yaf_Request_Http::__set_state(array(
   'module' => 'Admin',
   'controller' => 'Member',
   'action' => 'getallmembers',
   'method' => 'GET',
   'params' => 
  array (
  ),
   'language' => NULL,
   '_exception' => NULL,
   '_base_uri' => '',
   'uri' => '/admin/member/getAllMembers',
   'dispatched' => false,
   'routed' => true,
))
00:02:28-[debug]-/private/var/www/myaf3/app/application/plugins/Auth.php:30 '$isLogin: '
00:02:28-[debug]-/private/var/www/myaf3/app/application/plugins/Auth.php:31 true
00:03:34-[debug]-/private/var/www/myaf3/app/application/plugins/Auth.php:20 'AuthPlugin::dispatchLoopStartup'
00:03:34-[debug]-/private/var/www/myaf3/app/application/plugins/Auth.php:21 'Admin'
00:03:34-[debug]-/private/var/www/myaf3/app/application/plugins/Auth.php:22 'getallmembers'
00:03:34-[debug]-/private/var/www/myaf3/app/application/plugins/Auth.php:28 '$request: '
00:03:34-[debug]-/private/var/www/myaf3/app/application/plugins/Auth.php:29 Yaf_Request_Http::__set_state(array(
   'module' => 'Admin',
   'controller' => 'Member',
   'action' => 'getallmembers',
   'method' => 'GET',
   'params' => 
  array (
  ),
   'language' => NULL,
   '_exception' => NULL,
   '_base_uri' => '',
   'uri' => '/admin/member/getAllMembers',
   'dispatched' => false,
   'routed' => true,
))
00:03:34-[debug]-/private/var/www/myaf3/app/application/plugins/Auth.php:30 '$isLogin: '
00:03:34-[debug]-/private/var/www/myaf3/app/application/plugins/Auth.php:31 true
00:03:47-[debug]-/private/var/www/myaf3/app/application/plugins/Auth.php:20 'AuthPlugin::dispatchLoopStartup'
00:03:47-[debug]-/private/var/www/myaf3/app/application/plugins/Auth.php:21 'Admin'
00:03:47-[debug]-/private/var/www/myaf3/app/application/plugins/Auth.php:22 'getallmembers'
00:03:47-[debug]-/private/var/www/myaf3/app/application/plugins/Auth.php:28 '$request: '
00:03:47-[debug]-/private/var/www/myaf3/app/application/plugins/Auth.php:29 Yaf_Request_Http::__set_state(array(
   'module' => 'Admin',
   'controller' => 'Member',
   'action' => 'getallmembers',
   'method' => 'GET',
   'params' => 
  array (
  ),
   'language' => NULL,
   '_exception' => NULL,
   '_base_uri' => '',
   'uri' => '/admin/member/getAllMembers',
   'dispatched' => false,
   'routed' => true,
))
00:03:47-[debug]-/private/var/www/myaf3/app/application/plugins/Auth.php:30 '$isLogin: '
00:03:47-[debug]-/private/var/www/myaf3/app/application/plugins/Auth.php:31 true
00:04:30-[debug]-/private/var/www/myaf3/app/application/plugins/Auth.php:20 'AuthPlugin::dispatchLoopStartup'
00:04:30-[debug]-/private/var/www/myaf3/app/application/plugins/Auth.php:21 'Admin'
00:04:30-[debug]-/private/var/www/myaf3/app/application/plugins/Auth.php:22 'getallmembers'
00:04:30-[debug]-/private/var/www/myaf3/app/application/plugins/Auth.php:28 '$request: '
00:04:30-[debug]-/private/var/www/myaf3/app/application/plugins/Auth.php:29 Yaf_Request_Http::__set_state(array(
   'module' => 'Admin',
   'controller' => 'Member',
   'action' => 'getallmembers',
   'method' => 'GET',
   'params' => 
  array (
  ),
   'language' => NULL,
   '_exception' => NULL,
   '_base_uri' => '',
   'uri' => '/admin/member/getAllMembers',
   'dispatched' => false,
   'routed' => true,
))
00:04:30-[debug]-/private/var/www/myaf3/app/application/plugins/Auth.php:30 '$isLogin: '
00:04:30-[debug]-/private/var/www/myaf3/app/application/plugins/Auth.php:31 true
00:04:48-[debug]-/private/var/www/myaf3/app/application/plugins/Auth.php:20 'AuthPlugin::dispatchLoopStartup'
00:04:48-[debug]-/private/var/www/myaf3/app/application/plugins/Auth.php:21 'Admin'
00:04:48-[debug]-/private/var/www/myaf3/app/application/plugins/Auth.php:22 'getallmembers'
00:04:48-[debug]-/private/var/www/myaf3/app/application/plugins/Auth.php:28 '$request: '
00:04:48-[debug]-/private/var/www/myaf3/app/application/plugins/Auth.php:29 Yaf_Request_Http::__set_state(array(
   'module' => 'Admin',
   'controller' => 'Member',
   'action' => 'getallmembers',
   'method' => 'GET',
   'params' => 
  array (
  ),
   'language' => NULL,
   '_exception' => NULL,
   '_base_uri' => '',
   'uri' => '/admin/member/getAllMembers',
   'dispatched' => false,
   'routed' => true,
))
00:04:48-[debug]-/private/var/www/myaf3/app/application/plugins/Auth.php:30 '$isLogin: '
00:04:48-[debug]-/private/var/www/myaf3/app/application/plugins/Auth.php:31 true
00:04:59-[debug]-/private/var/www/myaf3/app/application/plugins/Auth.php:20 'AuthPlugin::dispatchLoopStartup'
00:04:59-[debug]-/private/var/www/myaf3/app/application/plugins/Auth.php:21 'Admin'
00:04:59-[debug]-/private/var/www/myaf3/app/application/plugins/Auth.php:22 'getallmembers'
00:04:59-[debug]-/private/var/www/myaf3/app/application/plugins/Auth.php:28 '$request: '
00:04:59-[debug]-/private/var/www/myaf3/app/application/plugins/Auth.php:29 Yaf_Request_Http::__set_state(array(
   'module' => 'Admin',
   'controller' => 'Member',
   'action' => 'getallmembers',
   'method' => 'GET',
   'params' => 
  array (
  ),
   'language' => NULL,
   '_exception' => NULL,
   '_base_uri' => '',
   'uri' => '/admin/member/getAllMembers',
   'dispatched' => false,
   'routed' => true,
))
00:04:59-[debug]-/private/var/www/myaf3/app/application/plugins/Auth.php:30 '$isLogin: '
00:04:59-[debug]-/private/var/www/myaf3/app/application/plugins/Auth.php:31 true
00:05:38-[debug]-/private/var/www/myaf3/app/application/plugins/Auth.php:20 'AuthPlugin::dispatchLoopStartup'
00:05:38-[debug]-/private/var/www/myaf3/app/application/plugins/Auth.php:21 'Admin'
00:05:38-[debug]-/private/var/www/myaf3/app/application/plugins/Auth.php:22 'getallmembers'
00:05:38-[debug]-/private/var/www/myaf3/app/application/plugins/Auth.php:28 '$request: '
00:05:38-[debug]-/private/var/www/myaf3/app/application/plugins/Auth.php:29 Yaf_Request_Http::__set_state(array(
   'module' => 'Admin',
   'controller' => 'Member',
   'action' => 'getallmembers',
   'method' => 'GET',
   'params' => 
  array (
  ),
   'language' => NULL,
   '_exception' => NULL,
   '_base_uri' => '',
   'uri' => '/admin/member/getAllMembers',
   'dispatched' => false,
   'routed' => true,
))
00:05:38-[debug]-/private/var/www/myaf3/app/application/plugins/Auth.php:30 '$isLogin: '
00:05:38-[debug]-/private/var/www/myaf3/app/application/plugins/Auth.php:31 true
00:10:54-[debug]-/private/var/www/myaf3/app/application/plugins/Auth.php:20 'AuthPlugin::dispatchLoopStartup'
00:10:54-[debug]-/private/var/www/myaf3/app/application/plugins/Auth.php:21 'Admin'
00:10:54-[debug]-/private/var/www/myaf3/app/application/plugins/Auth.php:22 'getallmembers'
00:10:54-[debug]-/private/var/www/myaf3/app/application/plugins/Auth.php:28 '$request: '
00:10:54-[debug]-/private/var/www/myaf3/app/application/plugins/Auth.php:29 Yaf_Request_Http::__set_state(array(
   'module' => 'Admin',
   'controller' => 'Member',
   'action' => 'getallmembers',
   'method' => 'GET',
   'params' => 
  array (
  ),
   'language' => NULL,
   '_exception' => NULL,
   '_base_uri' => '',
   'uri' => '/admin/member/getAllMembers',
   'dispatched' => false,
   'routed' => true,
))
00:10:54-[debug]-/private/var/www/myaf3/app/application/plugins/Auth.php:30 '$isLogin: '
00:10:54-[debug]-/private/var/www/myaf3/app/application/plugins/Auth.php:31 true
00:10:54-[debug]-/private/var/www/myaf3/app/application/library/halo/HaloPdo.php:451 'select `name`,`id`,`roleid`;'
00:10:54-[debug]-/private/var/www/myaf3/app/application/library/halo/HaloPdo.php:453 array (
  0 => '42S22',
  1 => 1054,
  2 => 'Unknown column \'name\' in \'field list\'',
)
00:11:21-[debug]-/private/var/www/myaf3/app/application/plugins/Auth.php:20 'AuthPlugin::dispatchLoopStartup'
00:11:21-[debug]-/private/var/www/myaf3/app/application/plugins/Auth.php:21 'Admin'
00:11:21-[debug]-/private/var/www/myaf3/app/application/plugins/Auth.php:22 'getallmembers'
00:11:21-[debug]-/private/var/www/myaf3/app/application/plugins/Auth.php:28 '$request: '
00:11:21-[debug]-/private/var/www/myaf3/app/application/plugins/Auth.php:29 Yaf_Request_Http::__set_state(array(
   'module' => 'Admin',
   'controller' => 'Member',
   'action' => 'getallmembers',
   'method' => 'GET',
   'params' => 
  array (
  ),
   'language' => NULL,
   '_exception' => NULL,
   '_base_uri' => '',
   'uri' => '/admin/member/getAllMembers',
   'dispatched' => false,
   'routed' => true,
))
00:11:21-[debug]-/private/var/www/myaf3/app/application/plugins/Auth.php:30 '$isLogin: '
00:11:21-[debug]-/private/var/www/myaf3/app/application/plugins/Auth.php:31 true
00:12:50-[debug]-/private/var/www/myaf3/app/application/plugins/Auth.php:20 'AuthPlugin::dispatchLoopStartup'
00:12:50-[debug]-/private/var/www/myaf3/app/application/plugins/Auth.php:21 'Admin'
00:12:50-[debug]-/private/var/www/myaf3/app/application/plugins/Auth.php:22 'getallmembers'
00:12:50-[debug]-/private/var/www/myaf3/app/application/plugins/Auth.php:28 '$request: '
00:12:50-[debug]-/private/var/www/myaf3/app/application/plugins/Auth.php:29 Yaf_Request_Http::__set_state(array(
   'module' => 'Admin',
   'controller' => 'Member',
   'action' => 'getallmembers',
   'method' => 'GET',
   'params' => 
  array (
  ),
   'language' => NULL,
   '_exception' => NULL,
   '_base_uri' => '',
   'uri' => '/admin/member/getAllMembers',
   'dispatched' => false,
   'routed' => true,
))
00:12:50-[debug]-/private/var/www/myaf3/app/application/plugins/Auth.php:30 '$isLogin: '
00:12:50-[debug]-/private/var/www/myaf3/app/application/plugins/Auth.php:31 true
00:15:30-[debug]-/private/var/www/myaf3/app/application/plugins/Auth.php:20 'AuthPlugin::dispatchLoopStartup'
00:15:30-[debug]-/private/var/www/myaf3/app/application/plugins/Auth.php:21 'Admin'
00:15:30-[debug]-/private/var/www/myaf3/app/application/plugins/Auth.php:22 'getallmembers'
00:15:30-[debug]-/private/var/www/myaf3/app/application/plugins/Auth.php:28 '$request: '
00:15:30-[debug]-/private/var/www/myaf3/app/application/plugins/Auth.php:29 Yaf_Request_Http::__set_state(array(
   'module' => 'Admin',
   'controller' => 'Member',
   'action' => 'getallmembers',
   'method' => 'GET',
   'params' => 
  array (
  ),
   'language' => NULL,
   '_exception' => NULL,
   '_base_uri' => '',
   'uri' => '/admin/member/getAllMembers',
   'dispatched' => false,
   'routed' => true,
))
00:15:30-[debug]-/private/var/www/myaf3/app/application/plugins/Auth.php:30 '$isLogin: '
00:15:30-[debug]-/private/var/www/myaf3/app/application/plugins/Auth.php:31 true
00:33:06-[debug]-/private/var/www/myaf3/app/application/plugins/Auth.php:20 'AuthPlugin::dispatchLoopStartup'
00:33:06-[debug]-/private/var/www/myaf3/app/application/plugins/Auth.php:21 'Admin'
00:33:06-[debug]-/private/var/www/myaf3/app/application/plugins/Auth.php:22 'getallmembers'
00:33:06-[debug]-/private/var/www/myaf3/app/application/plugins/Auth.php:28 '$request: '
00:33:06-[debug]-/private/var/www/myaf3/app/application/plugins/Auth.php:29 Yaf_Request_Http::__set_state(array(
   'module' => 'Admin',
   'controller' => 'Member',
   'action' => 'getallmembers',
   'method' => 'GET',
   'params' => 
  array (
  ),
   'language' => NULL,
   '_exception' => NULL,
   '_base_uri' => '',
   'uri' => '/admin/member/getAllMembers',
   'dispatched' => false,
   'routed' => true,
))
00:33:06-[debug]-/private/var/www/myaf3/app/application/plugins/Auth.php:30 '$isLogin: '
00:33:06-[debug]-/private/var/www/myaf3/app/application/plugins/Auth.php:31 true
00:33:57-[debug]-/private/var/www/myaf3/app/application/plugins/Auth.php:20 'AuthPlugin::dispatchLoopStartup'
00:33:57-[debug]-/private/var/www/myaf3/app/application/plugins/Auth.php:21 'Admin'
00:33:57-[debug]-/private/var/www/myaf3/app/application/plugins/Auth.php:22 'getallmembers'
00:33:57-[debug]-/private/var/www/myaf3/app/application/plugins/Auth.php:28 '$request: '
00:33:57-[debug]-/private/var/www/myaf3/app/application/plugins/Auth.php:29 Yaf_Request_Http::__set_state(array(
   'module' => 'Admin',
   'controller' => 'Member',
   'action' => 'getallmembers',
   'method' => 'GET',
   'params' => 
  array (
  ),
   'language' => NULL,
   '_exception' => NULL,
   '_base_uri' => '',
   'uri' => '/admin/member/getAllMembers',
   'dispatched' => false,
   'routed' => true,
))
00:33:57-[debug]-/private/var/www/myaf3/app/application/plugins/Auth.php:30 '$isLogin: '
00:33:57-[debug]-/private/var/www/myaf3/app/application/plugins/Auth.php:31 true
00:34:30-[debug]-/private/var/www/myaf3/app/application/plugins/Auth.php:20 'AuthPlugin::dispatchLoopStartup'
00:34:30-[debug]-/private/var/www/myaf3/app/application/plugins/Auth.php:21 'Admin'
00:34:30-[debug]-/private/var/www/myaf3/app/application/plugins/Auth.php:22 'getallmembers'
00:34:30-[debug]-/private/var/www/myaf3/app/application/plugins/Auth.php:28 '$request: '
00:34:30-[debug]-/private/var/www/myaf3/app/application/plugins/Auth.php:29 Yaf_Request_Http::__set_state(array(
   'module' => 'Admin',
   'controller' => 'Member',
   'action' => 'getallmembers',
   'method' => 'GET',
   'params' => 
  array (
  ),
   'language' => NULL,
   '_exception' => NULL,
   '_base_uri' => '',
   'uri' => '/admin/member/getAllMembers',
   'dispatched' => false,
   'routed' => true,
))
00:34:30-[debug]-/private/var/www/myaf3/app/application/plugins/Auth.php:30 '$isLogin: '
00:34:30-[debug]-/private/var/www/myaf3/app/application/plugins/Auth.php:31 true
