10:52:33-[debug]-/private/var/www/myaf3/app/application/plugins/Auth.php:26 'AuthPlugin::dispatchLoopStartup'
10:52:33-[debug]-/private/var/www/myaf3/app/application/plugins/Auth.php:27 'Admin'
10:52:33-[debug]-/private/var/www/myaf3/app/application/plugins/Auth.php:28 'getallmembers'
10:52:33-[debug]-/private/var/www/myaf3/app/application/plugins/Auth.php:33 '$request: '
10:52:33-[debug]-/private/var/www/myaf3/app/application/plugins/Auth.php:34 Yaf_Request_Http::__set_state(array(
   'module' => 'Admin',
   'controller' => 'Member',
   'action' => 'getallmembers',
   'method' => 'GET',
   'params' => 
  array (
  ),
   'language' => NULL,
   '_exception' => NULL,
   '_base_uri' => '',
   'uri' => '/admin/member/getAllMembers',
   'dispatched' => false,
   'routed' => true,
))
10:52:33-[debug]-/private/var/www/myaf3/app/application/plugins/Auth.php:35 '$isLogin: '
10:52:33-[debug]-/private/var/www/myaf3/app/application/plugins/Auth.php:36 true
10:52:42-[debug]-/private/var/www/myaf3/app/application/plugins/Auth.php:26 'AuthPlugin::dispatchLoopStartup'
10:52:42-[debug]-/private/var/www/myaf3/app/application/plugins/Auth.php:27 'Admin'
10:52:42-[debug]-/private/var/www/myaf3/app/application/plugins/Auth.php:28 'main'
10:52:42-[debug]-/private/var/www/myaf3/app/application/plugins/Auth.php:33 '$request: '
10:52:42-[debug]-/private/var/www/myaf3/app/application/plugins/Auth.php:34 Yaf_Request_Http::__set_state(array(
   'module' => 'Admin',
   'controller' => 'Main',
   'action' => 'main',
   'method' => 'GET',
   'params' => 
  array (
  ),
   'language' => NULL,
   '_exception' => NULL,
   '_base_uri' => '',
   'uri' => '/admin/main/main',
   'dispatched' => false,
   'routed' => true,
))
10:52:42-[debug]-/private/var/www/myaf3/app/application/plugins/Auth.php:35 '$isLogin: '
10:52:42-[debug]-/private/var/www/myaf3/app/application/plugins/Auth.php:36 true
