12:04:30-[debug]-/private/var/www/myaf3/app/application/plugins/Auth.php:26 'AuthPlugin::dispatchLoopStartup'
12:04:30-[debug]-/private/var/www/myaf3/app/application/plugins/Auth.php:27 'Admin'
12:04:30-[debug]-/private/var/www/myaf3/app/application/plugins/Auth.php:28 'getallmembers'
12:04:30-[debug]-/private/var/www/myaf3/app/application/plugins/Auth.php:33 '$request: '
12:04:30-[debug]-/private/var/www/myaf3/app/application/plugins/Auth.php:34 Yaf_Request_Http::__set_state(array(
   'module' => 'Admin',
   'controller' => 'Member',
   'action' => 'getallmembers',
   'method' => 'GET',
   'params' => 
  array (
  ),
   'language' => NULL,
   '_exception' => NULL,
   '_base_uri' => '',
   'uri' => '/admin/member/getAllMembers',
   'dispatched' => false,
   'routed' => true,
))
12:04:30-[debug]-/private/var/www/myaf3/app/application/plugins/Auth.php:35 '$isLogin: '
12:04:30-[debug]-/private/var/www/myaf3/app/application/plugins/Auth.php:36 true
12:04:34-[debug]-/private/var/www/myaf3/app/application/plugins/Auth.php:26 'AuthPlugin::dispatchLoopStartup'
12:04:34-[debug]-/private/var/www/myaf3/app/application/plugins/Auth.php:27 'Admin'
12:04:34-[debug]-/private/var/www/myaf3/app/application/plugins/Auth.php:28 'getallmembers'
12:04:34-[debug]-/private/var/www/myaf3/app/application/plugins/Auth.php:33 '$request: '
12:04:34-[debug]-/private/var/www/myaf3/app/application/plugins/Auth.php:34 Yaf_Request_Http::__set_state(array(
   'module' => 'Admin',
   'controller' => 'Member',
   'action' => 'getallmembers',
   'method' => 'GET',
   'params' => 
  array (
  ),
   'language' => NULL,
   '_exception' => NULL,
   '_base_uri' => '',
   'uri' => '/admin/member/getAllMembers',
   'dispatched' => false,
   'routed' => true,
))
12:04:34-[debug]-/private/var/www/myaf3/app/application/plugins/Auth.php:35 '$isLogin: '
12:04:34-[debug]-/private/var/www/myaf3/app/application/plugins/Auth.php:36 true
