14:18:08-[debug]-/private/var/www/myaf3/app/application/plugins/Auth.php:18 'AuthPlugin::dispatchLoopStartup'
14:18:08-[debug]-/private/var/www/myaf3/app/application/plugins/Auth.php:19 7
14:18:08-[debug]-/private/var/www/myaf3/app/application/plugins/Auth.php:20 -4
14:18:34-[debug]-/private/var/www/myaf3/app/application/plugins/Auth.php:18 'AuthPlugin::dispatchLoopStartup'
14:18:34-[debug]-/private/var/www/myaf3/app/application/plugins/Auth.php:19 0
14:18:34-[debug]-/private/var/www/myaf3/app/application/plugins/Auth.php:20 -3
14:18:34-[debug]-/private/var/www/myaf3/app/application/plugins/Auth.php:26 '$request: '
14:18:34-[debug]-/private/var/www/myaf3/app/application/plugins/Auth.php:27 Yaf_Request_Http::__set_state(array(
   'module' => 'Admin',
   'controller' => 'Admin',
   'action' => 'index',
   'method' => 'GET',
   'params' => 
  array (
  ),
   'language' => NULL,
   '_exception' => NULL,
   '_base_uri' => '',
   'uri' => '/admin/admin/index',
   'dispatched' => false,
   'routed' => true,
))
14:18:34-[debug]-/private/var/www/myaf3/app/application/plugins/Auth.php:28 '$isLogin: '
14:18:34-[debug]-/private/var/www/myaf3/app/application/plugins/Auth.php:29 false
14:18:51-[debug]-/private/var/www/myaf3/app/application/plugins/Auth.php:18 'AuthPlugin::dispatchLoopStartup'
14:18:51-[debug]-/private/var/www/myaf3/app/application/plugins/Auth.php:19 0
14:18:51-[debug]-/private/var/www/myaf3/app/application/plugins/Auth.php:20 -3
14:18:51-[debug]-/private/var/www/myaf3/app/application/plugins/Auth.php:26 '$request: '
14:18:51-[debug]-/private/var/www/myaf3/app/application/plugins/Auth.php:27 Yaf_Request_Http::__set_state(array(
   'module' => 'Admin',
   'controller' => 'Index',
   'action' => 'index',
   'method' => 'GET',
   'params' => 
  array (
  ),
   'language' => NULL,
   '_exception' => NULL,
   '_base_uri' => '',
   'uri' => '/admin/index/index',
   'dispatched' => false,
   'routed' => true,
))
14:18:51-[debug]-/private/var/www/myaf3/app/application/plugins/Auth.php:28 '$isLogin: '
14:18:51-[debug]-/private/var/www/myaf3/app/application/plugins/Auth.php:29 false
14:18:51-[debug]-/private/var/www/myaf3/app/application/plugins/Auth.php:18 'AuthPlugin::dispatchLoopStartup'
14:18:51-[debug]-/private/var/www/myaf3/app/application/plugins/Auth.php:19 0
14:18:51-[debug]-/private/var/www/myaf3/app/application/plugins/Auth.php:20 0
14:23:29-[debug]-/private/var/www/myaf3/app/application/plugins/Auth.php:18 'AuthPlugin::dispatchLoopStartup'
14:23:29-[debug]-/private/var/www/myaf3/app/application/plugins/Auth.php:19 0
14:23:29-[debug]-/private/var/www/myaf3/app/application/plugins/Auth.php:20 0
14:28:22-[debug]-/private/var/www/myaf3/app/application/plugins/Auth.php:18 'AuthPlugin::dispatchLoopStartup'
14:28:22-[debug]-/private/var/www/myaf3/app/application/plugins/Auth.php:19 0
14:28:22-[debug]-/private/var/www/myaf3/app/application/plugins/Auth.php:20 -11
14:28:22-[debug]-/private/var/www/myaf3/app/application/plugins/Auth.php:26 '$request: '
14:28:22-[debug]-/private/var/www/myaf3/app/application/plugins/Auth.php:27 Yaf_Request_Http::__set_state(array(
   'module' => 'Admin',
   'controller' => 'Index',
   'action' => 'auth',
   'method' => 'POST',
   'params' => 
  array (
  ),
   'language' => NULL,
   '_exception' => NULL,
   '_base_uri' => '',
   'uri' => '/admin/index/auth',
   'dispatched' => false,
   'routed' => true,
))
14:28:22-[debug]-/private/var/www/myaf3/app/application/plugins/Auth.php:28 '$isLogin: '
14:28:22-[debug]-/private/var/www/myaf3/app/application/plugins/Auth.php:29 false
14:28:22-[debug]-/private/var/www/myaf3/app/application/modules/Admin/controllers/Index.php:37 'admin'
14:28:22-[debug]-/private/var/www/myaf3/app/application/modules/Admin/controllers/Index.php:38 '21232f297a57a5a743894a0e4a801fc3'
14:28:22-[debug]-/private/var/www/myaf3/app/application/plugins/Auth.php:18 'AuthPlugin::dispatchLoopStartup'
14:28:22-[debug]-/private/var/www/myaf3/app/application/plugins/Auth.php:19 0
14:28:22-[debug]-/private/var/www/myaf3/app/application/plugins/Auth.php:20 0
