17:13:21-[debug]-/private/var/www/myaf3/app/application/plugins/Auth.php:15 'AuthPlugin::dispatchLoopStartup'
17:13:21-[debug]-/private/var/www/myaf3/app/application/plugins/Auth.php:16 0
17:13:21-[debug]-/private/var/www/myaf3/app/application/plugins/Auth.php:17 0
17:21:53-[debug]-/private/var/www/myaf3/app/application/plugins/Auth.php:20 'AuthPlugin::dispatchLoopStartup'
17:21:53-[debug]-/private/var/www/myaf3/app/application/plugins/Auth.php:21 'Admin'
17:21:53-[debug]-/private/var/www/myaf3/app/application/plugins/Auth.php:22 'login'
17:22:03-[debug]-/private/var/www/myaf3/app/application/plugins/Auth.php:20 'AuthPlugin::dispatchLoopStartup'
17:22:03-[debug]-/private/var/www/myaf3/app/application/plugins/Auth.php:21 'Admin'
17:22:03-[debug]-/private/var/www/myaf3/app/application/plugins/Auth.php:22 'login'
17:22:03-[debug]-/private/var/www/myaf3/app/application/plugins/Auth.php:20 'AuthPlugin::dispatchLoopStartup'
17:22:03-[debug]-/private/var/www/myaf3/app/application/plugins/Auth.php:21 'Admin'
17:22:03-[debug]-/private/var/www/myaf3/app/application/plugins/Auth.php:22 'login'
17:22:06-[debug]-/private/var/www/myaf3/app/application/plugins/Auth.php:20 'AuthPlugin::dispatchLoopStartup'
17:22:06-[debug]-/private/var/www/myaf3/app/application/plugins/Auth.php:21 'Admin'
17:22:06-[debug]-/private/var/www/myaf3/app/application/plugins/Auth.php:22 'auth'
17:22:06-[debug]-/private/var/www/myaf3/app/application/plugins/Auth.php:28 '$request: '
17:22:06-[debug]-/private/var/www/myaf3/app/application/plugins/Auth.php:29 Yaf_Request_Http::__set_state(array(
   'module' => 'Admin',
   'controller' => 'Index',
   'action' => 'auth',
   'method' => 'POST',
   'params' => 
  array (
  ),
   'language' => NULL,
   '_exception' => NULL,
   '_base_uri' => '',
   'uri' => '/admin/index/auth',
   'dispatched' => false,
   'routed' => true,
))
17:22:06-[debug]-/private/var/www/myaf3/app/application/plugins/Auth.php:30 '$isLogin: '
17:22:06-[debug]-/private/var/www/myaf3/app/application/plugins/Auth.php:31 false
17:22:06-[debug]-/private/var/www/myaf3/app/application/modules/Admin/controllers/Index.php:38 'hui.liu@mojichina.com'
17:22:06-[debug]-/private/var/www/myaf3/app/application/modules/Admin/controllers/Index.php:39 '74b87337454200d4d33f80c4663dc5e5'
17:22:06-[debug]-/private/var/www/myaf3/app/application/plugins/Auth.php:20 'AuthPlugin::dispatchLoopStartup'
17:22:06-[debug]-/private/var/www/myaf3/app/application/plugins/Auth.php:21 'Index'
17:22:06-[debug]-/private/var/www/myaf3/app/application/plugins/Auth.php:22 'index'
17:23:17-[debug]-/private/var/www/myaf3/app/application/plugins/Auth.php:20 'AuthPlugin::dispatchLoopStartup'
17:23:17-[debug]-/private/var/www/myaf3/app/application/plugins/Auth.php:21 'Admin'
17:23:17-[debug]-/private/var/www/myaf3/app/application/plugins/Auth.php:22 'auth'
17:23:17-[debug]-/private/var/www/myaf3/app/application/plugins/Auth.php:28 '$request: '
17:23:17-[debug]-/private/var/www/myaf3/app/application/plugins/Auth.php:29 Yaf_Request_Http::__set_state(array(
   'module' => 'Admin',
   'controller' => 'Index',
   'action' => 'auth',
   'method' => 'POST',
   'params' => 
  array (
  ),
   'language' => NULL,
   '_exception' => NULL,
   '_base_uri' => '',
   'uri' => '/admin/index/auth',
   'dispatched' => false,
   'routed' => true,
))
17:23:17-[debug]-/private/var/www/myaf3/app/application/plugins/Auth.php:30 '$isLogin: '
17:23:17-[debug]-/private/var/www/myaf3/app/application/plugins/Auth.php:31 false
17:23:17-[debug]-/private/var/www/myaf3/app/application/modules/Admin/controllers/Index.php:38 'hui.liu@mojichina.com'
17:23:17-[debug]-/private/var/www/myaf3/app/application/modules/Admin/controllers/Index.php:39 '74b87337454200d4d33f80c4663dc5e5'
17:33:58-[debug]-/private/var/www/myaf3/app/application/plugins/Auth.php:20 'AuthPlugin::dispatchLoopStartup'
17:33:58-[debug]-/private/var/www/myaf3/app/application/plugins/Auth.php:21 'Admin'
17:33:58-[debug]-/private/var/www/myaf3/app/application/plugins/Auth.php:22 'auth'
17:33:58-[debug]-/private/var/www/myaf3/app/application/plugins/Auth.php:28 '$request: '
17:33:58-[debug]-/private/var/www/myaf3/app/application/plugins/Auth.php:29 Yaf_Request_Http::__set_state(array(
   'module' => 'Admin',
   'controller' => 'Index',
   'action' => 'auth',
   'method' => 'POST',
   'params' => 
  array (
  ),
   'language' => NULL,
   '_exception' => NULL,
   '_base_uri' => '',
   'uri' => '/admin/index/auth',
   'dispatched' => false,
   'routed' => true,
))
17:33:58-[debug]-/private/var/www/myaf3/app/application/plugins/Auth.php:30 '$isLogin: '
17:33:58-[debug]-/private/var/www/myaf3/app/application/plugins/Auth.php:31 false
17:33:58-[debug]-/private/var/www/myaf3/app/application/modules/Admin/controllers/Index.php:38 'hui.liu@mojichina.com'
17:33:58-[debug]-/private/var/www/myaf3/app/application/modules/Admin/controllers/Index.php:39 '74b87337454200d4d33f80c4663dc5e5'
17:34:45-[debug]-/private/var/www/myaf3/app/application/plugins/Auth.php:20 'AuthPlugin::dispatchLoopStartup'
17:34:45-[debug]-/private/var/www/myaf3/app/application/plugins/Auth.php:21 'Admin'
17:34:45-[debug]-/private/var/www/myaf3/app/application/plugins/Auth.php:22 'auth'
17:34:45-[debug]-/private/var/www/myaf3/app/application/plugins/Auth.php:28 '$request: '
17:34:45-[debug]-/private/var/www/myaf3/app/application/plugins/Auth.php:29 Yaf_Request_Http::__set_state(array(
   'module' => 'Admin',
   'controller' => 'Index',
   'action' => 'auth',
   'method' => 'POST',
   'params' => 
  array (
  ),
   'language' => NULL,
   '_exception' => NULL,
   '_base_uri' => '',
   'uri' => '/admin/index/auth',
   'dispatched' => false,
   'routed' => true,
))
17:34:45-[debug]-/private/var/www/myaf3/app/application/plugins/Auth.php:30 '$isLogin: '
17:34:45-[debug]-/private/var/www/myaf3/app/application/plugins/Auth.php:31 false
17:34:45-[debug]-/private/var/www/myaf3/app/application/modules/Admin/controllers/Index.php:38 'hui.liu@mojichina.com'
17:34:45-[debug]-/private/var/www/myaf3/app/application/modules/Admin/controllers/Index.php:39 '74b87337454200d4d33f80c4663dc5e5'
17:34:45-[debug]-/private/var/www/myaf3/app/application/models/Admin/Index.php:23 array (
)
17:37:02-[debug]-/private/var/www/myaf3/app/application/plugins/Auth.php:20 'AuthPlugin::dispatchLoopStartup'
17:37:02-[debug]-/private/var/www/myaf3/app/application/plugins/Auth.php:21 'Admin'
17:37:02-[debug]-/private/var/www/myaf3/app/application/plugins/Auth.php:22 'auth'
17:37:02-[debug]-/private/var/www/myaf3/app/application/plugins/Auth.php:28 '$request: '
17:37:02-[debug]-/private/var/www/myaf3/app/application/plugins/Auth.php:29 Yaf_Request_Http::__set_state(array(
   'module' => 'Admin',
   'controller' => 'Index',
   'action' => 'auth',
   'method' => 'POST',
   'params' => 
  array (
  ),
   'language' => NULL,
   '_exception' => NULL,
   '_base_uri' => '',
   'uri' => '/admin/index/auth',
   'dispatched' => false,
   'routed' => true,
))
17:37:02-[debug]-/private/var/www/myaf3/app/application/plugins/Auth.php:30 '$isLogin: '
17:37:02-[debug]-/private/var/www/myaf3/app/application/plugins/Auth.php:31 false
17:37:02-[debug]-/private/var/www/myaf3/app/application/modules/Admin/controllers/Index.php:38 'hui.liu@mojichina.com'
17:37:02-[debug]-/private/var/www/myaf3/app/application/modules/Admin/controllers/Index.php:39 '74b87337454200d4d33f80c4663dc5e5'
17:37:02-[debug]-/private/var/www/myaf3/app/application/models/Admin/Index.php:23 array (
)
17:37:17-[debug]-/private/var/www/myaf3/app/application/plugins/Auth.php:20 'AuthPlugin::dispatchLoopStartup'
17:37:17-[debug]-/private/var/www/myaf3/app/application/plugins/Auth.php:21 'Admin'
17:37:17-[debug]-/private/var/www/myaf3/app/application/plugins/Auth.php:22 'login'
17:37:24-[debug]-/private/var/www/myaf3/app/application/plugins/Auth.php:20 'AuthPlugin::dispatchLoopStartup'
17:37:24-[debug]-/private/var/www/myaf3/app/application/plugins/Auth.php:21 'Admin'
17:37:24-[debug]-/private/var/www/myaf3/app/application/plugins/Auth.php:22 'auth'
17:37:24-[debug]-/private/var/www/myaf3/app/application/plugins/Auth.php:28 '$request: '
17:37:24-[debug]-/private/var/www/myaf3/app/application/plugins/Auth.php:29 Yaf_Request_Http::__set_state(array(
   'module' => 'Admin',
   'controller' => 'Index',
   'action' => 'auth',
   'method' => 'POST',
   'params' => 
  array (
  ),
   'language' => NULL,
   '_exception' => NULL,
   '_base_uri' => '',
   'uri' => '/admin/index/auth',
   'dispatched' => false,
   'routed' => true,
))
17:37:24-[debug]-/private/var/www/myaf3/app/application/plugins/Auth.php:30 '$isLogin: '
17:37:24-[debug]-/private/var/www/myaf3/app/application/plugins/Auth.php:31 false
17:37:24-[debug]-/private/var/www/myaf3/app/application/modules/Admin/controllers/Index.php:38 'admin'
17:37:24-[debug]-/private/var/www/myaf3/app/application/modules/Admin/controllers/Index.php:39 '21232f297a57a5a743894a0e4a801fc3'
17:37:24-[debug]-/private/var/www/myaf3/app/application/models/Admin/Index.php:23 array (
  0 => '1',
)
17:38:14-[debug]-/private/var/www/myaf3/app/application/plugins/Auth.php:20 'AuthPlugin::dispatchLoopStartup'
17:38:14-[debug]-/private/var/www/myaf3/app/application/plugins/Auth.php:21 'Admin'
17:38:14-[debug]-/private/var/www/myaf3/app/application/plugins/Auth.php:22 'auth'
17:38:14-[debug]-/private/var/www/myaf3/app/application/plugins/Auth.php:28 '$request: '
17:38:14-[debug]-/private/var/www/myaf3/app/application/plugins/Auth.php:29 Yaf_Request_Http::__set_state(array(
   'module' => 'Admin',
   'controller' => 'Index',
   'action' => 'auth',
   'method' => 'POST',
   'params' => 
  array (
  ),
   'language' => NULL,
   '_exception' => NULL,
   '_base_uri' => '',
   'uri' => '/admin/index/auth',
   'dispatched' => false,
   'routed' => true,
))
17:38:14-[debug]-/private/var/www/myaf3/app/application/plugins/Auth.php:30 '$isLogin: '
17:38:14-[debug]-/private/var/www/myaf3/app/application/plugins/Auth.php:31 false
17:38:14-[debug]-/private/var/www/myaf3/app/application/modules/Admin/controllers/Index.php:38 'admin'
17:38:14-[debug]-/private/var/www/myaf3/app/application/modules/Admin/controllers/Index.php:39 '21232f297a57a5a743894a0e4a801fc3'
17:38:14-[debug]-/private/var/www/myaf3/app/application/models/Admin/Index.php:24 array (
  0 => '1',
)
17:40:05-[debug]-/private/var/www/myaf3/app/application/plugins/Auth.php:20 'AuthPlugin::dispatchLoopStartup'
17:40:05-[debug]-/private/var/www/myaf3/app/application/plugins/Auth.php:21 'Admin'
17:40:05-[debug]-/private/var/www/myaf3/app/application/plugins/Auth.php:22 'auth'
17:40:05-[debug]-/private/var/www/myaf3/app/application/plugins/Auth.php:28 '$request: '
17:40:05-[debug]-/private/var/www/myaf3/app/application/plugins/Auth.php:29 Yaf_Request_Http::__set_state(array(
   'module' => 'Admin',
   'controller' => 'Index',
   'action' => 'auth',
   'method' => 'POST',
   'params' => 
  array (
  ),
   'language' => NULL,
   '_exception' => NULL,
   '_base_uri' => '',
   'uri' => '/admin/index/auth',
   'dispatched' => false,
   'routed' => true,
))
17:40:05-[debug]-/private/var/www/myaf3/app/application/plugins/Auth.php:30 '$isLogin: '
17:40:05-[debug]-/private/var/www/myaf3/app/application/plugins/Auth.php:31 false
17:40:05-[debug]-/private/var/www/myaf3/app/application/modules/Admin/controllers/Index.php:38 'admin'
17:40:05-[debug]-/private/var/www/myaf3/app/application/modules/Admin/controllers/Index.php:39 '21232f297a57a5a743894a0e4a801fc3'
17:40:05-[debug]-/private/var/www/myaf3/app/application/models/Admin/Index.php:24 array (
  'id' => '1',
  'name' => 'admin',
  'pass' => '21232f297a57a5a743894a0e4a801fc3',
  'roleid' => '1',
)
17:44:36-[debug]-/private/var/www/myaf3/app/application/plugins/Auth.php:20 'AuthPlugin::dispatchLoopStartup'
17:44:36-[debug]-/private/var/www/myaf3/app/application/plugins/Auth.php:21 'Admin'
17:44:36-[debug]-/private/var/www/myaf3/app/application/plugins/Auth.php:22 'auth'
17:44:36-[debug]-/private/var/www/myaf3/app/application/plugins/Auth.php:28 '$request: '
17:44:36-[debug]-/private/var/www/myaf3/app/application/plugins/Auth.php:29 Yaf_Request_Http::__set_state(array(
   'module' => 'Admin',
   'controller' => 'Index',
   'action' => 'auth',
   'method' => 'POST',
   'params' => 
  array (
  ),
   'language' => NULL,
   '_exception' => NULL,
   '_base_uri' => '',
   'uri' => '/admin/index/auth',
   'dispatched' => false,
   'routed' => true,
))
17:44:36-[debug]-/private/var/www/myaf3/app/application/plugins/Auth.php:30 '$isLogin: '
17:44:36-[debug]-/private/var/www/myaf3/app/application/plugins/Auth.php:31 false
17:44:36-[debug]-/private/var/www/myaf3/app/application/modules/Admin/controllers/Index.php:38 'admin'
17:44:36-[debug]-/private/var/www/myaf3/app/application/modules/Admin/controllers/Index.php:39 '21232f297a57a5a743894a0e4a801fc3'
17:44:36-[debug]-/private/var/www/myaf3/app/application/models/Admin/Index.php:24 false
17:50:22-[debug]-/private/var/www/myaf3/app/application/plugins/Auth.php:20 'AuthPlugin::dispatchLoopStartup'
17:50:22-[debug]-/private/var/www/myaf3/app/application/plugins/Auth.php:21 'Admin'
17:50:22-[debug]-/private/var/www/myaf3/app/application/plugins/Auth.php:22 'auth'
17:50:22-[debug]-/private/var/www/myaf3/app/application/plugins/Auth.php:28 '$request: '
17:50:22-[debug]-/private/var/www/myaf3/app/application/plugins/Auth.php:29 Yaf_Request_Http::__set_state(array(
   'module' => 'Admin',
   'controller' => 'Index',
   'action' => 'auth',
   'method' => 'POST',
   'params' => 
  array (
  ),
   'language' => NULL,
   '_exception' => NULL,
   '_base_uri' => '',
   'uri' => '/admin/index/auth',
   'dispatched' => false,
   'routed' => true,
))
17:50:22-[debug]-/private/var/www/myaf3/app/application/plugins/Auth.php:30 '$isLogin: '
17:50:22-[debug]-/private/var/www/myaf3/app/application/plugins/Auth.php:31 false
17:50:22-[debug]-/private/var/www/myaf3/app/application/modules/Admin/controllers/Index.php:38 'admin'
17:50:22-[debug]-/private/var/www/myaf3/app/application/modules/Admin/controllers/Index.php:39 '21232f297a57a5a743894a0e4a801fc3'
17:50:22-[debug]-/private/var/www/myaf3/app/application/models/Admin/Index.php:24 array (
  'id' => '1',
  'name' => 'admin',
  'pass' => '21232f297a57a5a743894a0e4a801fc3',
  'roleid' => '1',
)
17:54:47-[debug]-/private/var/www/myaf3/app/application/plugins/Auth.php:20 'AuthPlugin::dispatchLoopStartup'
17:54:47-[debug]-/private/var/www/myaf3/app/application/plugins/Auth.php:21 'Admin'
17:54:47-[debug]-/private/var/www/myaf3/app/application/plugins/Auth.php:22 'auth'
17:54:47-[debug]-/private/var/www/myaf3/app/application/plugins/Auth.php:28 '$request: '
17:54:47-[debug]-/private/var/www/myaf3/app/application/plugins/Auth.php:29 Yaf_Request_Http::__set_state(array(
   'module' => 'Admin',
   'controller' => 'Index',
   'action' => 'auth',
   'method' => 'POST',
   'params' => 
  array (
  ),
   'language' => NULL,
   '_exception' => NULL,
   '_base_uri' => '',
   'uri' => '/admin/index/auth',
   'dispatched' => false,
   'routed' => true,
))
17:54:47-[debug]-/private/var/www/myaf3/app/application/plugins/Auth.php:30 '$isLogin: '
17:54:47-[debug]-/private/var/www/myaf3/app/application/plugins/Auth.php:31 false
17:54:47-[debug]-/private/var/www/myaf3/app/application/modules/Admin/controllers/Index.php:38 'admin'
17:54:47-[debug]-/private/var/www/myaf3/app/application/modules/Admin/controllers/Index.php:39 '21232f297a57a5a743894a0e4a801fc3'
17:54:47-[debug]-/private/var/www/myaf3/app/application/models/Admin/Index.php:24 array (
  'id' => '1',
)
17:58:21-[debug]-/private/var/www/myaf3/app/application/plugins/Auth.php:20 'AuthPlugin::dispatchLoopStartup'
17:58:21-[debug]-/private/var/www/myaf3/app/application/plugins/Auth.php:21 'Admin'
17:58:21-[debug]-/private/var/www/myaf3/app/application/plugins/Auth.php:22 'auth'
17:58:21-[debug]-/private/var/www/myaf3/app/application/plugins/Auth.php:28 '$request: '
17:58:21-[debug]-/private/var/www/myaf3/app/application/plugins/Auth.php:29 Yaf_Request_Http::__set_state(array(
   'module' => 'Admin',
   'controller' => 'Index',
   'action' => 'auth',
   'method' => 'POST',
   'params' => 
  array (
  ),
   'language' => NULL,
   '_exception' => NULL,
   '_base_uri' => '',
   'uri' => '/admin/index/auth',
   'dispatched' => false,
   'routed' => true,
))
17:58:21-[debug]-/private/var/www/myaf3/app/application/plugins/Auth.php:30 '$isLogin: '
17:58:21-[debug]-/private/var/www/myaf3/app/application/plugins/Auth.php:31 false
17:58:21-[debug]-/private/var/www/myaf3/app/application/modules/Admin/controllers/Index.php:43 'user: admin'
17:58:21-[debug]-/private/var/www/myaf3/app/application/modules/Admin/controllers/Index.php:44 'pass: 21232f297a57a5a743894a0e4a801fc3'
17:58:21-[debug]-/private/var/www/myaf3/app/application/modules/Admin/controllers/Index.php:45 '是否登陆: '
17:58:39-[debug]-/private/var/www/myaf3/app/application/plugins/Auth.php:20 'AuthPlugin::dispatchLoopStartup'
17:58:39-[debug]-/private/var/www/myaf3/app/application/plugins/Auth.php:21 'Admin'
17:58:39-[debug]-/private/var/www/myaf3/app/application/plugins/Auth.php:22 'auth'
17:58:39-[debug]-/private/var/www/myaf3/app/application/plugins/Auth.php:28 '$request: '
17:58:39-[debug]-/private/var/www/myaf3/app/application/plugins/Auth.php:29 Yaf_Request_Http::__set_state(array(
   'module' => 'Admin',
   'controller' => 'Index',
   'action' => 'auth',
   'method' => 'POST',
   'params' => 
  array (
  ),
   'language' => NULL,
   '_exception' => NULL,
   '_base_uri' => '',
   'uri' => '/admin/index/auth',
   'dispatched' => false,
   'routed' => true,
))
17:58:39-[debug]-/private/var/www/myaf3/app/application/plugins/Auth.php:30 '$isLogin: '
17:58:39-[debug]-/private/var/www/myaf3/app/application/plugins/Auth.php:31 false
17:58:39-[debug]-/private/var/www/myaf3/app/application/modules/Admin/controllers/Index.php:43 'user: admin'
17:58:39-[debug]-/private/var/www/myaf3/app/application/modules/Admin/controllers/Index.php:44 'pass: 21232f297a57a5a743894a0e4a801fc3'
17:58:39-[debug]-/private/var/www/myaf3/app/application/modules/Admin/controllers/Index.php:45 NULL
17:59:09-[debug]-/private/var/www/myaf3/app/application/plugins/Auth.php:20 'AuthPlugin::dispatchLoopStartup'
17:59:09-[debug]-/private/var/www/myaf3/app/application/plugins/Auth.php:21 'Admin'
17:59:09-[debug]-/private/var/www/myaf3/app/application/plugins/Auth.php:22 'auth'
17:59:09-[debug]-/private/var/www/myaf3/app/application/plugins/Auth.php:28 '$request: '
17:59:09-[debug]-/private/var/www/myaf3/app/application/plugins/Auth.php:29 Yaf_Request_Http::__set_state(array(
   'module' => 'Admin',
   'controller' => 'Index',
   'action' => 'auth',
   'method' => 'POST',
   'params' => 
  array (
  ),
   'language' => NULL,
   '_exception' => NULL,
   '_base_uri' => '',
   'uri' => '/admin/index/auth',
   'dispatched' => false,
   'routed' => true,
))
17:59:09-[debug]-/private/var/www/myaf3/app/application/plugins/Auth.php:30 '$isLogin: '
17:59:09-[debug]-/private/var/www/myaf3/app/application/plugins/Auth.php:31 false
17:59:09-[debug]-/private/var/www/myaf3/app/application/modules/Admin/controllers/Index.php:45 'user: admin'
17:59:09-[debug]-/private/var/www/myaf3/app/application/modules/Admin/controllers/Index.php:46 'pass: 21232f297a57a5a743894a0e4a801fc3'
17:59:09-[debug]-/private/var/www/myaf3/app/application/modules/Admin/controllers/Index.php:47 true
17:59:32-[debug]-/private/var/www/myaf3/app/application/plugins/Auth.php:20 'AuthPlugin::dispatchLoopStartup'
17:59:32-[debug]-/private/var/www/myaf3/app/application/plugins/Auth.php:21 'Admin'
17:59:32-[debug]-/private/var/www/myaf3/app/application/plugins/Auth.php:22 'auth'
17:59:32-[debug]-/private/var/www/myaf3/app/application/plugins/Auth.php:28 '$request: '
17:59:32-[debug]-/private/var/www/myaf3/app/application/plugins/Auth.php:29 Yaf_Request_Http::__set_state(array(
   'module' => 'Admin',
   'controller' => 'Index',
   'action' => 'auth',
   'method' => 'POST',
   'params' => 
  array (
  ),
   'language' => NULL,
   '_exception' => NULL,
   '_base_uri' => '',
   'uri' => '/admin/index/auth',
   'dispatched' => false,
   'routed' => true,
))
17:59:32-[debug]-/private/var/www/myaf3/app/application/plugins/Auth.php:30 '$isLogin: '
17:59:32-[debug]-/private/var/www/myaf3/app/application/plugins/Auth.php:31 false
17:59:32-[debug]-/private/var/www/myaf3/app/application/modules/Admin/controllers/Index.php:45 'user: admin'
17:59:32-[debug]-/private/var/www/myaf3/app/application/modules/Admin/controllers/Index.php:46 'pass: 21232f297a57a5a743894a0e4a801fc3'
17:59:32-[debug]-/private/var/www/myaf3/app/application/modules/Admin/controllers/Index.php:47 '是否登陆: 1'
