<?php exit;?>04-02 14:18:34 | code: 516 | msg: 
exception 'Yaf_Exception_LoadFailed_Controller' with message 'Failed opening controller script /private/var/www/myaf3/app/application/modules/Admin/controllers/Admin.php: No such file or directory' in /private/var/www/myaf3/app/public/index_dev.php:39
Stack trace:
#0 /private/var/www/myaf3/app/public/index_dev.php(39): Yaf_Application->run()
#1 {main}
<?php exit;?>04-02 17:22:06 | code: 516 | msg: 
exception 'Yaf_Exception_LoadFailed_Controller' with message 'Failed opening controller script /private/var/www/myaf3/app/application/controllers/Favicon.ico.php: No such file or directory' in /private/var/www/myaf3/app/public/index_dev.php:39
Stack trace:
#0 /private/var/www/myaf3/app/public/index_dev.php(39): Yaf_Application->run()
#1 {main}
<?php exit;?>04-02 18:00:30 | code: 516 | msg: 
exception 'Yaf_Exception_LoadFailed_Controller' with message 'Failed opening controller script /private/var/www/myaf3/app/application/modules/Admin/controllers/Main.php: No such file or directory' in /private/var/www/myaf3/app/public/index_dev.php:39
Stack trace:
#0 /private/var/www/myaf3/app/public/index_dev.php(39): Yaf_Application->run()
#1 {main}
<?php exit;?>04-02 18:02:17 | code: 518 | msg: 
exception 'Yaf_Exception_LoadFailed_View' with message 'Failed opening template /private/var/www/myaf3/app/application/views/phtmls//main/Admin/main.phtml.phtml: No such file or directory' in /private/var/www/myaf3/app/application/library/layout.php:274
Stack trace:
#0 /private/var/www/myaf3/app/application/library/layout.php(274): Yaf_View_Simple->render('main/Admin/main...', Array)
#1 /private/var/www/myaf3/app/application/library/layout.php(308): layout->render('main/Admin/main...', Array)
#2 [internal function]: layout->display('main/Admin/main...', Array)
#3 /private/var/www/myaf3/app/application/modules/Admin/controllers/Main.php(6): Yaf_Controller_Abstract->display('Admin/main.phtm...', Array)
#4 [internal function]: MainController->mainAction()
#5 /private/var/www/myaf3/app/public/index_dev.php(39): Yaf_Application->run()
#6 {main}
<?php exit;?>04-02 18:02:20 | code: 518 | msg: 
exception 'Yaf_Exception_LoadFailed_View' with message 'Failed opening template /private/var/www/myaf3/app/application/views/phtmls//main/Admin/main.phtml.phtml: No such file or directory' in /private/var/www/myaf3/app/application/library/layout.php:274
Stack trace:
#0 /private/var/www/myaf3/app/application/library/layout.php(274): Yaf_View_Simple->render('main/Admin/main...', Array)
#1 /private/var/www/myaf3/app/application/library/layout.php(308): layout->render('main/Admin/main...', Array)
#2 [internal function]: layout->display('main/Admin/main...', Array)
#3 /private/var/www/myaf3/app/application/modules/Admin/controllers/Main.php(6): Yaf_Controller_Abstract->display('Admin/main.phtm...', Array)
#4 [internal function]: MainController->mainAction()
#5 /private/var/www/myaf3/app/public/index_dev.php(39): Yaf_Application->run()
#6 {main}
<?php exit;?>04-02 18:05:18 | code: 0 | msg: 
exception 'BadMethodCallException' with message 'BadMethodCallException, called method getViewScript not exsits!' in /private/var/www/myaf3/app/application/controllers/Base.php:37
Stack trace:
#0 /private/var/www/myaf3/app/application/modules/Admin/controllers/Main.php(4): BaseController->__call('getViewScript', Array)
#1 /private/var/www/myaf3/app/application/modules/Admin/controllers/Main.php(4): MainController->getViewScript()
#2 /private/var/www/myaf3/app/application/controllers/Base.php(24): MainController->doInit()
#3 [internal function]: BaseController->init()
#4 /private/var/www/myaf3/app/public/index_dev.php(39): Yaf_Application->run()
#5 {main}
<?php exit;?>04-02 18:05:38 | code: 518 | msg: 
exception 'Yaf_Exception_LoadFailed_View' with message 'Failed opening template /private/var/www/myaf3/app/application/views/phtmls//main/Admin/main.phtml.phtml: No such file or directory' in /private/var/www/myaf3/app/application/library/layout.php:274
Stack trace:
#0 /private/var/www/myaf3/app/application/library/layout.php(274): Yaf_View_Simple->render('main/Admin/main...', Array)
#1 /private/var/www/myaf3/app/application/library/layout.php(308): layout->render('main/Admin/main...', Array)
#2 [internal function]: layout->display('main/Admin/main...', Array)
#3 /private/var/www/myaf3/app/application/modules/Admin/controllers/Main.php(8): Yaf_Controller_Abstract->display('Admin/main.phtm...', Array)
#4 [internal function]: MainController->mainAction()
#5 /private/var/www/myaf3/app/public/index_dev.php(39): Yaf_Application->run()
#6 {main}
<?php exit;?>04-02 18:10:29 | code: 0 | msg: 
exception 'Exception' with message 'Invalid path: Admin' in /private/var/www/myaf3/app/application/library/layout.php:130
Stack trace:
#0 /private/var/www/myaf3/app/application/modules/Admin/controllers/Main.php(4): layout->setScriptPath('Admin')
#1 /private/var/www/myaf3/app/application/controllers/Base.php(24): MainController->doInit()
#2 [internal function]: BaseController->init()
#3 /private/var/www/myaf3/app/public/index_dev.php(39): Yaf_Application->run()
#4 {main}
<?php exit;?>04-02 18:10:39 | code: 0 | msg: 
exception 'Exception' with message 'Invalid path: Admin' in /private/var/www/myaf3/app/application/library/layout.php:130
Stack trace:
#0 /private/var/www/myaf3/app/application/modules/Admin/controllers/Main.php(4): layout->setScriptPath('Admin')
#1 /private/var/www/myaf3/app/application/controllers/Base.php(24): MainController->doInit()
#2 [internal function]: BaseController->init()
#3 /private/var/www/myaf3/app/public/index_dev.php(39): Yaf_Application->run()
#4 {main}
<?php exit;?>04-02 18:11:29 | code: 518 | msg: 
exception 'Yaf_Exception_LoadFailed_View' with message 'Failed opening template /private/var/www/myaf3/app/application/views/phtmls//main/Admin/main.phtml.phtml: No such file or directory' in /private/var/www/myaf3/app/application/library/layout.php:274
Stack trace:
#0 /private/var/www/myaf3/app/application/library/layout.php(274): Yaf_View_Simple->render('main/Admin/main...', Array)
#1 /private/var/www/myaf3/app/application/library/layout.php(308): layout->render('main/Admin/main...', Array)
#2 [internal function]: layout->display('main/Admin/main...', Array)
#3 /private/var/www/myaf3/app/application/modules/Admin/controllers/Main.php(8): Yaf_Controller_Abstract->display('Admin/main.phtm...', Array)
#4 [internal function]: MainController->mainAction()
#5 /private/var/www/myaf3/app/public/index_dev.php(39): Yaf_Application->run()
#6 {main}
<?php exit;?>04-02 18:11:31 | code: 518 | msg: 
exception 'Yaf_Exception_LoadFailed_View' with message 'Failed opening template /private/var/www/myaf3/app/application/views/phtmls//main/Admin/main.phtml.phtml: No such file or directory' in /private/var/www/myaf3/app/application/library/layout.php:274
Stack trace:
#0 /private/var/www/myaf3/app/application/library/layout.php(274): Yaf_View_Simple->render('main/Admin/main...', Array)
#1 /private/var/www/myaf3/app/application/library/layout.php(308): layout->render('main/Admin/main...', Array)
#2 [internal function]: layout->display('main/Admin/main...', Array)
#3 /private/var/www/myaf3/app/application/modules/Admin/controllers/Main.php(8): Yaf_Controller_Abstract->display('Admin/main.phtm...', Array)
#4 [internal function]: MainController->mainAction()
#5 /private/var/www/myaf3/app/public/index_dev.php(39): Yaf_Application->run()
#6 {main}
<?php exit;?>04-02 18:11:48 | code: 518 | msg: 
exception 'Yaf_Exception_LoadFailed_View' with message 'Failed opening template /private/var/www/myaf3/app/application/views/phtmls//main/Admin/main.phtml.phtml: No such file or directory' in /private/var/www/myaf3/app/application/library/layout.php:274
Stack trace:
#0 /private/var/www/myaf3/app/application/library/layout.php(274): Yaf_View_Simple->render('main/Admin/main...', Array)
#1 /private/var/www/myaf3/app/application/library/layout.php(308): layout->render('main/Admin/main...', Array)
#2 [internal function]: layout->display('main/Admin/main...', Array)
#3 /private/var/www/myaf3/app/application/modules/Admin/controllers/Main.php(8): Yaf_Controller_Abstract->display('Admin/main.phtm...', Array)
#4 [internal function]: MainController->mainAction()
#5 /private/var/www/myaf3/app/public/index_dev.php(39): Yaf_Application->run()
#6 {main}
<?php exit;?>04-02 18:14:34 | code: 518 | msg: 
exception 'Yaf_Exception_LoadFailed_View' with message 'Failed opening template /private/var/www/myaf3/app/application/views/phtmls//main/Admin/main.phtml.phtml: No such file or directory' in /private/var/www/myaf3/app/application/library/layout.php:274
Stack trace:
#0 /private/var/www/myaf3/app/application/library/layout.php(274): Yaf_View_Simple->render('main/Admin/main...', Array)
#1 /private/var/www/myaf3/app/application/library/layout.php(308): layout->render('main/Admin/main...', Array)
#2 [internal function]: layout->display('main/Admin/main...', Array)
#3 /private/var/www/myaf3/app/application/modules/Admin/controllers/Main.php(8): Yaf_Controller_Abstract->display('Admin/main.phtm...', Array)
#4 [internal function]: MainController->mainAction()
#5 /private/var/www/myaf3/app/public/index_dev.php(39): Yaf_Application->run()
#6 {main}
<?php exit;?>04-02 18:15:06 | code: 518 | msg: 
exception 'Yaf_Exception_LoadFailed_View' with message 'Failed opening template /private/var/www/myaf3/app/application/views/phtmls//main/Admin/main.phtml.phtml: No such file or directory' in /private/var/www/myaf3/app/application/library/layout.php:274
Stack trace:
#0 /private/var/www/myaf3/app/application/library/layout.php(274): Yaf_View_Simple->render('main/Admin/main...', Array)
#1 /private/var/www/myaf3/app/application/library/layout.php(308): layout->render('main/Admin/main...', Array)
#2 [internal function]: layout->display('main/Admin/main...', Array)
#3 /private/var/www/myaf3/app/application/modules/Admin/controllers/Main.php(8): Yaf_Controller_Abstract->display('Admin/main.phtm...', Array)
#4 [internal function]: MainController->mainAction()
#5 /private/var/www/myaf3/app/public/index_dev.php(39): Yaf_Application->run()
#6 {main}
<?php exit;?>04-02 18:15:39 | code: 518 | msg: 
exception 'Yaf_Exception_LoadFailed_View' with message 'Failed opening template /private/var/www/myaf3/app/application/views/phtmls//main/Admin/main.phtml.phtml: No such file or directory' in /private/var/www/myaf3/app/application/library/layout.php:274
Stack trace:
#0 /private/var/www/myaf3/app/application/library/layout.php(274): Yaf_View_Simple->render('main/Admin/main...', Array)
#1 /private/var/www/myaf3/app/application/library/layout.php(308): layout->render('main/Admin/main...', Array)
#2 [internal function]: layout->display('main/Admin/main...', Array)
#3 /private/var/www/myaf3/app/application/modules/Admin/controllers/Main.php(8): Yaf_Controller_Abstract->display('Admin/main.phtm...', Array)
#4 [internal function]: MainController->mainAction()
#5 /private/var/www/myaf3/app/public/index_dev.php(39): Yaf_Application->run()
#6 {main}
<?php exit;?>04-02 18:16:03 | code: 518 | msg: 
exception 'Yaf_Exception_LoadFailed_View' with message 'Failed opening template /private/var/www/myaf3/app/application/views/phtmls//main/main.phtml.phtml: No such file or directory' in /private/var/www/myaf3/app/application/library/layout.php:274
Stack trace:
#0 /private/var/www/myaf3/app/application/library/layout.php(274): Yaf_View_Simple->render('main/main.phtml...', Array)
#1 /private/var/www/myaf3/app/application/library/layout.php(308): layout->render('main/main.phtml...', Array)
#2 [internal function]: layout->display('main/main.phtml...', Array)
#3 /private/var/www/myaf3/app/application/modules/Admin/controllers/Main.php(8): Yaf_Controller_Abstract->display('main.phtml', Array)
#4 [internal function]: MainController->mainAction()
#5 /private/var/www/myaf3/app/public/index_dev.php(39): Yaf_Application->run()
#6 {main}
<?php exit;?>04-02 18:17:05 | code: 518 | msg: 
exception 'Yaf_Exception_LoadFailed_View' with message 'Failed opening template /private/var/www/myaf3/app/application/views/phtmls//main/main.phtml.phtml: No such file or directory' in /private/var/www/myaf3/app/application/library/layout.php:274
Stack trace:
#0 /private/var/www/myaf3/app/application/library/layout.php(274): Yaf_View_Simple->render('main/main.phtml...', Array)
#1 /private/var/www/myaf3/app/application/library/layout.php(308): layout->render('main/main.phtml...', Array)
#2 [internal function]: layout->display('main/main.phtml...', Array)
#3 /private/var/www/myaf3/app/application/modules/Admin/controllers/Main.php(8): Yaf_Controller_Abstract->display('main.phtml', Array)
#4 [internal function]: MainController->mainAction()
#5 /private/var/www/myaf3/app/public/index_dev.php(39): Yaf_Application->run()
#6 {main}
<?php exit;?>04-02 18:19:14 | code: 0 | msg: 
exception 'BadMethodCallException' with message 'BadMethodCallException, called method setLayout not exsits!' in /private/var/www/myaf3/app/application/controllers/Base.php:37
Stack trace:
#0 /private/var/www/myaf3/app/application/modules/Admin/controllers/Main.php(4): BaseController->__call('setLayout', Array)
#1 /private/var/www/myaf3/app/application/modules/Admin/controllers/Main.php(4): MainController->setLayout('Admin')
#2 /private/var/www/myaf3/app/application/controllers/Base.php(24): MainController->doInit()
#3 [internal function]: BaseController->init()
#4 /private/var/www/myaf3/app/public/index_dev.php(39): Yaf_Application->run()
#5 {main}
<?php exit;?>04-02 18:19:24 | code: 518 | msg: 
exception 'Yaf_Exception_LoadFailed_View' with message 'Failed opening template /private/var/www/myaf3/app/application/views/phtmls//main/main.phtml.phtml: No such file or directory' in /private/var/www/myaf3/app/application/library/layout.php:274
Stack trace:
#0 /private/var/www/myaf3/app/application/library/layout.php(274): Yaf_View_Simple->render('main/main.phtml...', Array)
#1 /private/var/www/myaf3/app/application/library/layout.php(308): layout->render('main/main.phtml...', Array)
#2 [internal function]: layout->display('main/main.phtml...', Array)
#3 /private/var/www/myaf3/app/application/modules/Admin/controllers/Main.php(8): Yaf_Controller_Abstract->display('main.phtml', Array)
#4 [internal function]: MainController->mainAction()
#5 /private/var/www/myaf3/app/public/index_dev.php(39): Yaf_Application->run()
#6 {main}
<?php exit;?>04-02 18:19:37 | code: 518 | msg: 
exception 'Yaf_Exception_LoadFailed_View' with message 'Failed opening template /private/var/www/myaf3/app/application/views/phtmls//main/main.phtml: No such file or directory' in /private/var/www/myaf3/app/application/library/layout.php:274
Stack trace:
#0 /private/var/www/myaf3/app/application/library/layout.php(274): Yaf_View_Simple->render('main/main.phtml', Array)
#1 /private/var/www/myaf3/app/application/library/layout.php(308): layout->render('main/main.phtml', Array)
#2 [internal function]: layout->display('main/main.phtml', Array)
#3 /private/var/www/myaf3/app/application/modules/Admin/controllers/Main.php(8): Yaf_Controller_Abstract->display('main', Array)
#4 [internal function]: MainController->mainAction()
#5 /private/var/www/myaf3/app/public/index_dev.php(39): Yaf_Application->run()
#6 {main}
<?php exit;?>04-02 18:20:13 | code: 518 | msg: 
exception 'Yaf_Exception_LoadFailed_View' with message 'Failed opening template /private/var/www/myaf3/app/application/views/phtmls//main/main.phtml: No such file or directory' in /private/var/www/myaf3/app/application/library/layout.php:274
Stack trace:
#0 /private/var/www/myaf3/app/application/library/layout.php(274): Yaf_View_Simple->render('main/main.phtml', Array)
#1 /private/var/www/myaf3/app/application/library/layout.php(308): layout->render('main/main.phtml', Array)
#2 [internal function]: layout->display('main/main.phtml', Array)
#3 /private/var/www/myaf3/app/application/modules/Admin/controllers/Main.php(8): Yaf_Controller_Abstract->display('main', Array)
#4 [internal function]: MainController->mainAction()
#5 /private/var/www/myaf3/app/public/index_dev.php(39): Yaf_Application->run()
#6 {main}
<?php exit;?>04-02 18:21:11 | code: 518 | msg: 
exception 'Yaf_Exception_LoadFailed_View' with message 'Failed opening template /private/var/www/myaf3/app/application/views/phtmls//main/main.phtml: No such file or directory' in /private/var/www/myaf3/app/application/library/layout.php:274
Stack trace:
#0 /private/var/www/myaf3/app/application/library/layout.php(274): Yaf_View_Simple->render('main/main.phtml', Array)
#1 /private/var/www/myaf3/app/application/library/layout.php(308): layout->render('main/main.phtml', Array)
#2 [internal function]: layout->display('main/main.phtml', Array)
#3 /private/var/www/myaf3/app/application/modules/Admin/controllers/Main.php(8): Yaf_Controller_Abstract->display('main', Array)
#4 [internal function]: MainController->mainAction()
#5 /private/var/www/myaf3/app/public/index_dev.php(39): Yaf_Application->run()
#6 {main}
<?php exit;?>04-02 18:28:53 | code: 518 | msg: 
exception 'Yaf_Exception_LoadFailed_View' with message 'Failed opening template /private/var/www/myaf3/app/application/views/phtmls//main/main.phtml: No such file or directory' in /private/var/www/myaf3/app/application/library/layout.php:274
Stack trace:
#0 /private/var/www/myaf3/app/application/library/layout.php(274): Yaf_View_Simple->render('main/main.phtml', Array)
#1 /private/var/www/myaf3/app/application/library/layout.php(308): layout->render('main/main.phtml', Array)
#2 [internal function]: layout->display('main/main.phtml', Array)
#3 /private/var/www/myaf3/app/application/modules/Admin/controllers/Main.php(8): Yaf_Controller_Abstract->display('main', Array)
#4 [internal function]: MainController->mainAction()
#5 /private/var/www/myaf3/app/public/index_dev.php(39): Yaf_Application->run()
#6 {main}
<?php exit;?>04-02 18:30:01 | code: 518 | msg: 
exception 'Yaf_Exception_LoadFailed_View' with message 'Failed opening template /private/var/www/myaf3/app/application/views/phtmls//main/main.phtml: No such file or directory' in /private/var/www/myaf3/app/application/library/layout.php:274
Stack trace:
#0 /private/var/www/myaf3/app/application/library/layout.php(274): Yaf_View_Simple->render('main/main.phtml', Array)
#1 /private/var/www/myaf3/app/application/library/layout.php(308): layout->render('main/main.phtml', Array)
#2 [internal function]: layout->display('main/main.phtml', Array)
#3 /private/var/www/myaf3/app/application/modules/Admin/controllers/Main.php(9): Yaf_Controller_Abstract->display('main', Array)
#4 [internal function]: MainController->mainAction()
#5 /private/var/www/myaf3/app/public/index_dev.php(39): Yaf_Application->run()
#6 {main}
<?php exit;?>04-02 18:30:04 | code: 518 | msg: 
exception 'Yaf_Exception_LoadFailed_View' with message 'Failed opening template /private/var/www/myaf3/app/application/views/phtmls//main/main.phtml: No such file or directory' in /private/var/www/myaf3/app/application/library/layout.php:274
Stack trace:
#0 /private/var/www/myaf3/app/application/library/layout.php(274): Yaf_View_Simple->render('main/main.phtml', Array)
#1 /private/var/www/myaf3/app/application/library/layout.php(308): layout->render('main/main.phtml', Array)
#2 [internal function]: layout->display('main/main.phtml', Array)
#3 /private/var/www/myaf3/app/application/modules/Admin/controllers/Main.php(9): Yaf_Controller_Abstract->display('main', Array)
#4 [internal function]: MainController->mainAction()
#5 /private/var/www/myaf3/app/public/index_dev.php(39): Yaf_Application->run()
#6 {main}
<?php exit;?>04-02 18:30:43 | code: 518 | msg: 
exception 'Yaf_Exception_LoadFailed_View' with message 'Failed opening template /private/var/www/myaf3/app/application/views/phtmls//main: No such file or directory' in /private/var/www/myaf3/app/application/library/layout.php:274
Stack trace:
#0 /private/var/www/myaf3/app/application/library/layout.php(274): Yaf_View_Simple->render('main', Array)
#1 /private/var/www/myaf3/app/application/library/layout.php(308): layout->render('main', Array)
#2 /private/var/www/myaf3/app/application/modules/Admin/controllers/Main.php(9): layout->display('main', Array)
#3 [internal function]: MainController->mainAction()
#4 /private/var/www/myaf3/app/public/index_dev.php(39): Yaf_Application->run()
#5 {main}
<?php exit;?>04-02 18:30:56 | code: 518 | msg: 
exception 'Yaf_Exception_LoadFailed_View' with message 'Failed opening template /private/var/www/myaf3/app/application/views/phtmls//main.phtml: No such file or directory' in /private/var/www/myaf3/app/application/library/layout.php:274
Stack trace:
#0 /private/var/www/myaf3/app/application/library/layout.php(274): Yaf_View_Simple->render('main.phtml', Array)
#1 /private/var/www/myaf3/app/application/library/layout.php(308): layout->render('main.phtml', Array)
#2 /private/var/www/myaf3/app/application/modules/Admin/controllers/Main.php(9): layout->display('main.phtml', Array)
#3 [internal function]: MainController->mainAction()
#4 /private/var/www/myaf3/app/public/index_dev.php(39): Yaf_Application->run()
#5 {main}
<?php exit;?>04-02 18:54:54 | code: 516 | msg: 
exception 'Yaf_Exception_LoadFailed_Controller' with message 'Failed opening controller script /private/var/www/myaf3/app/application/modules/Admin/controllers/Articles.php: No such file or directory' in /private/var/www/myaf3/app/public/index_dev.php:39
Stack trace:
#0 /private/var/www/myaf3/app/public/index_dev.php(39): Yaf_Application->run()
#1 {main}
