<?php exit;?>2015-04-02 14:28:22 | code: 2 | msg: Yaf_Loader::autoload(): Failed opening script /private/var/www/myaf3/app/application/models/Index.php: No such file or directory | file: /private/var/www/myaf3/app/application/modules/Admin/controllers/Index.php | line: 43
<?php exit;?>2015-04-02 16:43:29 | code: 2 | msg: Yaf_Loader::autoload(): Failed opening script /private/var/www/myaf3/app/application/models/Index.php: No such file or directory | file: /private/var/www/myaf3/app/application/modules/Admin/controllers/Index.php | line: 42
<?php exit;?>2015-04-02 16:43:49 | code: 2 | msg: Yaf_Loader::autoload(): Failed opening script /private/var/www/myaf3/app/application/models/Index.php: No such file or directory | file: /private/var/www/myaf3/app/application/modules/Admin/controllers/Index.php | line: 42
<?php exit;?>2015-04-02 16:44:33 | code: 2 | msg: Yaf_Loader::autoload(): Failed opening script /private/var/www/myaf3/app/application/models/Index.php: No such file or directory | file: /private/var/www/myaf3/app/application/modules/Admin/controllers/Index.php | line: 42
<?php exit;?>2015-04-02 16:44:50 | code: 2 | msg: Yaf_Loader::autoload(): Failed opening script /private/var/www/myaf3/app/application/models/Index.php: No such file or directory | file: /private/var/www/myaf3/app/application/modules/Admin/controllers/Index.php | line: 42
<?php exit;?>2015-04-02 16:47:16 | code: 2 | msg: Yaf_Loader::autoload(): Failed opening script /private/var/www/myaf3/app/application/models/Index.php: No such file or directory | file: /private/var/www/myaf3/app/application/modules/Admin/controllers/Index.php | line: 42
<?php exit;?>2015-04-02 17:22:06 | code: 2 | msg: Yaf_Loader::autoload(): Failed opening script /private/var/www/myaf3/app/application/models/Index.php: No such file or directory | file: /private/var/www/myaf3/app/application/modules/Admin/controllers/Index.php | line: 42
<?php exit;?>2015-04-02 17:23:17 | code: 2048 | msg: Yaf_Loader::autoload(): Could not find class Admin_IndexModel in /private/var/www/myaf3/app/application/models/Admin/Index.php | file: /private/var/www/myaf3/app/application/modules/Admin/controllers/Index.php | line: 42
<?php exit;?>2015-04-02 17:33:58 | code: 2048 | msg: Yaf_Loader::autoload(): Could not find class Admin_IndexModel in /private/var/www/myaf3/app/application/models/Admin/Index.php | file: /private/var/www/myaf3/app/application/modules/Admin/controllers/Index.php | line: 42
<?php exit;?>2015-04-02 17:33:58 | code: 8 | msg: Undefined variable: path                      | file: /private/var/www/myaf3/app/application/library/initConfig.php | line: 58
<?php exit;?>2015-04-02 17:38:14 | code: 8 | msg: Array to string conversion                    | file: /private/var/www/myaf3/app/application/models/Admin/Index.php | line: 23
<?php exit;?>2015-04-02 17:40:05 | code: 8 | msg: Array to string conversion                    | file: /private/var/www/myaf3/app/application/models/Admin/Index.php | line: 23
<?php exit;?>2015-04-02 17:50:22 | code: 8 | msg: Array to string conversion                    | file: /private/var/www/myaf3/app/application/models/Admin/Index.php | line: 23
<?php exit;?>2015-04-02 17:58:21 | code: 8 | msg: Undefined variable: isAccess                  | file: /private/var/www/myaf3/app/application/modules/Admin/controllers/Index.php | line: 45
<?php exit;?>2015-04-02 17:58:39 | code: 8 | msg: Undefined variable: isAccess                  | file: /private/var/www/myaf3/app/application/modules/Admin/controllers/Index.php | line: 45
<?php exit;?>2015-04-02 18:11:29 | code: 2 | msg: Yaf_Loader::autoload(): Failed opening script /private/var/www/myaf3/app/application/models/Acl.php: No such file or directory | file: /private/var/www/myaf3/app/application/views/phtmls/layouts/Admin.phtml | line: 59
<?php exit;?>2015-04-02 18:11:29 | code: 8 | msg: Undefined variable: path                      | file: /private/var/www/myaf3/app/application/library/initConfig.php | line: 58
<?php exit;?>2015-04-02 18:11:31 | code: 2 | msg: Yaf_Loader::autoload(): Failed opening script /private/var/www/myaf3/app/application/models/Acl.php: No such file or directory | file: /private/var/www/myaf3/app/application/views/phtmls/layouts/Admin.phtml | line: 59
<?php exit;?>2015-04-02 18:11:31 | code: 8 | msg: Undefined variable: path                      | file: /private/var/www/myaf3/app/application/library/initConfig.php | line: 58
<?php exit;?>2015-04-02 18:11:48 | code: 2 | msg: Yaf_Loader::autoload(): Failed opening script /private/var/www/myaf3/app/application/models/Acl.php: No such file or directory | file: /private/var/www/myaf3/app/application/views/phtmls/layouts/Admin.phtml | line: 59
<?php exit;?>2015-04-02 18:11:48 | code: 8 | msg: Undefined variable: path                      | file: /private/var/www/myaf3/app/application/library/initConfig.php | line: 58
<?php exit;?>2015-04-02 18:14:34 | code: 2 | msg: Yaf_Loader::autoload(): Failed opening script /private/var/www/myaf3/app/application/models/Acl.php: No such file or directory | file: /private/var/www/myaf3/app/application/views/phtmls/layouts/Admin.phtml | line: 59
<?php exit;?>2015-04-02 18:14:34 | code: 8 | msg: Undefined variable: path                      | file: /private/var/www/myaf3/app/application/library/initConfig.php | line: 58
<?php exit;?>2015-04-02 18:15:06 | code: 2 | msg: Yaf_Loader::autoload(): Failed opening script /private/var/www/myaf3/app/application/library/LeftBuilder.php: No such file or directory | file: /private/var/www/myaf3/app/application/views/phtmls/Admin/left.phtml | line: 11
<?php exit;?>2015-04-02 18:15:06 | code: 2 | msg: Yaf_Loader::autoload(): Failed opening script /private/var/www/myaf3/app/application/models/Acl.php: No such file or directory | file: /private/var/www/myaf3/app/application/views/builders/LeftBuilder.php | line: 20
<?php exit;?>2015-04-02 18:15:06 | code: 8 | msg: Undefined variable: path                      | file: /private/var/www/myaf3/app/application/library/initConfig.php | line: 58
<?php exit;?>2015-04-02 18:15:39 | code: 2 | msg: Yaf_Loader::autoload(): Failed opening script /private/var/www/myaf3/app/application/library/LeftBuilder.php: No such file or directory | file: /private/var/www/myaf3/app/application/views/phtmls/Admin/left.phtml | line: 11
<?php exit;?>2015-04-02 18:16:03 | code: 2 | msg: Yaf_Loader::autoload(): Failed opening script /private/var/www/myaf3/app/application/library/LeftBuilder.php: No such file or directory | file: /private/var/www/myaf3/app/application/views/phtmls/Admin/left.phtml | line: 11
<?php exit;?>2015-04-02 18:17:05 | code: 2 | msg: Yaf_Loader::autoload(): Failed opening script /private/var/www/myaf3/app/application/library/LeftBuilder.php: No such file or directory | file: /private/var/www/myaf3/app/application/views/phtmls/Admin/left.phtml | line: 11
<?php exit;?>2015-04-02 18:19:24 | code: 2 | msg: Yaf_Loader::autoload(): Failed opening script /private/var/www/myaf3/app/application/library/LeftBuilder.php: No such file or directory | file: /private/var/www/myaf3/app/application/views/phtmls/Admin/left.phtml | line: 11
<?php exit;?>2015-04-02 18:19:37 | code: 2 | msg: Yaf_Loader::autoload(): Failed opening script /private/var/www/myaf3/app/application/library/LeftBuilder.php: No such file or directory | file: /private/var/www/myaf3/app/application/views/phtmls/Admin/left.phtml | line: 11
<?php exit;?>2015-04-02 18:20:13 | code: 2 | msg: Yaf_Loader::autoload(): Failed opening script /private/var/www/myaf3/app/application/library/LeftBuilder.php: No such file or directory | file: /private/var/www/myaf3/app/application/views/phtmls/Admin/left.phtml | line: 11
<?php exit;?>2015-04-02 18:21:11 | code: 2 | msg: Yaf_Loader::autoload(): Failed opening script /private/var/www/myaf3/app/application/library/LeftBuilder.php: No such file or directory | file: /private/var/www/myaf3/app/application/views/phtmls/Admin/left.phtml | line: 11
<?php exit;?>2015-04-02 18:28:53 | code: 2 | msg: Yaf_Loader::autoload(): Failed opening script /private/var/www/myaf3/app/application/library/LeftBuilder.php: No such file or directory | file: /private/var/www/myaf3/app/application/views/phtmls/Admin/left.phtml | line: 11
<?php exit;?>2015-04-02 18:30:01 | code: 2 | msg: Yaf_Loader::autoload(): Failed opening script /private/var/www/myaf3/app/application/library/LeftBuilder.php: No such file or directory | file: /private/var/www/myaf3/app/application/views/phtmls/Admin/left.phtml | line: 11
<?php exit;?>2015-04-02 18:30:04 | code: 2 | msg: Yaf_Loader::autoload(): Failed opening script /private/var/www/myaf3/app/application/library/LeftBuilder.php: No such file or directory | file: /private/var/www/myaf3/app/application/views/phtmls/Admin/left.phtml | line: 11
<?php exit;?>2015-04-02 18:30:43 | code: 2 | msg: Yaf_Loader::autoload(): Failed opening script /private/var/www/myaf3/app/application/library/LeftBuilder.php: No such file or directory | file: /private/var/www/myaf3/app/application/views/phtmls/Admin/left.phtml | line: 11
<?php exit;?>2015-04-02 18:30:56 | code: 2 | msg: Yaf_Loader::autoload(): Failed opening script /private/var/www/myaf3/app/application/library/LeftBuilder.php: No such file or directory | file: /private/var/www/myaf3/app/application/views/phtmls/Admin/left.phtml | line: 11
<?php exit;?>2015-04-02 18:31:05 | code: 2 | msg: Yaf_Loader::autoload(): Failed opening script /private/var/www/myaf3/app/application/library/LeftBuilder.php: No such file or directory | file: /private/var/www/myaf3/app/application/views/phtmls/Admin/left.phtml | line: 11
<?php exit;?>2015-04-02 18:54:42 | code: 2 | msg: Yaf_Loader::autoload(): Failed opening script /private/var/www/myaf3/app/application/library/LeftBuilder.php: No such file or directory | file: /private/var/www/myaf3/app/application/views/phtmls/Admin/left.phtml | line: 11
<?php exit;?>2015-04-02 18:54:56 | code: 2 | msg: Yaf_Loader::autoload(): Failed opening script /private/var/www/myaf3/app/application/library/LeftBuilder.php: No such file or directory | file: /private/var/www/myaf3/app/application/views/phtmls/Admin/left.phtml | line: 11
<?php exit;?>2015-04-02 19:08:39 | code: 2 | msg: Yaf_Loader::autoload(): Failed opening script /private/var/www/myaf3/app/application/library/LeftBuilder.php: No such file or directory | file: /private/var/www/myaf3/app/application/views/phtmls/Admin/left.phtml | line: 11
<?php exit;?>2015-04-02 19:10:53 | code: 2 | msg: Yaf_Loader::autoload(): Failed opening script /private/var/www/myaf3/app/application/library/LeftBuilder.php: No such file or directory | file: /private/var/www/myaf3/app/application/views/phtmls/Admin/left.phtml | line: 11
