22:13:46-[debug]-/private/var/www/myaf3/app/application/plugins/Auth.php:20 'AuthPlugin::dispatchLoopStartup'
22:13:46-[debug]-/private/var/www/myaf3/app/application/plugins/Auth.php:21 'Admin'
22:13:46-[debug]-/private/var/www/myaf3/app/application/plugins/Auth.php:22 'main'
22:13:46-[debug]-/private/var/www/myaf3/app/application/plugins/Auth.php:28 '$request: '
22:13:46-[debug]-/private/var/www/myaf3/app/application/plugins/Auth.php:29 Yaf_Request_Http::__set_state(array(
   'module' => 'Admin',
   'controller' => 'Main',
   'action' => 'main',
   'method' => 'GET',
   'params' => 
  array (
  ),
   'language' => NULL,
   '_exception' => NULL,
   '_base_uri' => '',
   'uri' => '/admin/main/main',
   'dispatched' => false,
   'routed' => true,
))
22:13:46-[debug]-/private/var/www/myaf3/app/application/plugins/Auth.php:30 '$isLogin: '
22:13:46-[debug]-/private/var/www/myaf3/app/application/plugins/Auth.php:31 true
22:14:28-[debug]-/private/var/www/myaf3/app/application/plugins/Auth.php:20 'AuthPlugin::dispatchLoopStartup'
22:14:28-[debug]-/private/var/www/myaf3/app/application/plugins/Auth.php:21 'Admin'
22:14:28-[debug]-/private/var/www/myaf3/app/application/plugins/Auth.php:22 'main'
22:14:28-[debug]-/private/var/www/myaf3/app/application/plugins/Auth.php:28 '$request: '
22:14:28-[debug]-/private/var/www/myaf3/app/application/plugins/Auth.php:29 Yaf_Request_Http::__set_state(array(
   'module' => 'Admin',
   'controller' => 'Main',
   'action' => 'main',
   'method' => 'GET',
   'params' => 
  array (
  ),
   'language' => NULL,
   '_exception' => NULL,
   '_base_uri' => '',
   'uri' => '/admin/main/main',
   'dispatched' => false,
   'routed' => true,
))
22:14:28-[debug]-/private/var/www/myaf3/app/application/plugins/Auth.php:30 '$isLogin: '
22:14:28-[debug]-/private/var/www/myaf3/app/application/plugins/Auth.php:31 true
22:26:02-[debug]-/private/var/www/myaf3/app/application/plugins/Auth.php:20 'AuthPlugin::dispatchLoopStartup'
22:26:02-[debug]-/private/var/www/myaf3/app/application/plugins/Auth.php:21 'Admin'
22:26:02-[debug]-/private/var/www/myaf3/app/application/plugins/Auth.php:22 'main'
22:26:02-[debug]-/private/var/www/myaf3/app/application/plugins/Auth.php:28 '$request: '
22:26:02-[debug]-/private/var/www/myaf3/app/application/plugins/Auth.php:29 Yaf_Request_Http::__set_state(array(
   'module' => 'Admin',
   'controller' => 'Main',
   'action' => 'main',
   'method' => 'GET',
   'params' => 
  array (
  ),
   'language' => NULL,
   '_exception' => NULL,
   '_base_uri' => '',
   'uri' => '/admin/main/main',
   'dispatched' => false,
   'routed' => true,
))
22:26:02-[debug]-/private/var/www/myaf3/app/application/plugins/Auth.php:30 '$isLogin: '
22:26:02-[debug]-/private/var/www/myaf3/app/application/plugins/Auth.php:31 true
22:26:48-[debug]-/private/var/www/myaf3/app/application/plugins/Auth.php:20 'AuthPlugin::dispatchLoopStartup'
22:26:48-[debug]-/private/var/www/myaf3/app/application/plugins/Auth.php:21 'Admin'
22:26:48-[debug]-/private/var/www/myaf3/app/application/plugins/Auth.php:22 'main'
22:26:48-[debug]-/private/var/www/myaf3/app/application/plugins/Auth.php:28 '$request: '
22:26:48-[debug]-/private/var/www/myaf3/app/application/plugins/Auth.php:29 Yaf_Request_Http::__set_state(array(
   'module' => 'Admin',
   'controller' => 'Main',
   'action' => 'main',
   'method' => 'GET',
   'params' => 
  array (
  ),
   'language' => NULL,
   '_exception' => NULL,
   '_base_uri' => '',
   'uri' => '/admin/main/main',
   'dispatched' => false,
   'routed' => true,
))
22:26:48-[debug]-/private/var/www/myaf3/app/application/plugins/Auth.php:30 '$isLogin: '
22:26:48-[debug]-/private/var/www/myaf3/app/application/plugins/Auth.php:31 true
22:27:10-[debug]-/private/var/www/myaf3/app/application/plugins/Auth.php:20 'AuthPlugin::dispatchLoopStartup'
22:27:10-[debug]-/private/var/www/myaf3/app/application/plugins/Auth.php:21 'Admin'
22:27:10-[debug]-/private/var/www/myaf3/app/application/plugins/Auth.php:22 'main'
22:27:10-[debug]-/private/var/www/myaf3/app/application/plugins/Auth.php:28 '$request: '
22:27:10-[debug]-/private/var/www/myaf3/app/application/plugins/Auth.php:29 Yaf_Request_Http::__set_state(array(
   'module' => 'Admin',
   'controller' => 'Main',
   'action' => 'main',
   'method' => 'GET',
   'params' => 
  array (
  ),
   'language' => NULL,
   '_exception' => NULL,
   '_base_uri' => '',
   'uri' => '/admin/main/main',
   'dispatched' => false,
   'routed' => true,
))
22:27:10-[debug]-/private/var/www/myaf3/app/application/plugins/Auth.php:30 '$isLogin: '
22:27:10-[debug]-/private/var/www/myaf3/app/application/plugins/Auth.php:31 true
22:27:18-[debug]-/private/var/www/myaf3/app/application/plugins/Auth.php:20 'AuthPlugin::dispatchLoopStartup'
22:27:18-[debug]-/private/var/www/myaf3/app/application/plugins/Auth.php:21 'Admin'
22:27:18-[debug]-/private/var/www/myaf3/app/application/plugins/Auth.php:22 'main'
22:27:18-[debug]-/private/var/www/myaf3/app/application/plugins/Auth.php:28 '$request: '
22:27:18-[debug]-/private/var/www/myaf3/app/application/plugins/Auth.php:29 Yaf_Request_Http::__set_state(array(
   'module' => 'Admin',
   'controller' => 'Main',
   'action' => 'main',
   'method' => 'GET',
   'params' => 
  array (
  ),
   'language' => NULL,
   '_exception' => NULL,
   '_base_uri' => '',
   'uri' => '/admin/main/main',
   'dispatched' => false,
   'routed' => true,
))
22:27:18-[debug]-/private/var/www/myaf3/app/application/plugins/Auth.php:30 '$isLogin: '
22:27:18-[debug]-/private/var/www/myaf3/app/application/plugins/Auth.php:31 true
22:27:33-[debug]-/private/var/www/myaf3/app/application/plugins/Auth.php:20 'AuthPlugin::dispatchLoopStartup'
22:27:33-[debug]-/private/var/www/myaf3/app/application/plugins/Auth.php:21 'Admin'
22:27:33-[debug]-/private/var/www/myaf3/app/application/plugins/Auth.php:22 'main'
22:27:33-[debug]-/private/var/www/myaf3/app/application/plugins/Auth.php:28 '$request: '
22:27:33-[debug]-/private/var/www/myaf3/app/application/plugins/Auth.php:29 Yaf_Request_Http::__set_state(array(
   'module' => 'Admin',
   'controller' => 'Main',
   'action' => 'main',
   'method' => 'GET',
   'params' => 
  array (
  ),
   'language' => NULL,
   '_exception' => NULL,
   '_base_uri' => '',
   'uri' => '/admin/main/main',
   'dispatched' => false,
   'routed' => true,
))
22:27:33-[debug]-/private/var/www/myaf3/app/application/plugins/Auth.php:30 '$isLogin: '
22:27:33-[debug]-/private/var/www/myaf3/app/application/plugins/Auth.php:31 true
22:41:27-[debug]-/private/var/www/myaf3/app/application/plugins/Auth.php:20 'AuthPlugin::dispatchLoopStartup'
22:41:27-[debug]-/private/var/www/myaf3/app/application/plugins/Auth.php:21 'Admin'
22:41:27-[debug]-/private/var/www/myaf3/app/application/plugins/Auth.php:22 'main'
22:41:27-[debug]-/private/var/www/myaf3/app/application/plugins/Auth.php:28 '$request: '
22:41:27-[debug]-/private/var/www/myaf3/app/application/plugins/Auth.php:29 Yaf_Request_Http::__set_state(array(
   'module' => 'Admin',
   'controller' => 'Main',
   'action' => 'main',
   'method' => 'GET',
   'params' => 
  array (
  ),
   'language' => NULL,
   '_exception' => NULL,
   '_base_uri' => '',
   'uri' => '/admin/main/main',
   'dispatched' => false,
   'routed' => true,
))
22:41:27-[debug]-/private/var/www/myaf3/app/application/plugins/Auth.php:30 '$isLogin: '
22:41:27-[debug]-/private/var/www/myaf3/app/application/plugins/Auth.php:31 true
22:41:37-[debug]-/private/var/www/myaf3/app/application/plugins/Auth.php:20 'AuthPlugin::dispatchLoopStartup'
22:41:37-[debug]-/private/var/www/myaf3/app/application/plugins/Auth.php:21 'Admin'
22:41:37-[debug]-/private/var/www/myaf3/app/application/plugins/Auth.php:22 'main'
22:41:37-[debug]-/private/var/www/myaf3/app/application/plugins/Auth.php:28 '$request: '
22:41:37-[debug]-/private/var/www/myaf3/app/application/plugins/Auth.php:29 Yaf_Request_Http::__set_state(array(
   'module' => 'Admin',
   'controller' => 'Main',
   'action' => 'main',
   'method' => 'GET',
   'params' => 
  array (
  ),
   'language' => NULL,
   '_exception' => NULL,
   '_base_uri' => '',
   'uri' => '/admin/main/main',
   'dispatched' => false,
   'routed' => true,
))
22:41:37-[debug]-/private/var/www/myaf3/app/application/plugins/Auth.php:30 '$isLogin: '
22:41:37-[debug]-/private/var/www/myaf3/app/application/plugins/Auth.php:31 true
22:41:56-[debug]-/private/var/www/myaf3/app/application/plugins/Auth.php:20 'AuthPlugin::dispatchLoopStartup'
22:41:56-[debug]-/private/var/www/myaf3/app/application/plugins/Auth.php:21 'Admin'
22:41:56-[debug]-/private/var/www/myaf3/app/application/plugins/Auth.php:22 'main'
22:41:56-[debug]-/private/var/www/myaf3/app/application/plugins/Auth.php:28 '$request: '
22:41:56-[debug]-/private/var/www/myaf3/app/application/plugins/Auth.php:29 Yaf_Request_Http::__set_state(array(
   'module' => 'Admin',
   'controller' => 'Main',
   'action' => 'main',
   'method' => 'GET',
   'params' => 
  array (
  ),
   'language' => NULL,
   '_exception' => NULL,
   '_base_uri' => '',
   'uri' => '/admin/main/main',
   'dispatched' => false,
   'routed' => true,
))
22:41:56-[debug]-/private/var/www/myaf3/app/application/plugins/Auth.php:30 '$isLogin: '
22:41:56-[debug]-/private/var/www/myaf3/app/application/plugins/Auth.php:31 true
22:42:27-[debug]-/private/var/www/myaf3/app/application/plugins/Auth.php:20 'AuthPlugin::dispatchLoopStartup'
22:42:27-[debug]-/private/var/www/myaf3/app/application/plugins/Auth.php:21 'Admin'
22:42:27-[debug]-/private/var/www/myaf3/app/application/plugins/Auth.php:22 'main'
22:42:27-[debug]-/private/var/www/myaf3/app/application/plugins/Auth.php:28 '$request: '
22:42:27-[debug]-/private/var/www/myaf3/app/application/plugins/Auth.php:29 Yaf_Request_Http::__set_state(array(
   'module' => 'Admin',
   'controller' => 'Main',
   'action' => 'main',
   'method' => 'GET',
   'params' => 
  array (
  ),
   'language' => NULL,
   '_exception' => NULL,
   '_base_uri' => '',
   'uri' => '/admin/main/main',
   'dispatched' => false,
   'routed' => true,
))
22:42:27-[debug]-/private/var/www/myaf3/app/application/plugins/Auth.php:30 '$isLogin: '
22:42:27-[debug]-/private/var/www/myaf3/app/application/plugins/Auth.php:31 true
22:44:35-[debug]-/private/var/www/myaf3/app/application/plugins/Auth.php:20 'AuthPlugin::dispatchLoopStartup'
22:44:35-[debug]-/private/var/www/myaf3/app/application/plugins/Auth.php:21 'Admin'
22:44:35-[debug]-/private/var/www/myaf3/app/application/plugins/Auth.php:22 'main'
22:44:35-[debug]-/private/var/www/myaf3/app/application/plugins/Auth.php:28 '$request: '
22:44:35-[debug]-/private/var/www/myaf3/app/application/plugins/Auth.php:29 Yaf_Request_Http::__set_state(array(
   'module' => 'Admin',
   'controller' => 'Main',
   'action' => 'main',
   'method' => 'GET',
   'params' => 
  array (
  ),
   'language' => NULL,
   '_exception' => NULL,
   '_base_uri' => '',
   'uri' => '/admin/main/main',
   'dispatched' => false,
   'routed' => true,
))
22:44:35-[debug]-/private/var/www/myaf3/app/application/plugins/Auth.php:30 '$isLogin: '
22:44:35-[debug]-/private/var/www/myaf3/app/application/plugins/Auth.php:31 true
22:44:55-[debug]-/private/var/www/myaf3/app/application/plugins/Auth.php:20 'AuthPlugin::dispatchLoopStartup'
22:44:55-[debug]-/private/var/www/myaf3/app/application/plugins/Auth.php:21 'Admin'
22:44:55-[debug]-/private/var/www/myaf3/app/application/plugins/Auth.php:22 'main'
22:44:55-[debug]-/private/var/www/myaf3/app/application/plugins/Auth.php:28 '$request: '
22:44:55-[debug]-/private/var/www/myaf3/app/application/plugins/Auth.php:29 Yaf_Request_Http::__set_state(array(
   'module' => 'Admin',
   'controller' => 'Main',
   'action' => 'main',
   'method' => 'GET',
   'params' => 
  array (
  ),
   'language' => NULL,
   '_exception' => NULL,
   '_base_uri' => '',
   'uri' => '/admin/main/main',
   'dispatched' => false,
   'routed' => true,
))
22:44:55-[debug]-/private/var/www/myaf3/app/application/plugins/Auth.php:30 '$isLogin: '
22:44:55-[debug]-/private/var/www/myaf3/app/application/plugins/Auth.php:31 true
22:45:29-[debug]-/private/var/www/myaf3/app/application/plugins/Auth.php:20 'AuthPlugin::dispatchLoopStartup'
22:45:29-[debug]-/private/var/www/myaf3/app/application/plugins/Auth.php:21 'Admin'
22:45:29-[debug]-/private/var/www/myaf3/app/application/plugins/Auth.php:22 'main'
22:45:29-[debug]-/private/var/www/myaf3/app/application/plugins/Auth.php:28 '$request: '
22:45:29-[debug]-/private/var/www/myaf3/app/application/plugins/Auth.php:29 Yaf_Request_Http::__set_state(array(
   'module' => 'Admin',
   'controller' => 'Main',
   'action' => 'main',
   'method' => 'GET',
   'params' => 
  array (
  ),
   'language' => NULL,
   '_exception' => NULL,
   '_base_uri' => '',
   'uri' => '/admin/main/main',
   'dispatched' => false,
   'routed' => true,
))
22:45:29-[debug]-/private/var/www/myaf3/app/application/plugins/Auth.php:30 '$isLogin: '
22:45:29-[debug]-/private/var/www/myaf3/app/application/plugins/Auth.php:31 true
22:47:21-[debug]-/private/var/www/myaf3/app/application/plugins/Auth.php:20 'AuthPlugin::dispatchLoopStartup'
22:47:21-[debug]-/private/var/www/myaf3/app/application/plugins/Auth.php:21 'Admin'
22:47:21-[debug]-/private/var/www/myaf3/app/application/plugins/Auth.php:22 'main'
22:47:21-[debug]-/private/var/www/myaf3/app/application/plugins/Auth.php:28 '$request: '
22:47:21-[debug]-/private/var/www/myaf3/app/application/plugins/Auth.php:29 Yaf_Request_Http::__set_state(array(
   'module' => 'Admin',
   'controller' => 'Main',
   'action' => 'main',
   'method' => 'GET',
   'params' => 
  array (
  ),
   'language' => NULL,
   '_exception' => NULL,
   '_base_uri' => '',
   'uri' => '/admin/main/main',
   'dispatched' => false,
   'routed' => true,
))
22:47:21-[debug]-/private/var/www/myaf3/app/application/plugins/Auth.php:30 '$isLogin: '
22:47:21-[debug]-/private/var/www/myaf3/app/application/plugins/Auth.php:31 true
22:49:10-[debug]-/private/var/www/myaf3/app/application/plugins/Auth.php:20 'AuthPlugin::dispatchLoopStartup'
22:49:10-[debug]-/private/var/www/myaf3/app/application/plugins/Auth.php:21 'Admin'
22:49:10-[debug]-/private/var/www/myaf3/app/application/plugins/Auth.php:22 'main'
22:49:10-[debug]-/private/var/www/myaf3/app/application/plugins/Auth.php:28 '$request: '
22:49:10-[debug]-/private/var/www/myaf3/app/application/plugins/Auth.php:29 Yaf_Request_Http::__set_state(array(
   'module' => 'Admin',
   'controller' => 'Main',
   'action' => 'main',
   'method' => 'GET',
   'params' => 
  array (
  ),
   'language' => NULL,
   '_exception' => NULL,
   '_base_uri' => '',
   'uri' => '/admin/main/main',
   'dispatched' => false,
   'routed' => true,
))
22:49:10-[debug]-/private/var/www/myaf3/app/application/plugins/Auth.php:30 '$isLogin: '
22:49:10-[debug]-/private/var/www/myaf3/app/application/plugins/Auth.php:31 true
22:51:18-[debug]-/private/var/www/myaf3/app/application/plugins/Auth.php:20 'AuthPlugin::dispatchLoopStartup'
22:51:18-[debug]-/private/var/www/myaf3/app/application/plugins/Auth.php:21 'Admin'
22:51:18-[debug]-/private/var/www/myaf3/app/application/plugins/Auth.php:22 'main'
22:51:18-[debug]-/private/var/www/myaf3/app/application/plugins/Auth.php:28 '$request: '
22:51:18-[debug]-/private/var/www/myaf3/app/application/plugins/Auth.php:29 Yaf_Request_Http::__set_state(array(
   'module' => 'Admin',
   'controller' => 'Main',
   'action' => 'main',
   'method' => 'GET',
   'params' => 
  array (
  ),
   'language' => NULL,
   '_exception' => NULL,
   '_base_uri' => '',
   'uri' => '/admin/main/main',
   'dispatched' => false,
   'routed' => true,
))
22:51:18-[debug]-/private/var/www/myaf3/app/application/plugins/Auth.php:30 '$isLogin: '
22:51:18-[debug]-/private/var/www/myaf3/app/application/plugins/Auth.php:31 true
22:53:37-[debug]-/private/var/www/myaf3/app/application/plugins/Auth.php:20 'AuthPlugin::dispatchLoopStartup'
22:53:37-[debug]-/private/var/www/myaf3/app/application/plugins/Auth.php:21 'Admin'
22:53:37-[debug]-/private/var/www/myaf3/app/application/plugins/Auth.php:22 'main'
22:53:37-[debug]-/private/var/www/myaf3/app/application/plugins/Auth.php:28 '$request: '
22:53:37-[debug]-/private/var/www/myaf3/app/application/plugins/Auth.php:29 Yaf_Request_Http::__set_state(array(
   'module' => 'Admin',
   'controller' => 'Main',
   'action' => 'main',
   'method' => 'GET',
   'params' => 
  array (
  ),
   'language' => NULL,
   '_exception' => NULL,
   '_base_uri' => '',
   'uri' => '/admin/main/main',
   'dispatched' => false,
   'routed' => true,
))
22:53:37-[debug]-/private/var/www/myaf3/app/application/plugins/Auth.php:30 '$isLogin: '
22:53:37-[debug]-/private/var/www/myaf3/app/application/plugins/Auth.php:31 true
22:54:16-[debug]-/private/var/www/myaf3/app/application/plugins/Auth.php:20 'AuthPlugin::dispatchLoopStartup'
22:54:16-[debug]-/private/var/www/myaf3/app/application/plugins/Auth.php:21 'Admin'
22:54:16-[debug]-/private/var/www/myaf3/app/application/plugins/Auth.php:22 'main'
22:54:16-[debug]-/private/var/www/myaf3/app/application/plugins/Auth.php:28 '$request: '
22:54:16-[debug]-/private/var/www/myaf3/app/application/plugins/Auth.php:29 Yaf_Request_Http::__set_state(array(
   'module' => 'Admin',
   'controller' => 'Main',
   'action' => 'main',
   'method' => 'GET',
   'params' => 
  array (
  ),
   'language' => NULL,
   '_exception' => NULL,
   '_base_uri' => '',
   'uri' => '/admin/main/main',
   'dispatched' => false,
   'routed' => true,
))
22:54:16-[debug]-/private/var/www/myaf3/app/application/plugins/Auth.php:30 '$isLogin: '
22:54:16-[debug]-/private/var/www/myaf3/app/application/plugins/Auth.php:31 true
22:54:31-[debug]-/private/var/www/myaf3/app/application/plugins/Auth.php:20 'AuthPlugin::dispatchLoopStartup'
22:54:31-[debug]-/private/var/www/myaf3/app/application/plugins/Auth.php:21 'Admin'
22:54:31-[debug]-/private/var/www/myaf3/app/application/plugins/Auth.php:22 'main'
22:54:31-[debug]-/private/var/www/myaf3/app/application/plugins/Auth.php:28 '$request: '
22:54:31-[debug]-/private/var/www/myaf3/app/application/plugins/Auth.php:29 Yaf_Request_Http::__set_state(array(
   'module' => 'Admin',
   'controller' => 'Main',
   'action' => 'main',
   'method' => 'GET',
   'params' => 
  array (
  ),
   'language' => NULL,
   '_exception' => NULL,
   '_base_uri' => '',
   'uri' => '/admin/main/main',
   'dispatched' => false,
   'routed' => true,
))
22:54:31-[debug]-/private/var/www/myaf3/app/application/plugins/Auth.php:30 '$isLogin: '
22:54:31-[debug]-/private/var/www/myaf3/app/application/plugins/Auth.php:31 true
22:54:38-[debug]-/private/var/www/myaf3/app/application/plugins/Auth.php:20 'AuthPlugin::dispatchLoopStartup'
22:54:38-[debug]-/private/var/www/myaf3/app/application/plugins/Auth.php:21 'Admin'
22:54:38-[debug]-/private/var/www/myaf3/app/application/plugins/Auth.php:22 'main'
22:54:38-[debug]-/private/var/www/myaf3/app/application/plugins/Auth.php:28 '$request: '
22:54:38-[debug]-/private/var/www/myaf3/app/application/plugins/Auth.php:29 Yaf_Request_Http::__set_state(array(
   'module' => 'Admin',
   'controller' => 'Main',
   'action' => 'main',
   'method' => 'GET',
   'params' => 
  array (
  ),
   'language' => NULL,
   '_exception' => NULL,
   '_base_uri' => '',
   'uri' => '/admin/main/main',
   'dispatched' => false,
   'routed' => true,
))
22:54:38-[debug]-/private/var/www/myaf3/app/application/plugins/Auth.php:30 '$isLogin: '
22:54:38-[debug]-/private/var/www/myaf3/app/application/plugins/Auth.php:31 true
