23:01:56-[debug]-/private/var/www/myaf3/app/application/plugins/Auth.php:20 'AuthPlugin::dispatchLoopStartup'
23:01:56-[debug]-/private/var/www/myaf3/app/application/plugins/Auth.php:21 'Admin'
23:01:56-[debug]-/private/var/www/myaf3/app/application/plugins/Auth.php:22 'main'
23:01:56-[debug]-/private/var/www/myaf3/app/application/plugins/Auth.php:28 '$request: '
23:01:56-[debug]-/private/var/www/myaf3/app/application/plugins/Auth.php:29 Yaf_Request_Http::__set_state(array(
   'module' => 'Admin',
   'controller' => 'Main',
   'action' => 'main',
   'method' => 'GET',
   'params' => 
  array (
  ),
   'language' => NULL,
   '_exception' => NULL,
   '_base_uri' => '',
   'uri' => '/admin/main/main',
   'dispatched' => false,
   'routed' => true,
))
23:01:56-[debug]-/private/var/www/myaf3/app/application/plugins/Auth.php:30 '$isLogin: '
23:01:56-[debug]-/private/var/www/myaf3/app/application/plugins/Auth.php:31 true
23:04:24-[debug]-/private/var/www/myaf3/app/application/plugins/Auth.php:20 'AuthPlugin::dispatchLoopStartup'
23:04:24-[debug]-/private/var/www/myaf3/app/application/plugins/Auth.php:21 'Admin'
23:04:24-[debug]-/private/var/www/myaf3/app/application/plugins/Auth.php:22 'main'
23:04:24-[debug]-/private/var/www/myaf3/app/application/plugins/Auth.php:28 '$request: '
23:04:24-[debug]-/private/var/www/myaf3/app/application/plugins/Auth.php:29 Yaf_Request_Http::__set_state(array(
   'module' => 'Admin',
   'controller' => 'Main',
   'action' => 'main',
   'method' => 'GET',
   'params' => 
  array (
  ),
   'language' => NULL,
   '_exception' => NULL,
   '_base_uri' => '',
   'uri' => '/admin/main/main',
   'dispatched' => false,
   'routed' => true,
))
23:04:24-[debug]-/private/var/www/myaf3/app/application/plugins/Auth.php:30 '$isLogin: '
23:04:24-[debug]-/private/var/www/myaf3/app/application/plugins/Auth.php:31 true
23:08:18-[debug]-/private/var/www/myaf3/app/application/plugins/Auth.php:20 'AuthPlugin::dispatchLoopStartup'
23:08:18-[debug]-/private/var/www/myaf3/app/application/plugins/Auth.php:21 'Admin'
23:08:18-[debug]-/private/var/www/myaf3/app/application/plugins/Auth.php:22 'main'
23:08:18-[debug]-/private/var/www/myaf3/app/application/plugins/Auth.php:28 '$request: '
23:08:18-[debug]-/private/var/www/myaf3/app/application/plugins/Auth.php:29 Yaf_Request_Http::__set_state(array(
   'module' => 'Admin',
   'controller' => 'Main',
   'action' => 'main',
   'method' => 'GET',
   'params' => 
  array (
  ),
   'language' => NULL,
   '_exception' => NULL,
   '_base_uri' => '',
   'uri' => '/admin/main/main',
   'dispatched' => false,
   'routed' => true,
))
23:08:18-[debug]-/private/var/www/myaf3/app/application/plugins/Auth.php:30 '$isLogin: '
23:08:18-[debug]-/private/var/www/myaf3/app/application/plugins/Auth.php:31 true
23:11:18-[debug]-/private/var/www/myaf3/app/application/plugins/Auth.php:20 'AuthPlugin::dispatchLoopStartup'
23:11:18-[debug]-/private/var/www/myaf3/app/application/plugins/Auth.php:21 'Admin'
23:11:18-[debug]-/private/var/www/myaf3/app/application/plugins/Auth.php:22 'main'
23:11:18-[debug]-/private/var/www/myaf3/app/application/plugins/Auth.php:28 '$request: '
23:11:18-[debug]-/private/var/www/myaf3/app/application/plugins/Auth.php:29 Yaf_Request_Http::__set_state(array(
   'module' => 'Admin',
   'controller' => 'Main',
   'action' => 'main',
   'method' => 'GET',
   'params' => 
  array (
  ),
   'language' => NULL,
   '_exception' => NULL,
   '_base_uri' => '',
   'uri' => '/admin/main/main',
   'dispatched' => false,
   'routed' => true,
))
23:11:18-[debug]-/private/var/www/myaf3/app/application/plugins/Auth.php:30 '$isLogin: '
23:11:18-[debug]-/private/var/www/myaf3/app/application/plugins/Auth.php:31 true
23:12:29-[debug]-/private/var/www/myaf3/app/application/plugins/Auth.php:20 'AuthPlugin::dispatchLoopStartup'
23:12:29-[debug]-/private/var/www/myaf3/app/application/plugins/Auth.php:21 'Admin'
23:12:29-[debug]-/private/var/www/myaf3/app/application/plugins/Auth.php:22 'signin.html'
23:12:29-[debug]-/private/var/www/myaf3/app/application/plugins/Auth.php:28 '$request: '
23:12:29-[debug]-/private/var/www/myaf3/app/application/plugins/Auth.php:29 Yaf_Request_Http::__set_state(array(
   'module' => 'Admin',
   'controller' => 'Main',
   'action' => 'signin.html',
   'method' => 'GET',
   'params' => 
  array (
  ),
   'language' => NULL,
   '_exception' => NULL,
   '_base_uri' => '',
   'uri' => '/admin/main/signin.html',
   'dispatched' => false,
   'routed' => true,
))
23:12:29-[debug]-/private/var/www/myaf3/app/application/plugins/Auth.php:30 '$isLogin: '
23:12:29-[debug]-/private/var/www/myaf3/app/application/plugins/Auth.php:31 true
23:12:54-[debug]-/private/var/www/myaf3/app/application/plugins/Auth.php:20 'AuthPlugin::dispatchLoopStartup'
23:12:54-[debug]-/private/var/www/myaf3/app/application/plugins/Auth.php:21 'Admin'
23:12:54-[debug]-/private/var/www/myaf3/app/application/plugins/Auth.php:22 'main'
23:12:54-[debug]-/private/var/www/myaf3/app/application/plugins/Auth.php:28 '$request: '
23:12:54-[debug]-/private/var/www/myaf3/app/application/plugins/Auth.php:29 Yaf_Request_Http::__set_state(array(
   'module' => 'Admin',
   'controller' => 'Main',
   'action' => 'main',
   'method' => 'GET',
   'params' => 
  array (
  ),
   'language' => NULL,
   '_exception' => NULL,
   '_base_uri' => '',
   'uri' => '/admin/main/main',
   'dispatched' => false,
   'routed' => true,
))
23:12:54-[debug]-/private/var/www/myaf3/app/application/plugins/Auth.php:30 '$isLogin: '
23:12:54-[debug]-/private/var/www/myaf3/app/application/plugins/Auth.php:31 true
23:13:45-[debug]-/private/var/www/myaf3/app/application/plugins/Auth.php:20 'AuthPlugin::dispatchLoopStartup'
23:13:45-[debug]-/private/var/www/myaf3/app/application/plugins/Auth.php:21 'Admin'
23:13:45-[debug]-/private/var/www/myaf3/app/application/plugins/Auth.php:22 'main'
23:13:45-[debug]-/private/var/www/myaf3/app/application/plugins/Auth.php:28 '$request: '
23:13:45-[debug]-/private/var/www/myaf3/app/application/plugins/Auth.php:29 Yaf_Request_Http::__set_state(array(
   'module' => 'Admin',
   'controller' => 'Main',
   'action' => 'main',
   'method' => 'GET',
   'params' => 
  array (
  ),
   'language' => NULL,
   '_exception' => NULL,
   '_base_uri' => '',
   'uri' => '/admin/main/main',
   'dispatched' => false,
   'routed' => true,
))
23:13:45-[debug]-/private/var/www/myaf3/app/application/plugins/Auth.php:30 '$isLogin: '
23:13:45-[debug]-/private/var/www/myaf3/app/application/plugins/Auth.php:31 true
23:13:49-[debug]-/private/var/www/myaf3/app/application/plugins/Auth.php:20 'AuthPlugin::dispatchLoopStartup'
23:13:49-[debug]-/private/var/www/myaf3/app/application/plugins/Auth.php:21 'Admin'
23:13:49-[debug]-/private/var/www/myaf3/app/application/plugins/Auth.php:22 'logout'
23:13:49-[debug]-/private/var/www/myaf3/app/application/plugins/Auth.php:28 '$request: '
23:13:49-[debug]-/private/var/www/myaf3/app/application/plugins/Auth.php:29 Yaf_Request_Http::__set_state(array(
   'module' => 'Admin',
   'controller' => 'Main',
   'action' => 'logout',
   'method' => 'GET',
   'params' => 
  array (
  ),
   'language' => NULL,
   '_exception' => NULL,
   '_base_uri' => '',
   'uri' => '/admin/main/logout',
   'dispatched' => false,
   'routed' => true,
))
23:13:49-[debug]-/private/var/www/myaf3/app/application/plugins/Auth.php:30 '$isLogin: '
23:13:49-[debug]-/private/var/www/myaf3/app/application/plugins/Auth.php:31 true
23:14:26-[debug]-/private/var/www/myaf3/app/application/plugins/Auth.php:20 'AuthPlugin::dispatchLoopStartup'
23:14:26-[debug]-/private/var/www/myaf3/app/application/plugins/Auth.php:21 'Admin'
23:14:26-[debug]-/private/var/www/myaf3/app/application/plugins/Auth.php:22 'main'
23:14:26-[debug]-/private/var/www/myaf3/app/application/plugins/Auth.php:28 '$request: '
23:14:26-[debug]-/private/var/www/myaf3/app/application/plugins/Auth.php:29 Yaf_Request_Http::__set_state(array(
   'module' => 'Admin',
   'controller' => 'Main',
   'action' => 'main',
   'method' => 'GET',
   'params' => 
  array (
  ),
   'language' => NULL,
   '_exception' => NULL,
   '_base_uri' => '',
   'uri' => '/admin/main/main',
   'dispatched' => false,
   'routed' => true,
))
23:14:26-[debug]-/private/var/www/myaf3/app/application/plugins/Auth.php:30 '$isLogin: '
23:14:26-[debug]-/private/var/www/myaf3/app/application/plugins/Auth.php:31 true
23:14:30-[debug]-/private/var/www/myaf3/app/application/plugins/Auth.php:20 'AuthPlugin::dispatchLoopStartup'
23:14:30-[debug]-/private/var/www/myaf3/app/application/plugins/Auth.php:21 'Admin'
23:14:30-[debug]-/private/var/www/myaf3/app/application/plugins/Auth.php:22 'logout'
23:14:30-[debug]-/private/var/www/myaf3/app/application/plugins/Auth.php:28 '$request: '
23:14:30-[debug]-/private/var/www/myaf3/app/application/plugins/Auth.php:29 Yaf_Request_Http::__set_state(array(
   'module' => 'Admin',
   'controller' => 'Index',
   'action' => 'logout',
   'method' => 'GET',
   'params' => 
  array (
  ),
   'language' => NULL,
   '_exception' => NULL,
   '_base_uri' => '',
   'uri' => '/admin/index/logout',
   'dispatched' => false,
   'routed' => true,
))
23:14:30-[debug]-/private/var/www/myaf3/app/application/plugins/Auth.php:30 '$isLogin: '
23:14:30-[debug]-/private/var/www/myaf3/app/application/plugins/Auth.php:31 true
23:14:30-[debug]-/private/var/www/myaf3/app/application/plugins/Auth.php:20 'AuthPlugin::dispatchLoopStartup'
23:14:30-[debug]-/private/var/www/myaf3/app/application/plugins/Auth.php:21 'Admin'
23:14:30-[debug]-/private/var/www/myaf3/app/application/plugins/Auth.php:22 'login'
23:21:13-[debug]-/private/var/www/myaf3/app/application/plugins/Auth.php:20 'AuthPlugin::dispatchLoopStartup'
23:21:13-[debug]-/private/var/www/myaf3/app/application/plugins/Auth.php:21 'Admin'
23:21:13-[debug]-/private/var/www/myaf3/app/application/plugins/Auth.php:22 'auth'
23:21:13-[debug]-/private/var/www/myaf3/app/application/plugins/Auth.php:28 '$request: '
23:21:13-[debug]-/private/var/www/myaf3/app/application/plugins/Auth.php:29 Yaf_Request_Http::__set_state(array(
   'module' => 'Admin',
   'controller' => 'Index',
   'action' => 'auth',
   'method' => 'POST',
   'params' => 
  array (
  ),
   'language' => NULL,
   '_exception' => NULL,
   '_base_uri' => '',
   'uri' => '/admin/index/auth',
   'dispatched' => false,
   'routed' => true,
))
23:21:13-[debug]-/private/var/www/myaf3/app/application/plugins/Auth.php:30 '$isLogin: '
23:21:13-[debug]-/private/var/www/myaf3/app/application/plugins/Auth.php:31 false
23:21:13-[debug]-/private/var/www/myaf3/app/application/modules/Admin/controllers/Index.php:44 'user: admin'
23:21:13-[debug]-/private/var/www/myaf3/app/application/modules/Admin/controllers/Index.php:45 'pass: 21232f297a57a5a743894a0e4a801fc3'
23:21:13-[debug]-/private/var/www/myaf3/app/application/modules/Admin/controllers/Index.php:46 'uis: 1'
23:21:14-[debug]-/private/var/www/myaf3/app/application/plugins/Auth.php:20 'AuthPlugin::dispatchLoopStartup'
23:21:14-[debug]-/private/var/www/myaf3/app/application/plugins/Auth.php:21 'Admin'
23:21:14-[debug]-/private/var/www/myaf3/app/application/plugins/Auth.php:22 'main'
23:21:14-[debug]-/private/var/www/myaf3/app/application/plugins/Auth.php:28 '$request: '
23:21:14-[debug]-/private/var/www/myaf3/app/application/plugins/Auth.php:29 Yaf_Request_Http::__set_state(array(
   'module' => 'Admin',
   'controller' => 'Main',
   'action' => 'main',
   'method' => 'GET',
   'params' => 
  array (
  ),
   'language' => NULL,
   '_exception' => NULL,
   '_base_uri' => '',
   'uri' => '/admin/main/main',
   'dispatched' => false,
   'routed' => true,
))
23:21:14-[debug]-/private/var/www/myaf3/app/application/plugins/Auth.php:30 '$isLogin: '
23:21:14-[debug]-/private/var/www/myaf3/app/application/plugins/Auth.php:31 false
23:21:14-[debug]-/private/var/www/myaf3/app/application/plugins/Auth.php:20 'AuthPlugin::dispatchLoopStartup'
23:21:14-[debug]-/private/var/www/myaf3/app/application/plugins/Auth.php:21 'Admin'
23:21:14-[debug]-/private/var/www/myaf3/app/application/plugins/Auth.php:22 'login'
23:21:15-[debug]-/private/var/www/myaf3/app/application/plugins/Auth.php:20 'AuthPlugin::dispatchLoopStartup'
23:21:15-[debug]-/private/var/www/myaf3/app/application/plugins/Auth.php:21 'Admin'
23:21:15-[debug]-/private/var/www/myaf3/app/application/plugins/Auth.php:22 'auth'
23:21:15-[debug]-/private/var/www/myaf3/app/application/plugins/Auth.php:28 '$request: '
23:21:15-[debug]-/private/var/www/myaf3/app/application/plugins/Auth.php:29 Yaf_Request_Http::__set_state(array(
   'module' => 'Admin',
   'controller' => 'Index',
   'action' => 'auth',
   'method' => 'POST',
   'params' => 
  array (
  ),
   'language' => NULL,
   '_exception' => NULL,
   '_base_uri' => '',
   'uri' => '/admin/index/auth',
   'dispatched' => false,
   'routed' => true,
))
23:21:15-[debug]-/private/var/www/myaf3/app/application/plugins/Auth.php:30 '$isLogin: '
23:21:15-[debug]-/private/var/www/myaf3/app/application/plugins/Auth.php:31 false
23:21:15-[debug]-/private/var/www/myaf3/app/application/modules/Admin/controllers/Index.php:44 'user: admin'
23:21:15-[debug]-/private/var/www/myaf3/app/application/modules/Admin/controllers/Index.php:45 'pass: 21232f297a57a5a743894a0e4a801fc3'
23:21:15-[debug]-/private/var/www/myaf3/app/application/modules/Admin/controllers/Index.php:46 'uis: 1'
23:21:15-[debug]-/private/var/www/myaf3/app/application/plugins/Auth.php:20 'AuthPlugin::dispatchLoopStartup'
23:21:15-[debug]-/private/var/www/myaf3/app/application/plugins/Auth.php:21 'Admin'
23:21:15-[debug]-/private/var/www/myaf3/app/application/plugins/Auth.php:22 'main'
23:21:15-[debug]-/private/var/www/myaf3/app/application/plugins/Auth.php:28 '$request: '
23:21:15-[debug]-/private/var/www/myaf3/app/application/plugins/Auth.php:29 Yaf_Request_Http::__set_state(array(
   'module' => 'Admin',
   'controller' => 'Main',
   'action' => 'main',
   'method' => 'GET',
   'params' => 
  array (
  ),
   'language' => NULL,
   '_exception' => NULL,
   '_base_uri' => '',
   'uri' => '/admin/main/main',
   'dispatched' => false,
   'routed' => true,
))
23:21:15-[debug]-/private/var/www/myaf3/app/application/plugins/Auth.php:30 '$isLogin: '
23:21:15-[debug]-/private/var/www/myaf3/app/application/plugins/Auth.php:31 false
23:21:15-[debug]-/private/var/www/myaf3/app/application/plugins/Auth.php:20 'AuthPlugin::dispatchLoopStartup'
23:21:15-[debug]-/private/var/www/myaf3/app/application/plugins/Auth.php:21 'Admin'
23:21:15-[debug]-/private/var/www/myaf3/app/application/plugins/Auth.php:22 'login'
23:22:01-[debug]-/private/var/www/myaf3/app/application/plugins/Auth.php:20 'AuthPlugin::dispatchLoopStartup'
23:22:01-[debug]-/private/var/www/myaf3/app/application/plugins/Auth.php:21 'Admin'
23:22:01-[debug]-/private/var/www/myaf3/app/application/plugins/Auth.php:22 'login'
23:22:02-[debug]-/private/var/www/myaf3/app/application/plugins/Auth.php:20 'AuthPlugin::dispatchLoopStartup'
23:22:02-[debug]-/private/var/www/myaf3/app/application/plugins/Auth.php:21 'Admin'
23:22:02-[debug]-/private/var/www/myaf3/app/application/plugins/Auth.php:22 'auth'
23:22:02-[debug]-/private/var/www/myaf3/app/application/plugins/Auth.php:28 '$request: '
23:22:02-[debug]-/private/var/www/myaf3/app/application/plugins/Auth.php:29 Yaf_Request_Http::__set_state(array(
   'module' => 'Admin',
   'controller' => 'Index',
   'action' => 'auth',
   'method' => 'POST',
   'params' => 
  array (
  ),
   'language' => NULL,
   '_exception' => NULL,
   '_base_uri' => '',
   'uri' => '/admin/index/auth',
   'dispatched' => false,
   'routed' => true,
))
23:22:02-[debug]-/private/var/www/myaf3/app/application/plugins/Auth.php:30 '$isLogin: '
23:22:02-[debug]-/private/var/www/myaf3/app/application/plugins/Auth.php:31 true
23:22:02-[debug]-/private/var/www/myaf3/app/application/modules/Admin/controllers/Index.php:44 'user: admin'
23:22:02-[debug]-/private/var/www/myaf3/app/application/modules/Admin/controllers/Index.php:45 'pass: 21232f297a57a5a743894a0e4a801fc3'
23:22:02-[debug]-/private/var/www/myaf3/app/application/modules/Admin/controllers/Index.php:46 'uis: 1'
23:22:02-[debug]-/private/var/www/myaf3/app/application/plugins/Auth.php:20 'AuthPlugin::dispatchLoopStartup'
23:22:02-[debug]-/private/var/www/myaf3/app/application/plugins/Auth.php:21 'Admin'
23:22:02-[debug]-/private/var/www/myaf3/app/application/plugins/Auth.php:22 'main'
23:22:02-[debug]-/private/var/www/myaf3/app/application/plugins/Auth.php:28 '$request: '
23:22:02-[debug]-/private/var/www/myaf3/app/application/plugins/Auth.php:29 Yaf_Request_Http::__set_state(array(
   'module' => 'Admin',
   'controller' => 'Main',
   'action' => 'main',
   'method' => 'GET',
   'params' => 
  array (
  ),
   'language' => NULL,
   '_exception' => NULL,
   '_base_uri' => '',
   'uri' => '/admin/main/main',
   'dispatched' => false,
   'routed' => true,
))
23:22:02-[debug]-/private/var/www/myaf3/app/application/plugins/Auth.php:30 '$isLogin: '
23:22:02-[debug]-/private/var/www/myaf3/app/application/plugins/Auth.php:31 true
23:25:01-[debug]-/private/var/www/myaf3/app/application/plugins/Auth.php:20 'AuthPlugin::dispatchLoopStartup'
23:25:01-[debug]-/private/var/www/myaf3/app/application/plugins/Auth.php:21 'Admin'
23:25:01-[debug]-/private/var/www/myaf3/app/application/plugins/Auth.php:22 'main'
23:25:01-[debug]-/private/var/www/myaf3/app/application/plugins/Auth.php:28 '$request: '
23:25:01-[debug]-/private/var/www/myaf3/app/application/plugins/Auth.php:29 Yaf_Request_Http::__set_state(array(
   'module' => 'Admin',
   'controller' => 'Main',
   'action' => 'main',
   'method' => 'GET',
   'params' => 
  array (
  ),
   'language' => NULL,
   '_exception' => NULL,
   '_base_uri' => '',
   'uri' => '/admin/main/main',
   'dispatched' => false,
   'routed' => true,
))
23:25:01-[debug]-/private/var/www/myaf3/app/application/plugins/Auth.php:30 '$isLogin: '
23:25:01-[debug]-/private/var/www/myaf3/app/application/plugins/Auth.php:31 true
23:25:11-[debug]-/private/var/www/myaf3/app/application/plugins/Auth.php:20 'AuthPlugin::dispatchLoopStartup'
23:25:11-[debug]-/private/var/www/myaf3/app/application/plugins/Auth.php:21 'Admin'
23:25:11-[debug]-/private/var/www/myaf3/app/application/plugins/Auth.php:22 'logout'
23:25:11-[debug]-/private/var/www/myaf3/app/application/plugins/Auth.php:28 '$request: '
23:25:11-[debug]-/private/var/www/myaf3/app/application/plugins/Auth.php:29 Yaf_Request_Http::__set_state(array(
   'module' => 'Admin',
   'controller' => 'Index',
   'action' => 'logout',
   'method' => 'GET',
   'params' => 
  array (
  ),
   'language' => NULL,
   '_exception' => NULL,
   '_base_uri' => '',
   'uri' => '/admin/index/logout',
   'dispatched' => false,
   'routed' => true,
))
23:25:11-[debug]-/private/var/www/myaf3/app/application/plugins/Auth.php:30 '$isLogin: '
23:25:11-[debug]-/private/var/www/myaf3/app/application/plugins/Auth.php:31 true
23:25:11-[debug]-/private/var/www/myaf3/app/application/plugins/Auth.php:20 'AuthPlugin::dispatchLoopStartup'
23:25:11-[debug]-/private/var/www/myaf3/app/application/plugins/Auth.php:21 'Admin'
23:25:11-[debug]-/private/var/www/myaf3/app/application/plugins/Auth.php:22 'login'
23:25:12-[debug]-/private/var/www/myaf3/app/application/plugins/Auth.php:20 'AuthPlugin::dispatchLoopStartup'
23:25:12-[debug]-/private/var/www/myaf3/app/application/plugins/Auth.php:21 'Admin'
23:25:12-[debug]-/private/var/www/myaf3/app/application/plugins/Auth.php:22 'auth'
23:25:12-[debug]-/private/var/www/myaf3/app/application/plugins/Auth.php:28 '$request: '
23:25:12-[debug]-/private/var/www/myaf3/app/application/plugins/Auth.php:29 Yaf_Request_Http::__set_state(array(
   'module' => 'Admin',
   'controller' => 'Index',
   'action' => 'auth',
   'method' => 'POST',
   'params' => 
  array (
  ),
   'language' => NULL,
   '_exception' => NULL,
   '_base_uri' => '',
   'uri' => '/admin/index/auth',
   'dispatched' => false,
   'routed' => true,
))
23:25:12-[debug]-/private/var/www/myaf3/app/application/plugins/Auth.php:30 '$isLogin: '
23:25:12-[debug]-/private/var/www/myaf3/app/application/plugins/Auth.php:31 false
23:25:12-[debug]-/private/var/www/myaf3/app/application/modules/Admin/controllers/Index.php:44 'user: admin'
23:25:12-[debug]-/private/var/www/myaf3/app/application/modules/Admin/controllers/Index.php:45 'pass: 21232f297a57a5a743894a0e4a801fc3'
23:25:12-[debug]-/private/var/www/myaf3/app/application/modules/Admin/controllers/Index.php:46 'uis: 1'
23:25:13-[debug]-/private/var/www/myaf3/app/application/plugins/Auth.php:20 'AuthPlugin::dispatchLoopStartup'
23:25:13-[debug]-/private/var/www/myaf3/app/application/plugins/Auth.php:21 'Admin'
23:25:13-[debug]-/private/var/www/myaf3/app/application/plugins/Auth.php:22 'main'
23:25:13-[debug]-/private/var/www/myaf3/app/application/plugins/Auth.php:28 '$request: '
23:25:13-[debug]-/private/var/www/myaf3/app/application/plugins/Auth.php:29 Yaf_Request_Http::__set_state(array(
   'module' => 'Admin',
   'controller' => 'Main',
   'action' => 'main',
   'method' => 'GET',
   'params' => 
  array (
  ),
   'language' => NULL,
   '_exception' => NULL,
   '_base_uri' => '',
   'uri' => '/admin/main/main',
   'dispatched' => false,
   'routed' => true,
))
23:25:13-[debug]-/private/var/www/myaf3/app/application/plugins/Auth.php:30 '$isLogin: '
23:25:13-[debug]-/private/var/www/myaf3/app/application/plugins/Auth.php:31 true
23:30:35-[debug]-/private/var/www/myaf3/app/application/plugins/Auth.php:20 'AuthPlugin::dispatchLoopStartup'
23:30:35-[debug]-/private/var/www/myaf3/app/application/plugins/Auth.php:21 'Admin'
23:30:35-[debug]-/private/var/www/myaf3/app/application/plugins/Auth.php:22 'main'
23:30:35-[debug]-/private/var/www/myaf3/app/application/plugins/Auth.php:28 '$request: '
23:30:35-[debug]-/private/var/www/myaf3/app/application/plugins/Auth.php:29 Yaf_Request_Http::__set_state(array(
   'module' => 'Admin',
   'controller' => 'Main',
   'action' => 'main',
   'method' => 'GET',
   'params' => 
  array (
  ),
   'language' => NULL,
   '_exception' => NULL,
   '_base_uri' => '',
   'uri' => '/admin/main/main',
   'dispatched' => false,
   'routed' => true,
))
23:30:35-[debug]-/private/var/www/myaf3/app/application/plugins/Auth.php:30 '$isLogin: '
23:30:35-[debug]-/private/var/www/myaf3/app/application/plugins/Auth.php:31 true
23:30:52-[debug]-/private/var/www/myaf3/app/application/plugins/Auth.php:20 'AuthPlugin::dispatchLoopStartup'
23:30:52-[debug]-/private/var/www/myaf3/app/application/plugins/Auth.php:21 'Admin'
23:30:52-[debug]-/private/var/www/myaf3/app/application/plugins/Auth.php:22 'main'
23:30:52-[debug]-/private/var/www/myaf3/app/application/plugins/Auth.php:28 '$request: '
23:30:52-[debug]-/private/var/www/myaf3/app/application/plugins/Auth.php:29 Yaf_Request_Http::__set_state(array(
   'module' => 'Admin',
   'controller' => 'Main',
   'action' => 'main',
   'method' => 'GET',
   'params' => 
  array (
  ),
   'language' => NULL,
   '_exception' => NULL,
   '_base_uri' => '',
   'uri' => '/admin/main/main',
   'dispatched' => false,
   'routed' => true,
))
23:30:52-[debug]-/private/var/www/myaf3/app/application/plugins/Auth.php:30 '$isLogin: '
23:30:52-[debug]-/private/var/www/myaf3/app/application/plugins/Auth.php:31 true
23:33:22-[debug]-/private/var/www/myaf3/app/application/plugins/Auth.php:20 'AuthPlugin::dispatchLoopStartup'
23:33:22-[debug]-/private/var/www/myaf3/app/application/plugins/Auth.php:21 'Admin'
23:33:22-[debug]-/private/var/www/myaf3/app/application/plugins/Auth.php:22 'main'
23:33:22-[debug]-/private/var/www/myaf3/app/application/plugins/Auth.php:28 '$request: '
23:33:22-[debug]-/private/var/www/myaf3/app/application/plugins/Auth.php:29 Yaf_Request_Http::__set_state(array(
   'module' => 'Admin',
   'controller' => 'Main',
   'action' => 'main',
   'method' => 'GET',
   'params' => 
  array (
  ),
   'language' => NULL,
   '_exception' => NULL,
   '_base_uri' => '',
   'uri' => '/admin/main/main',
   'dispatched' => false,
   'routed' => true,
))
23:33:22-[debug]-/private/var/www/myaf3/app/application/plugins/Auth.php:30 '$isLogin: '
23:33:22-[debug]-/private/var/www/myaf3/app/application/plugins/Auth.php:31 true
23:33:34-[debug]-/private/var/www/myaf3/app/application/plugins/Auth.php:20 'AuthPlugin::dispatchLoopStartup'
23:33:34-[debug]-/private/var/www/myaf3/app/application/plugins/Auth.php:21 'Admin'
23:33:34-[debug]-/private/var/www/myaf3/app/application/plugins/Auth.php:22 'main'
23:33:34-[debug]-/private/var/www/myaf3/app/application/plugins/Auth.php:28 '$request: '
23:33:34-[debug]-/private/var/www/myaf3/app/application/plugins/Auth.php:29 Yaf_Request_Http::__set_state(array(
   'module' => 'Admin',
   'controller' => 'Main',
   'action' => 'main',
   'method' => 'GET',
   'params' => 
  array (
  ),
   'language' => NULL,
   '_exception' => NULL,
   '_base_uri' => '',
   'uri' => '/admin/main/main',
   'dispatched' => false,
   'routed' => true,
))
23:33:34-[debug]-/private/var/www/myaf3/app/application/plugins/Auth.php:30 '$isLogin: '
23:33:34-[debug]-/private/var/www/myaf3/app/application/plugins/Auth.php:31 true
23:36:32-[debug]-/private/var/www/myaf3/app/application/plugins/Auth.php:20 'AuthPlugin::dispatchLoopStartup'
23:36:32-[debug]-/private/var/www/myaf3/app/application/plugins/Auth.php:21 'Admin'
23:36:32-[debug]-/private/var/www/myaf3/app/application/plugins/Auth.php:22 'main'
23:36:32-[debug]-/private/var/www/myaf3/app/application/plugins/Auth.php:28 '$request: '
23:36:32-[debug]-/private/var/www/myaf3/app/application/plugins/Auth.php:29 Yaf_Request_Http::__set_state(array(
   'module' => 'Admin',
   'controller' => 'Main',
   'action' => 'main',
   'method' => 'GET',
   'params' => 
  array (
  ),
   'language' => NULL,
   '_exception' => NULL,
   '_base_uri' => '',
   'uri' => '/admin/main/main',
   'dispatched' => false,
   'routed' => true,
))
23:36:32-[debug]-/private/var/www/myaf3/app/application/plugins/Auth.php:30 '$isLogin: '
23:36:32-[debug]-/private/var/www/myaf3/app/application/plugins/Auth.php:31 true
23:36:35-[debug]-/private/var/www/myaf3/app/application/plugins/Auth.php:20 'AuthPlugin::dispatchLoopStartup'
23:36:35-[debug]-/private/var/www/myaf3/app/application/plugins/Auth.php:21 'Admin'
23:36:35-[debug]-/private/var/www/myaf3/app/application/plugins/Auth.php:22 'main'
23:36:35-[debug]-/private/var/www/myaf3/app/application/plugins/Auth.php:28 '$request: '
23:36:35-[debug]-/private/var/www/myaf3/app/application/plugins/Auth.php:29 Yaf_Request_Http::__set_state(array(
   'module' => 'Admin',
   'controller' => 'Main',
   'action' => 'main',
   'method' => 'GET',
   'params' => 
  array (
  ),
   'language' => NULL,
   '_exception' => NULL,
   '_base_uri' => '',
   'uri' => '/admin/main/main',
   'dispatched' => false,
   'routed' => true,
))
23:36:35-[debug]-/private/var/www/myaf3/app/application/plugins/Auth.php:30 '$isLogin: '
23:36:35-[debug]-/private/var/www/myaf3/app/application/plugins/Auth.php:31 true
23:36:48-[debug]-/private/var/www/myaf3/app/application/plugins/Auth.php:20 'AuthPlugin::dispatchLoopStartup'
23:36:48-[debug]-/private/var/www/myaf3/app/application/plugins/Auth.php:21 'Admin'
23:36:48-[debug]-/private/var/www/myaf3/app/application/plugins/Auth.php:22 'main'
23:36:48-[debug]-/private/var/www/myaf3/app/application/plugins/Auth.php:28 '$request: '
23:36:48-[debug]-/private/var/www/myaf3/app/application/plugins/Auth.php:29 Yaf_Request_Http::__set_state(array(
   'module' => 'Admin',
   'controller' => 'Main',
   'action' => 'main',
   'method' => 'GET',
   'params' => 
  array (
  ),
   'language' => NULL,
   '_exception' => NULL,
   '_base_uri' => '',
   'uri' => '/admin/main/main',
   'dispatched' => false,
   'routed' => true,
))
23:36:48-[debug]-/private/var/www/myaf3/app/application/plugins/Auth.php:30 '$isLogin: '
23:36:48-[debug]-/private/var/www/myaf3/app/application/plugins/Auth.php:31 true
23:37:31-[debug]-/private/var/www/myaf3/app/application/plugins/Auth.php:20 'AuthPlugin::dispatchLoopStartup'
23:37:31-[debug]-/private/var/www/myaf3/app/application/plugins/Auth.php:21 'Admin'
23:37:31-[debug]-/private/var/www/myaf3/app/application/plugins/Auth.php:22 'main'
23:37:31-[debug]-/private/var/www/myaf3/app/application/plugins/Auth.php:28 '$request: '
23:37:31-[debug]-/private/var/www/myaf3/app/application/plugins/Auth.php:29 Yaf_Request_Http::__set_state(array(
   'module' => 'Admin',
   'controller' => 'Main',
   'action' => 'main',
   'method' => 'GET',
   'params' => 
  array (
  ),
   'language' => NULL,
   '_exception' => NULL,
   '_base_uri' => '',
   'uri' => '/admin/main/main',
   'dispatched' => false,
   'routed' => true,
))
23:37:31-[debug]-/private/var/www/myaf3/app/application/plugins/Auth.php:30 '$isLogin: '
23:37:31-[debug]-/private/var/www/myaf3/app/application/plugins/Auth.php:31 true
23:37:43-[debug]-/private/var/www/myaf3/app/application/plugins/Auth.php:20 'AuthPlugin::dispatchLoopStartup'
23:37:43-[debug]-/private/var/www/myaf3/app/application/plugins/Auth.php:21 'Admin'
23:37:43-[debug]-/private/var/www/myaf3/app/application/plugins/Auth.php:22 'main'
23:37:43-[debug]-/private/var/www/myaf3/app/application/plugins/Auth.php:28 '$request: '
23:37:43-[debug]-/private/var/www/myaf3/app/application/plugins/Auth.php:29 Yaf_Request_Http::__set_state(array(
   'module' => 'Admin',
   'controller' => 'Main',
   'action' => 'main',
   'method' => 'GET',
   'params' => 
  array (
  ),
   'language' => NULL,
   '_exception' => NULL,
   '_base_uri' => '',
   'uri' => '/admin/main/main',
   'dispatched' => false,
   'routed' => true,
))
23:37:43-[debug]-/private/var/www/myaf3/app/application/plugins/Auth.php:30 '$isLogin: '
23:37:43-[debug]-/private/var/www/myaf3/app/application/plugins/Auth.php:31 true
23:38:20-[debug]-/private/var/www/myaf3/app/application/plugins/Auth.php:20 'AuthPlugin::dispatchLoopStartup'
23:38:20-[debug]-/private/var/www/myaf3/app/application/plugins/Auth.php:21 'Admin'
23:38:20-[debug]-/private/var/www/myaf3/app/application/plugins/Auth.php:22 'main'
23:38:20-[debug]-/private/var/www/myaf3/app/application/plugins/Auth.php:28 '$request: '
23:38:20-[debug]-/private/var/www/myaf3/app/application/plugins/Auth.php:29 Yaf_Request_Http::__set_state(array(
   'module' => 'Admin',
   'controller' => 'Main',
   'action' => 'main',
   'method' => 'GET',
   'params' => 
  array (
  ),
   'language' => NULL,
   '_exception' => NULL,
   '_base_uri' => '',
   'uri' => '/admin/main/main',
   'dispatched' => false,
   'routed' => true,
))
23:38:20-[debug]-/private/var/www/myaf3/app/application/plugins/Auth.php:30 '$isLogin: '
23:38:20-[debug]-/private/var/www/myaf3/app/application/plugins/Auth.php:31 true
23:41:28-[debug]-/private/var/www/myaf3/app/application/plugins/Auth.php:20 'AuthPlugin::dispatchLoopStartup'
23:41:28-[debug]-/private/var/www/myaf3/app/application/plugins/Auth.php:21 'Admin'
23:41:28-[debug]-/private/var/www/myaf3/app/application/plugins/Auth.php:22 'main'
23:41:28-[debug]-/private/var/www/myaf3/app/application/plugins/Auth.php:28 '$request: '
23:41:28-[debug]-/private/var/www/myaf3/app/application/plugins/Auth.php:29 Yaf_Request_Http::__set_state(array(
   'module' => 'Admin',
   'controller' => 'Main',
   'action' => 'main',
   'method' => 'GET',
   'params' => 
  array (
  ),
   'language' => NULL,
   '_exception' => NULL,
   '_base_uri' => '',
   'uri' => '/admin/main/main',
   'dispatched' => false,
   'routed' => true,
))
23:41:28-[debug]-/private/var/www/myaf3/app/application/plugins/Auth.php:30 '$isLogin: '
23:41:28-[debug]-/private/var/www/myaf3/app/application/plugins/Auth.php:31 true
23:42:02-[debug]-/private/var/www/myaf3/app/application/plugins/Auth.php:20 'AuthPlugin::dispatchLoopStartup'
23:42:02-[debug]-/private/var/www/myaf3/app/application/plugins/Auth.php:21 'Admin'
23:42:02-[debug]-/private/var/www/myaf3/app/application/plugins/Auth.php:22 'main'
23:42:02-[debug]-/private/var/www/myaf3/app/application/plugins/Auth.php:28 '$request: '
23:42:02-[debug]-/private/var/www/myaf3/app/application/plugins/Auth.php:29 Yaf_Request_Http::__set_state(array(
   'module' => 'Admin',
   'controller' => 'Main',
   'action' => 'main',
   'method' => 'GET',
   'params' => 
  array (
  ),
   'language' => NULL,
   '_exception' => NULL,
   '_base_uri' => '',
   'uri' => '/admin/main/main',
   'dispatched' => false,
   'routed' => true,
))
23:42:02-[debug]-/private/var/www/myaf3/app/application/plugins/Auth.php:30 '$isLogin: '
23:42:02-[debug]-/private/var/www/myaf3/app/application/plugins/Auth.php:31 true
23:42:27-[debug]-/private/var/www/myaf3/app/application/plugins/Auth.php:20 'AuthPlugin::dispatchLoopStartup'
23:42:27-[debug]-/private/var/www/myaf3/app/application/plugins/Auth.php:21 'Admin'
23:42:27-[debug]-/private/var/www/myaf3/app/application/plugins/Auth.php:22 'main'
23:42:27-[debug]-/private/var/www/myaf3/app/application/plugins/Auth.php:28 '$request: '
23:42:27-[debug]-/private/var/www/myaf3/app/application/plugins/Auth.php:29 Yaf_Request_Http::__set_state(array(
   'module' => 'Admin',
   'controller' => 'Main',
   'action' => 'main',
   'method' => 'GET',
   'params' => 
  array (
  ),
   'language' => NULL,
   '_exception' => NULL,
   '_base_uri' => '',
   'uri' => '/admin/main/main',
   'dispatched' => false,
   'routed' => true,
))
23:42:27-[debug]-/private/var/www/myaf3/app/application/plugins/Auth.php:30 '$isLogin: '
23:42:27-[debug]-/private/var/www/myaf3/app/application/plugins/Auth.php:31 true
23:53:56-[debug]-/private/var/www/myaf3/app/application/plugins/Auth.php:20 'AuthPlugin::dispatchLoopStartup'
23:53:56-[debug]-/private/var/www/myaf3/app/application/plugins/Auth.php:21 'Admin'
23:53:56-[debug]-/private/var/www/myaf3/app/application/plugins/Auth.php:22 'main'
23:53:56-[debug]-/private/var/www/myaf3/app/application/plugins/Auth.php:28 '$request: '
23:53:56-[debug]-/private/var/www/myaf3/app/application/plugins/Auth.php:29 Yaf_Request_Http::__set_state(array(
   'module' => 'Admin',
   'controller' => 'Main',
   'action' => 'main',
   'method' => 'GET',
   'params' => 
  array (
  ),
   'language' => NULL,
   '_exception' => NULL,
   '_base_uri' => '',
   'uri' => '/admin/main/main',
   'dispatched' => false,
   'routed' => true,
))
23:53:56-[debug]-/private/var/www/myaf3/app/application/plugins/Auth.php:30 '$isLogin: '
23:53:56-[debug]-/private/var/www/myaf3/app/application/plugins/Auth.php:31 true
23:58:24-[debug]-/private/var/www/myaf3/app/application/plugins/Auth.php:20 'AuthPlugin::dispatchLoopStartup'
23:58:24-[debug]-/private/var/www/myaf3/app/application/plugins/Auth.php:21 'Admin'
23:58:24-[debug]-/private/var/www/myaf3/app/application/plugins/Auth.php:22 'main'
23:58:24-[debug]-/private/var/www/myaf3/app/application/plugins/Auth.php:28 '$request: '
23:58:24-[debug]-/private/var/www/myaf3/app/application/plugins/Auth.php:29 Yaf_Request_Http::__set_state(array(
   'module' => 'Admin',
   'controller' => 'Main',
   'action' => 'main',
   'method' => 'GET',
   'params' => 
  array (
  ),
   'language' => NULL,
   '_exception' => NULL,
   '_base_uri' => '',
   'uri' => '/admin/main/main',
   'dispatched' => false,
   'routed' => true,
))
23:58:24-[debug]-/private/var/www/myaf3/app/application/plugins/Auth.php:30 '$isLogin: '
23:58:24-[debug]-/private/var/www/myaf3/app/application/plugins/Auth.php:31 true
23:58:28-[debug]-/private/var/www/myaf3/app/application/plugins/Auth.php:20 'AuthPlugin::dispatchLoopStartup'
23:58:28-[debug]-/private/var/www/myaf3/app/application/plugins/Auth.php:21 'Admin'
23:58:28-[debug]-/private/var/www/myaf3/app/application/plugins/Auth.php:22 'getallmembers'
23:58:28-[debug]-/private/var/www/myaf3/app/application/plugins/Auth.php:28 '$request: '
23:58:28-[debug]-/private/var/www/myaf3/app/application/plugins/Auth.php:29 Yaf_Request_Http::__set_state(array(
   'module' => 'Admin',
   'controller' => 'Member',
   'action' => 'getallmembers',
   'method' => 'GET',
   'params' => 
  array (
  ),
   'language' => NULL,
   '_exception' => NULL,
   '_base_uri' => '',
   'uri' => '/admin/member/getAllMembers',
   'dispatched' => false,
   'routed' => true,
))
23:58:28-[debug]-/private/var/www/myaf3/app/application/plugins/Auth.php:30 '$isLogin: '
23:58:28-[debug]-/private/var/www/myaf3/app/application/plugins/Auth.php:31 true
