11:01:22-[debug]-/private/var/www/myaf3/app/application/plugins/Auth.php:20 'AuthPlugin::dispatchLoopStartup'
11:01:22-[debug]-/private/var/www/myaf3/app/application/plugins/Auth.php:21 'Admin'
11:01:22-[debug]-/private/var/www/myaf3/app/application/plugins/Auth.php:22 'index'
11:01:22-[debug]-/private/var/www/myaf3/app/application/plugins/Auth.php:28 '$request: '
11:01:22-[debug]-/private/var/www/myaf3/app/application/plugins/Auth.php:29 Yaf_Request_Http::__set_state(array(
   'module' => 'Admin',
   'controller' => 'Index',
   'action' => 'index',
   'method' => 'GET',
   'params' => 
  array (
  ),
   'language' => NULL,
   '_exception' => NULL,
   '_base_uri' => '',
   'uri' => '/admin/index/index',
   'dispatched' => false,
   'routed' => true,
))
11:01:22-[debug]-/private/var/www/myaf3/app/application/plugins/Auth.php:30 '$isLogin: '
11:01:22-[debug]-/private/var/www/myaf3/app/application/plugins/Auth.php:31 true
11:01:31-[debug]-/private/var/www/myaf3/app/application/plugins/Auth.php:20 'AuthPlugin::dispatchLoopStartup'
11:01:31-[debug]-/private/var/www/myaf3/app/application/plugins/Auth.php:21 'Admin'
11:01:31-[debug]-/private/var/www/myaf3/app/application/plugins/Auth.php:22 'login'
11:02:14-[debug]-/private/var/www/myaf3/app/application/plugins/Auth.php:20 'AuthPlugin::dispatchLoopStartup'
11:02:14-[debug]-/private/var/www/myaf3/app/application/plugins/Auth.php:21 'Admin'
11:02:14-[debug]-/private/var/www/myaf3/app/application/plugins/Auth.php:22 'index'
11:02:14-[debug]-/private/var/www/myaf3/app/application/plugins/Auth.php:28 '$request: '
11:02:14-[debug]-/private/var/www/myaf3/app/application/plugins/Auth.php:29 Yaf_Request_Http::__set_state(array(
   'module' => 'Admin',
   'controller' => 'Index',
   'action' => 'index',
   'method' => 'GET',
   'params' => 
  array (
  ),
   'language' => NULL,
   '_exception' => NULL,
   '_base_uri' => '',
   'uri' => '/admin/index/index',
   'dispatched' => false,
   'routed' => true,
))
11:02:14-[debug]-/private/var/www/myaf3/app/application/plugins/Auth.php:30 '$isLogin: '
11:02:14-[debug]-/private/var/www/myaf3/app/application/plugins/Auth.php:31 true
11:02:16-[debug]-/private/var/www/myaf3/app/application/plugins/Auth.php:20 'AuthPlugin::dispatchLoopStartup'
11:02:16-[debug]-/private/var/www/myaf3/app/application/plugins/Auth.php:21 'Admin'
11:02:16-[debug]-/private/var/www/myaf3/app/application/plugins/Auth.php:22 'index'
11:02:16-[debug]-/private/var/www/myaf3/app/application/plugins/Auth.php:28 '$request: '
11:02:16-[debug]-/private/var/www/myaf3/app/application/plugins/Auth.php:29 Yaf_Request_Http::__set_state(array(
   'module' => 'Admin',
   'controller' => 'Index',
   'action' => 'index',
   'method' => 'GET',
   'params' => 
  array (
  ),
   'language' => NULL,
   '_exception' => NULL,
   '_base_uri' => '',
   'uri' => '/admin/index/index',
   'dispatched' => false,
   'routed' => true,
))
11:02:16-[debug]-/private/var/www/myaf3/app/application/plugins/Auth.php:30 '$isLogin: '
11:02:16-[debug]-/private/var/www/myaf3/app/application/plugins/Auth.php:31 true
11:02:21-[debug]-/private/var/www/myaf3/app/application/plugins/Auth.php:20 'AuthPlugin::dispatchLoopStartup'
11:02:21-[debug]-/private/var/www/myaf3/app/application/plugins/Auth.php:21 'Admin'
11:02:21-[debug]-/private/var/www/myaf3/app/application/plugins/Auth.php:22 'login'
11:04:06-[debug]-/private/var/www/myaf3/app/application/plugins/Auth.php:20 'AuthPlugin::dispatchLoopStartup'
11:04:06-[debug]-/private/var/www/myaf3/app/application/plugins/Auth.php:21 'Admin'
11:04:06-[debug]-/private/var/www/myaf3/app/application/plugins/Auth.php:22 'auth'
11:04:06-[debug]-/private/var/www/myaf3/app/application/plugins/Auth.php:28 '$request: '
11:04:06-[debug]-/private/var/www/myaf3/app/application/plugins/Auth.php:29 Yaf_Request_Http::__set_state(array(
   'module' => 'Admin',
   'controller' => 'Index',
   'action' => 'auth',
   'method' => 'POST',
   'params' => 
  array (
  ),
   'language' => NULL,
   '_exception' => NULL,
   '_base_uri' => '',
   'uri' => '/admin/index/auth',
   'dispatched' => false,
   'routed' => true,
))
11:04:06-[debug]-/private/var/www/myaf3/app/application/plugins/Auth.php:30 '$isLogin: '
11:04:06-[debug]-/private/var/www/myaf3/app/application/plugins/Auth.php:31 true
11:04:06-[debug]-/private/var/www/myaf3/app/application/modules/Admin/controllers/Index.php:45 'user: admin'
11:04:06-[debug]-/private/var/www/myaf3/app/application/modules/Admin/controllers/Index.php:46 'pass: 21232f297a57a5a743894a0e4a801fc3'
11:04:06-[debug]-/private/var/www/myaf3/app/application/modules/Admin/controllers/Index.php:47 '是否登陆: 1'
11:04:06-[debug]-/private/var/www/myaf3/app/application/plugins/Auth.php:20 'AuthPlugin::dispatchLoopStartup'
11:04:06-[debug]-/private/var/www/myaf3/app/application/plugins/Auth.php:21 'Admin'
11:04:06-[debug]-/private/var/www/myaf3/app/application/plugins/Auth.php:22 'main'
11:04:06-[debug]-/private/var/www/myaf3/app/application/plugins/Auth.php:28 '$request: '
11:04:06-[debug]-/private/var/www/myaf3/app/application/plugins/Auth.php:29 Yaf_Request_Http::__set_state(array(
   'module' => 'Admin',
   'controller' => 'Main',
   'action' => 'main',
   'method' => 'GET',
   'params' => 
  array (
  ),
   'language' => NULL,
   '_exception' => NULL,
   '_base_uri' => '',
   'uri' => '/admin/main/main',
   'dispatched' => false,
   'routed' => true,
))
11:04:06-[debug]-/private/var/www/myaf3/app/application/plugins/Auth.php:30 '$isLogin: '
11:04:06-[debug]-/private/var/www/myaf3/app/application/plugins/Auth.php:31 true
11:18:54-[debug]-/private/var/www/myaf3/app/application/plugins/Auth.php:20 'AuthPlugin::dispatchLoopStartup'
11:18:54-[debug]-/private/var/www/myaf3/app/application/plugins/Auth.php:21 'Admin'
11:18:54-[debug]-/private/var/www/myaf3/app/application/plugins/Auth.php:22 'main'
11:18:54-[debug]-/private/var/www/myaf3/app/application/plugins/Auth.php:28 '$request: '
11:18:54-[debug]-/private/var/www/myaf3/app/application/plugins/Auth.php:29 Yaf_Request_Http::__set_state(array(
   'module' => 'Admin',
   'controller' => 'Main',
   'action' => 'main',
   'method' => 'GET',
   'params' => 
  array (
  ),
   'language' => NULL,
   '_exception' => NULL,
   '_base_uri' => '',
   'uri' => '/admin/main/main',
   'dispatched' => false,
   'routed' => true,
))
11:18:54-[debug]-/private/var/www/myaf3/app/application/plugins/Auth.php:30 '$isLogin: '
11:18:54-[debug]-/private/var/www/myaf3/app/application/plugins/Auth.php:31 true
11:23:48-[debug]-/private/var/www/myaf3/app/application/plugins/Auth.php:20 'AuthPlugin::dispatchLoopStartup'
11:23:48-[debug]-/private/var/www/myaf3/app/application/plugins/Auth.php:21 'Admin'
11:23:48-[debug]-/private/var/www/myaf3/app/application/plugins/Auth.php:22 'main'
11:23:48-[debug]-/private/var/www/myaf3/app/application/plugins/Auth.php:28 '$request: '
11:23:48-[debug]-/private/var/www/myaf3/app/application/plugins/Auth.php:29 Yaf_Request_Http::__set_state(array(
   'module' => 'Admin',
   'controller' => 'Main',
   'action' => 'main',
   'method' => 'GET',
   'params' => 
  array (
  ),
   'language' => NULL,
   '_exception' => NULL,
   '_base_uri' => '',
   'uri' => '/admin/main/main',
   'dispatched' => false,
   'routed' => true,
))
11:23:48-[debug]-/private/var/www/myaf3/app/application/plugins/Auth.php:30 '$isLogin: '
11:23:48-[debug]-/private/var/www/myaf3/app/application/plugins/Auth.php:31 true
11:24:00-[debug]-/private/var/www/myaf3/app/application/plugins/Auth.php:20 'AuthPlugin::dispatchLoopStartup'
11:24:00-[debug]-/private/var/www/myaf3/app/application/plugins/Auth.php:21 'Admin'
11:24:00-[debug]-/private/var/www/myaf3/app/application/plugins/Auth.php:22 'main'
11:24:00-[debug]-/private/var/www/myaf3/app/application/plugins/Auth.php:28 '$request: '
11:24:00-[debug]-/private/var/www/myaf3/app/application/plugins/Auth.php:29 Yaf_Request_Http::__set_state(array(
   'module' => 'Admin',
   'controller' => 'Main',
   'action' => 'main',
   'method' => 'GET',
   'params' => 
  array (
  ),
   'language' => NULL,
   '_exception' => NULL,
   '_base_uri' => '',
   'uri' => '/admin/main/main',
   'dispatched' => false,
   'routed' => true,
))
11:24:00-[debug]-/private/var/www/myaf3/app/application/plugins/Auth.php:30 '$isLogin: '
11:24:00-[debug]-/private/var/www/myaf3/app/application/plugins/Auth.php:31 true
11:34:30-[debug]-/private/var/www/myaf3/app/application/plugins/Auth.php:20 'AuthPlugin::dispatchLoopStartup'
11:34:30-[debug]-/private/var/www/myaf3/app/application/plugins/Auth.php:21 'Admin'
11:34:30-[debug]-/private/var/www/myaf3/app/application/plugins/Auth.php:22 'main'
11:34:30-[debug]-/private/var/www/myaf3/app/application/plugins/Auth.php:28 '$request: '
11:34:30-[debug]-/private/var/www/myaf3/app/application/plugins/Auth.php:29 Yaf_Request_Http::__set_state(array(
   'module' => 'Admin',
   'controller' => 'Main',
   'action' => 'main',
   'method' => 'GET',
   'params' => 
  array (
  ),
   'language' => NULL,
   '_exception' => NULL,
   '_base_uri' => '',
   'uri' => '/admin/main/main',
   'dispatched' => false,
   'routed' => true,
))
11:34:30-[debug]-/private/var/www/myaf3/app/application/plugins/Auth.php:30 '$isLogin: '
11:34:30-[debug]-/private/var/www/myaf3/app/application/plugins/Auth.php:31 true
11:34:33-[debug]-/private/var/www/myaf3/app/application/plugins/Auth.php:20 'AuthPlugin::dispatchLoopStartup'
11:34:33-[debug]-/private/var/www/myaf3/app/application/plugins/Auth.php:21 'Admin'
11:34:33-[debug]-/private/var/www/myaf3/app/application/plugins/Auth.php:22 'main'
11:34:33-[debug]-/private/var/www/myaf3/app/application/plugins/Auth.php:28 '$request: '
11:34:33-[debug]-/private/var/www/myaf3/app/application/plugins/Auth.php:29 Yaf_Request_Http::__set_state(array(
   'module' => 'Admin',
   'controller' => 'Main',
   'action' => 'main',
   'method' => 'GET',
   'params' => 
  array (
  ),
   'language' => NULL,
   '_exception' => NULL,
   '_base_uri' => '',
   'uri' => '/admin/main/main',
   'dispatched' => false,
   'routed' => true,
))
11:34:33-[debug]-/private/var/www/myaf3/app/application/plugins/Auth.php:30 '$isLogin: '
11:34:33-[debug]-/private/var/www/myaf3/app/application/plugins/Auth.php:31 true
11:34:41-[debug]-/private/var/www/myaf3/app/application/plugins/Auth.php:20 'AuthPlugin::dispatchLoopStartup'
11:34:41-[debug]-/private/var/www/myaf3/app/application/plugins/Auth.php:21 'Admin'
11:34:41-[debug]-/private/var/www/myaf3/app/application/plugins/Auth.php:22 'main'
11:34:41-[debug]-/private/var/www/myaf3/app/application/plugins/Auth.php:28 '$request: '
11:34:41-[debug]-/private/var/www/myaf3/app/application/plugins/Auth.php:29 Yaf_Request_Http::__set_state(array(
   'module' => 'Admin',
   'controller' => 'Main',
   'action' => 'main',
   'method' => 'GET',
   'params' => 
  array (
  ),
   'language' => NULL,
   '_exception' => NULL,
   '_base_uri' => '',
   'uri' => '/admin/main/main',
   'dispatched' => false,
   'routed' => true,
))
11:34:41-[debug]-/private/var/www/myaf3/app/application/plugins/Auth.php:30 '$isLogin: '
11:34:41-[debug]-/private/var/www/myaf3/app/application/plugins/Auth.php:31 true
11:35:25-[debug]-/private/var/www/myaf3/app/application/plugins/Auth.php:20 'AuthPlugin::dispatchLoopStartup'
11:35:25-[debug]-/private/var/www/myaf3/app/application/plugins/Auth.php:21 'Admin'
11:35:25-[debug]-/private/var/www/myaf3/app/application/plugins/Auth.php:22 'main'
11:35:25-[debug]-/private/var/www/myaf3/app/application/plugins/Auth.php:28 '$request: '
11:35:25-[debug]-/private/var/www/myaf3/app/application/plugins/Auth.php:29 Yaf_Request_Http::__set_state(array(
   'module' => 'Admin',
   'controller' => 'Main',
   'action' => 'main',
   'method' => 'GET',
   'params' => 
  array (
  ),
   'language' => NULL,
   '_exception' => NULL,
   '_base_uri' => '',
   'uri' => '/admin/main/main',
   'dispatched' => false,
   'routed' => true,
))
11:35:25-[debug]-/private/var/www/myaf3/app/application/plugins/Auth.php:30 '$isLogin: '
11:35:25-[debug]-/private/var/www/myaf3/app/application/plugins/Auth.php:31 true
11:38:34-[debug]-/private/var/www/myaf3/app/application/plugins/Auth.php:20 'AuthPlugin::dispatchLoopStartup'
11:38:34-[debug]-/private/var/www/myaf3/app/application/plugins/Auth.php:21 'Admin'
11:38:34-[debug]-/private/var/www/myaf3/app/application/plugins/Auth.php:22 'main'
11:38:34-[debug]-/private/var/www/myaf3/app/application/plugins/Auth.php:28 '$request: '
11:38:34-[debug]-/private/var/www/myaf3/app/application/plugins/Auth.php:29 Yaf_Request_Http::__set_state(array(
   'module' => 'Admin',
   'controller' => 'Main',
   'action' => 'main',
   'method' => 'GET',
   'params' => 
  array (
  ),
   'language' => NULL,
   '_exception' => NULL,
   '_base_uri' => '',
   'uri' => '/admin/main/main',
   'dispatched' => false,
   'routed' => true,
))
11:38:34-[debug]-/private/var/www/myaf3/app/application/plugins/Auth.php:30 '$isLogin: '
11:38:34-[debug]-/private/var/www/myaf3/app/application/plugins/Auth.php:31 true
11:39:04-[debug]-/private/var/www/myaf3/app/application/plugins/Auth.php:20 'AuthPlugin::dispatchLoopStartup'
11:39:04-[debug]-/private/var/www/myaf3/app/application/plugins/Auth.php:21 'Admin'
11:39:04-[debug]-/private/var/www/myaf3/app/application/plugins/Auth.php:22 'main'
11:39:04-[debug]-/private/var/www/myaf3/app/application/plugins/Auth.php:28 '$request: '
11:39:04-[debug]-/private/var/www/myaf3/app/application/plugins/Auth.php:29 Yaf_Request_Http::__set_state(array(
   'module' => 'Admin',
   'controller' => 'Main',
   'action' => 'main',
   'method' => 'GET',
   'params' => 
  array (
  ),
   'language' => NULL,
   '_exception' => NULL,
   '_base_uri' => '',
   'uri' => '/admin/main/main',
   'dispatched' => false,
   'routed' => true,
))
11:39:04-[debug]-/private/var/www/myaf3/app/application/plugins/Auth.php:30 '$isLogin: '
11:39:04-[debug]-/private/var/www/myaf3/app/application/plugins/Auth.php:31 true
11:39:06-[debug]-/private/var/www/myaf3/app/application/plugins/Auth.php:20 'AuthPlugin::dispatchLoopStartup'
11:39:06-[debug]-/private/var/www/myaf3/app/application/plugins/Auth.php:21 'Admin'
11:39:06-[debug]-/private/var/www/myaf3/app/application/plugins/Auth.php:22 'main'
11:39:06-[debug]-/private/var/www/myaf3/app/application/plugins/Auth.php:28 '$request: '
11:39:06-[debug]-/private/var/www/myaf3/app/application/plugins/Auth.php:29 Yaf_Request_Http::__set_state(array(
   'module' => 'Admin',
   'controller' => 'Main',
   'action' => 'main',
   'method' => 'GET',
   'params' => 
  array (
  ),
   'language' => NULL,
   '_exception' => NULL,
   '_base_uri' => '',
   'uri' => '/admin/main/main',
   'dispatched' => false,
   'routed' => true,
))
11:39:06-[debug]-/private/var/www/myaf3/app/application/plugins/Auth.php:30 '$isLogin: '
11:39:06-[debug]-/private/var/www/myaf3/app/application/plugins/Auth.php:31 true
11:42:58-[debug]-/private/var/www/myaf3/app/application/plugins/Auth.php:20 'AuthPlugin::dispatchLoopStartup'
11:42:58-[debug]-/private/var/www/myaf3/app/application/plugins/Auth.php:21 'Admin'
11:42:58-[debug]-/private/var/www/myaf3/app/application/plugins/Auth.php:22 'main'
11:42:58-[debug]-/private/var/www/myaf3/app/application/plugins/Auth.php:28 '$request: '
11:42:58-[debug]-/private/var/www/myaf3/app/application/plugins/Auth.php:29 Yaf_Request_Http::__set_state(array(
   'module' => 'Admin',
   'controller' => 'Main',
   'action' => 'main',
   'method' => 'GET',
   'params' => 
  array (
  ),
   'language' => NULL,
   '_exception' => NULL,
   '_base_uri' => '',
   'uri' => '/admin/main/main',
   'dispatched' => false,
   'routed' => true,
))
11:42:58-[debug]-/private/var/www/myaf3/app/application/plugins/Auth.php:30 '$isLogin: '
11:42:58-[debug]-/private/var/www/myaf3/app/application/plugins/Auth.php:31 true
11:43:46-[debug]-/private/var/www/myaf3/app/application/plugins/Auth.php:20 'AuthPlugin::dispatchLoopStartup'
11:43:46-[debug]-/private/var/www/myaf3/app/application/plugins/Auth.php:21 'Admin'
11:43:46-[debug]-/private/var/www/myaf3/app/application/plugins/Auth.php:22 'main'
11:43:46-[debug]-/private/var/www/myaf3/app/application/plugins/Auth.php:28 '$request: '
11:43:46-[debug]-/private/var/www/myaf3/app/application/plugins/Auth.php:29 Yaf_Request_Http::__set_state(array(
   'module' => 'Admin',
   'controller' => 'Main',
   'action' => 'main',
   'method' => 'GET',
   'params' => 
  array (
  ),
   'language' => NULL,
   '_exception' => NULL,
   '_base_uri' => '',
   'uri' => '/admin/main/main',
   'dispatched' => false,
   'routed' => true,
))
11:43:46-[debug]-/private/var/www/myaf3/app/application/plugins/Auth.php:30 '$isLogin: '
11:43:46-[debug]-/private/var/www/myaf3/app/application/plugins/Auth.php:31 true
11:43:47-[debug]-/private/var/www/myaf3/app/application/plugins/Auth.php:20 'AuthPlugin::dispatchLoopStartup'
11:43:47-[debug]-/private/var/www/myaf3/app/application/plugins/Auth.php:21 'Admin'
11:43:47-[debug]-/private/var/www/myaf3/app/application/plugins/Auth.php:22 'main'
11:43:47-[debug]-/private/var/www/myaf3/app/application/plugins/Auth.php:28 '$request: '
11:43:47-[debug]-/private/var/www/myaf3/app/application/plugins/Auth.php:29 Yaf_Request_Http::__set_state(array(
   'module' => 'Admin',
   'controller' => 'Main',
   'action' => 'main',
   'method' => 'GET',
   'params' => 
  array (
  ),
   'language' => NULL,
   '_exception' => NULL,
   '_base_uri' => '',
   'uri' => '/admin/main/main',
   'dispatched' => false,
   'routed' => true,
))
11:43:47-[debug]-/private/var/www/myaf3/app/application/plugins/Auth.php:30 '$isLogin: '
11:43:47-[debug]-/private/var/www/myaf3/app/application/plugins/Auth.php:31 true
