12:11:57-[debug]-/private/var/www/myaf3/app/application/plugins/Auth.php:20 'AuthPlugin::dispatchLoopStartup'
12:11:57-[debug]-/private/var/www/myaf3/app/application/plugins/Auth.php:21 'Admin'
12:11:57-[debug]-/private/var/www/myaf3/app/application/plugins/Auth.php:22 'main'
12:11:57-[debug]-/private/var/www/myaf3/app/application/plugins/Auth.php:28 '$request: '
12:11:57-[debug]-/private/var/www/myaf3/app/application/plugins/Auth.php:29 Yaf_Request_Http::__set_state(array(
   'module' => 'Admin',
   'controller' => 'Main',
   'action' => 'main',
   'method' => 'GET',
   'params' => 
  array (
  ),
   'language' => NULL,
   '_exception' => NULL,
   '_base_uri' => '',
   'uri' => '/admin/main/main',
   'dispatched' => false,
   'routed' => true,
))
12:11:57-[debug]-/private/var/www/myaf3/app/application/plugins/Auth.php:30 '$isLogin: '
12:11:57-[debug]-/private/var/www/myaf3/app/application/plugins/Auth.php:31 true
12:13:24-[debug]-/private/var/www/myaf3/app/application/plugins/Auth.php:20 'AuthPlugin::dispatchLoopStartup'
12:13:24-[debug]-/private/var/www/myaf3/app/application/plugins/Auth.php:21 'Admin'
12:13:24-[debug]-/private/var/www/myaf3/app/application/plugins/Auth.php:22 'main'
12:13:24-[debug]-/private/var/www/myaf3/app/application/plugins/Auth.php:28 '$request: '
12:13:24-[debug]-/private/var/www/myaf3/app/application/plugins/Auth.php:29 Yaf_Request_Http::__set_state(array(
   'module' => 'Admin',
   'controller' => 'Main',
   'action' => 'main',
   'method' => 'GET',
   'params' => 
  array (
  ),
   'language' => NULL,
   '_exception' => NULL,
   '_base_uri' => '',
   'uri' => '/admin/main/main',
   'dispatched' => false,
   'routed' => true,
))
12:13:24-[debug]-/private/var/www/myaf3/app/application/plugins/Auth.php:30 '$isLogin: '
12:13:24-[debug]-/private/var/www/myaf3/app/application/plugins/Auth.php:31 true
12:22:12-[debug]-/private/var/www/myaf3/app/application/plugins/Auth.php:20 'AuthPlugin::dispatchLoopStartup'
12:22:12-[debug]-/private/var/www/myaf3/app/application/plugins/Auth.php:21 'Admin'
12:22:12-[debug]-/private/var/www/myaf3/app/application/plugins/Auth.php:22 'main'
12:22:12-[debug]-/private/var/www/myaf3/app/application/plugins/Auth.php:28 '$request: '
12:22:12-[debug]-/private/var/www/myaf3/app/application/plugins/Auth.php:29 Yaf_Request_Http::__set_state(array(
   'module' => 'Admin',
   'controller' => 'Main',
   'action' => 'main',
   'method' => 'GET',
   'params' => 
  array (
  ),
   'language' => NULL,
   '_exception' => NULL,
   '_base_uri' => '',
   'uri' => '/admin/main/main',
   'dispatched' => false,
   'routed' => true,
))
12:22:12-[debug]-/private/var/www/myaf3/app/application/plugins/Auth.php:30 '$isLogin: '
12:22:12-[debug]-/private/var/www/myaf3/app/application/plugins/Auth.php:31 true
12:22:13-[debug]-/private/var/www/myaf3/app/application/plugins/Auth.php:20 'AuthPlugin::dispatchLoopStartup'
12:22:13-[debug]-/private/var/www/myaf3/app/application/plugins/Auth.php:21 'Admin'
12:22:13-[debug]-/private/var/www/myaf3/app/application/plugins/Auth.php:22 'main'
12:22:13-[debug]-/private/var/www/myaf3/app/application/plugins/Auth.php:28 '$request: '
12:22:13-[debug]-/private/var/www/myaf3/app/application/plugins/Auth.php:29 Yaf_Request_Http::__set_state(array(
   'module' => 'Admin',
   'controller' => 'Main',
   'action' => 'main',
   'method' => 'GET',
   'params' => 
  array (
  ),
   'language' => NULL,
   '_exception' => NULL,
   '_base_uri' => '',
   'uri' => '/admin/main/main',
   'dispatched' => false,
   'routed' => true,
))
12:22:13-[debug]-/private/var/www/myaf3/app/application/plugins/Auth.php:30 '$isLogin: '
12:22:13-[debug]-/private/var/www/myaf3/app/application/plugins/Auth.php:31 true
12:22:13-[debug]-/private/var/www/myaf3/app/application/plugins/Auth.php:20 'AuthPlugin::dispatchLoopStartup'
12:22:13-[debug]-/private/var/www/myaf3/app/application/plugins/Auth.php:21 'Admin'
12:22:13-[debug]-/private/var/www/myaf3/app/application/plugins/Auth.php:22 'main'
12:22:13-[debug]-/private/var/www/myaf3/app/application/plugins/Auth.php:28 '$request: '
12:22:13-[debug]-/private/var/www/myaf3/app/application/plugins/Auth.php:29 Yaf_Request_Http::__set_state(array(
   'module' => 'Admin',
   'controller' => 'Main',
   'action' => 'main',
   'method' => 'GET',
   'params' => 
  array (
  ),
   'language' => NULL,
   '_exception' => NULL,
   '_base_uri' => '',
   'uri' => '/admin/main/main',
   'dispatched' => false,
   'routed' => true,
))
12:22:13-[debug]-/private/var/www/myaf3/app/application/plugins/Auth.php:30 '$isLogin: '
12:22:13-[debug]-/private/var/www/myaf3/app/application/plugins/Auth.php:31 true
12:22:13-[debug]-/private/var/www/myaf3/app/application/plugins/Auth.php:20 'AuthPlugin::dispatchLoopStartup'
12:22:13-[debug]-/private/var/www/myaf3/app/application/plugins/Auth.php:21 'Admin'
12:22:13-[debug]-/private/var/www/myaf3/app/application/plugins/Auth.php:22 'main'
12:22:13-[debug]-/private/var/www/myaf3/app/application/plugins/Auth.php:28 '$request: '
12:22:13-[debug]-/private/var/www/myaf3/app/application/plugins/Auth.php:29 Yaf_Request_Http::__set_state(array(
   'module' => 'Admin',
   'controller' => 'Main',
   'action' => 'main',
   'method' => 'GET',
   'params' => 
  array (
  ),
   'language' => NULL,
   '_exception' => NULL,
   '_base_uri' => '',
   'uri' => '/admin/main/main',
   'dispatched' => false,
   'routed' => true,
))
12:22:13-[debug]-/private/var/www/myaf3/app/application/plugins/Auth.php:30 '$isLogin: '
12:22:13-[debug]-/private/var/www/myaf3/app/application/plugins/Auth.php:31 true
12:22:14-[debug]-/private/var/www/myaf3/app/application/plugins/Auth.php:20 'AuthPlugin::dispatchLoopStartup'
12:22:14-[debug]-/private/var/www/myaf3/app/application/plugins/Auth.php:21 'Admin'
12:22:14-[debug]-/private/var/www/myaf3/app/application/plugins/Auth.php:22 'main'
12:22:14-[debug]-/private/var/www/myaf3/app/application/plugins/Auth.php:28 '$request: '
12:22:14-[debug]-/private/var/www/myaf3/app/application/plugins/Auth.php:29 Yaf_Request_Http::__set_state(array(
   'module' => 'Admin',
   'controller' => 'Main',
   'action' => 'main',
   'method' => 'GET',
   'params' => 
  array (
  ),
   'language' => NULL,
   '_exception' => NULL,
   '_base_uri' => '',
   'uri' => '/admin/main/main',
   'dispatched' => false,
   'routed' => true,
))
12:22:14-[debug]-/private/var/www/myaf3/app/application/plugins/Auth.php:30 '$isLogin: '
12:22:14-[debug]-/private/var/www/myaf3/app/application/plugins/Auth.php:31 true
12:23:05-[debug]-/private/var/www/myaf3/app/application/plugins/Auth.php:20 'AuthPlugin::dispatchLoopStartup'
12:23:05-[debug]-/private/var/www/myaf3/app/application/plugins/Auth.php:21 'Admin'
12:23:05-[debug]-/private/var/www/myaf3/app/application/plugins/Auth.php:22 'main'
12:23:05-[debug]-/private/var/www/myaf3/app/application/plugins/Auth.php:28 '$request: '
12:23:05-[debug]-/private/var/www/myaf3/app/application/plugins/Auth.php:29 Yaf_Request_Http::__set_state(array(
   'module' => 'Admin',
   'controller' => 'Main',
   'action' => 'main',
   'method' => 'GET',
   'params' => 
  array (
  ),
   'language' => NULL,
   '_exception' => NULL,
   '_base_uri' => '',
   'uri' => '/admin/main/main',
   'dispatched' => false,
   'routed' => true,
))
12:23:05-[debug]-/private/var/www/myaf3/app/application/plugins/Auth.php:30 '$isLogin: '
12:23:05-[debug]-/private/var/www/myaf3/app/application/plugins/Auth.php:31 true
12:30:20-[debug]-/private/var/www/myaf3/app/application/plugins/Auth.php:20 'AuthPlugin::dispatchLoopStartup'
12:30:20-[debug]-/private/var/www/myaf3/app/application/plugins/Auth.php:21 'Admin'
12:30:20-[debug]-/private/var/www/myaf3/app/application/plugins/Auth.php:22 'main'
12:30:20-[debug]-/private/var/www/myaf3/app/application/plugins/Auth.php:28 '$request: '
12:30:20-[debug]-/private/var/www/myaf3/app/application/plugins/Auth.php:29 Yaf_Request_Http::__set_state(array(
   'module' => 'Admin',
   'controller' => 'Main',
   'action' => 'main',
   'method' => 'GET',
   'params' => 
  array (
  ),
   'language' => NULL,
   '_exception' => NULL,
   '_base_uri' => '',
   'uri' => '/admin/main/main',
   'dispatched' => false,
   'routed' => true,
))
12:30:20-[debug]-/private/var/www/myaf3/app/application/plugins/Auth.php:30 '$isLogin: '
12:30:20-[debug]-/private/var/www/myaf3/app/application/plugins/Auth.php:31 true
12:30:59-[debug]-/private/var/www/myaf3/app/application/plugins/Auth.php:20 'AuthPlugin::dispatchLoopStartup'
12:30:59-[debug]-/private/var/www/myaf3/app/application/plugins/Auth.php:21 'Admin'
12:30:59-[debug]-/private/var/www/myaf3/app/application/plugins/Auth.php:22 'main'
12:30:59-[debug]-/private/var/www/myaf3/app/application/plugins/Auth.php:28 '$request: '
12:30:59-[debug]-/private/var/www/myaf3/app/application/plugins/Auth.php:29 Yaf_Request_Http::__set_state(array(
   'module' => 'Admin',
   'controller' => 'Main',
   'action' => 'main',
   'method' => 'GET',
   'params' => 
  array (
  ),
   'language' => NULL,
   '_exception' => NULL,
   '_base_uri' => '',
   'uri' => '/admin/main/main',
   'dispatched' => false,
   'routed' => true,
))
12:30:59-[debug]-/private/var/www/myaf3/app/application/plugins/Auth.php:30 '$isLogin: '
12:30:59-[debug]-/private/var/www/myaf3/app/application/plugins/Auth.php:31 true
12:31:11-[debug]-/private/var/www/myaf3/app/application/plugins/Auth.php:20 'AuthPlugin::dispatchLoopStartup'
12:31:11-[debug]-/private/var/www/myaf3/app/application/plugins/Auth.php:21 'Admin'
12:31:11-[debug]-/private/var/www/myaf3/app/application/plugins/Auth.php:22 'main'
12:31:11-[debug]-/private/var/www/myaf3/app/application/plugins/Auth.php:28 '$request: '
12:31:11-[debug]-/private/var/www/myaf3/app/application/plugins/Auth.php:29 Yaf_Request_Http::__set_state(array(
   'module' => 'Admin',
   'controller' => 'Main',
   'action' => 'main',
   'method' => 'GET',
   'params' => 
  array (
  ),
   'language' => NULL,
   '_exception' => NULL,
   '_base_uri' => '',
   'uri' => '/admin/main/main',
   'dispatched' => false,
   'routed' => true,
))
12:31:11-[debug]-/private/var/www/myaf3/app/application/plugins/Auth.php:30 '$isLogin: '
12:31:11-[debug]-/private/var/www/myaf3/app/application/plugins/Auth.php:31 true
12:37:27-[debug]-/private/var/www/myaf3/app/application/plugins/Auth.php:20 'AuthPlugin::dispatchLoopStartup'
12:37:27-[debug]-/private/var/www/myaf3/app/application/plugins/Auth.php:21 'Admin'
12:37:27-[debug]-/private/var/www/myaf3/app/application/plugins/Auth.php:22 'main'
12:37:27-[debug]-/private/var/www/myaf3/app/application/plugins/Auth.php:28 '$request: '
12:37:27-[debug]-/private/var/www/myaf3/app/application/plugins/Auth.php:29 Yaf_Request_Http::__set_state(array(
   'module' => 'Admin',
   'controller' => 'Main',
   'action' => 'main',
   'method' => 'GET',
   'params' => 
  array (
  ),
   'language' => NULL,
   '_exception' => NULL,
   '_base_uri' => '',
   'uri' => '/admin/main/main',
   'dispatched' => false,
   'routed' => true,
))
12:37:27-[debug]-/private/var/www/myaf3/app/application/plugins/Auth.php:30 '$isLogin: '
12:37:27-[debug]-/private/var/www/myaf3/app/application/plugins/Auth.php:31 true
12:37:28-[debug]-/private/var/www/myaf3/app/application/plugins/Auth.php:20 'AuthPlugin::dispatchLoopStartup'
12:37:28-[debug]-/private/var/www/myaf3/app/application/plugins/Auth.php:21 'Admin'
12:37:28-[debug]-/private/var/www/myaf3/app/application/plugins/Auth.php:22 'main'
12:37:28-[debug]-/private/var/www/myaf3/app/application/plugins/Auth.php:28 '$request: '
12:37:28-[debug]-/private/var/www/myaf3/app/application/plugins/Auth.php:29 Yaf_Request_Http::__set_state(array(
   'module' => 'Admin',
   'controller' => 'Main',
   'action' => 'main',
   'method' => 'GET',
   'params' => 
  array (
  ),
   'language' => NULL,
   '_exception' => NULL,
   '_base_uri' => '',
   'uri' => '/admin/main/main',
   'dispatched' => false,
   'routed' => true,
))
12:37:28-[debug]-/private/var/www/myaf3/app/application/plugins/Auth.php:30 '$isLogin: '
12:37:28-[debug]-/private/var/www/myaf3/app/application/plugins/Auth.php:31 true
12:37:29-[debug]-/private/var/www/myaf3/app/application/plugins/Auth.php:20 'AuthPlugin::dispatchLoopStartup'
12:37:29-[debug]-/private/var/www/myaf3/app/application/plugins/Auth.php:21 'Admin'
12:37:29-[debug]-/private/var/www/myaf3/app/application/plugins/Auth.php:22 'main'
12:37:29-[debug]-/private/var/www/myaf3/app/application/plugins/Auth.php:28 '$request: '
12:37:29-[debug]-/private/var/www/myaf3/app/application/plugins/Auth.php:29 Yaf_Request_Http::__set_state(array(
   'module' => 'Admin',
   'controller' => 'Main',
   'action' => 'main',
   'method' => 'GET',
   'params' => 
  array (
  ),
   'language' => NULL,
   '_exception' => NULL,
   '_base_uri' => '',
   'uri' => '/admin/main/main',
   'dispatched' => false,
   'routed' => true,
))
12:37:29-[debug]-/private/var/www/myaf3/app/application/plugins/Auth.php:30 '$isLogin: '
12:37:29-[debug]-/private/var/www/myaf3/app/application/plugins/Auth.php:31 true
12:37:29-[debug]-/private/var/www/myaf3/app/application/plugins/Auth.php:20 'AuthPlugin::dispatchLoopStartup'
12:37:29-[debug]-/private/var/www/myaf3/app/application/plugins/Auth.php:21 'Admin'
12:37:29-[debug]-/private/var/www/myaf3/app/application/plugins/Auth.php:22 'main'
12:37:29-[debug]-/private/var/www/myaf3/app/application/plugins/Auth.php:28 '$request: '
12:37:29-[debug]-/private/var/www/myaf3/app/application/plugins/Auth.php:29 Yaf_Request_Http::__set_state(array(
   'module' => 'Admin',
   'controller' => 'Main',
   'action' => 'main',
   'method' => 'GET',
   'params' => 
  array (
  ),
   'language' => NULL,
   '_exception' => NULL,
   '_base_uri' => '',
   'uri' => '/admin/main/main',
   'dispatched' => false,
   'routed' => true,
))
12:37:29-[debug]-/private/var/www/myaf3/app/application/plugins/Auth.php:30 '$isLogin: '
12:37:29-[debug]-/private/var/www/myaf3/app/application/plugins/Auth.php:31 true
12:37:29-[debug]-/private/var/www/myaf3/app/application/plugins/Auth.php:20 'AuthPlugin::dispatchLoopStartup'
12:37:29-[debug]-/private/var/www/myaf3/app/application/plugins/Auth.php:21 'Admin'
12:37:29-[debug]-/private/var/www/myaf3/app/application/plugins/Auth.php:22 'main'
12:37:29-[debug]-/private/var/www/myaf3/app/application/plugins/Auth.php:28 '$request: '
12:37:29-[debug]-/private/var/www/myaf3/app/application/plugins/Auth.php:29 Yaf_Request_Http::__set_state(array(
   'module' => 'Admin',
   'controller' => 'Main',
   'action' => 'main',
   'method' => 'GET',
   'params' => 
  array (
  ),
   'language' => NULL,
   '_exception' => NULL,
   '_base_uri' => '',
   'uri' => '/admin/main/main',
   'dispatched' => false,
   'routed' => true,
))
12:37:29-[debug]-/private/var/www/myaf3/app/application/plugins/Auth.php:30 '$isLogin: '
12:37:29-[debug]-/private/var/www/myaf3/app/application/plugins/Auth.php:31 true
12:37:30-[debug]-/private/var/www/myaf3/app/application/plugins/Auth.php:20 'AuthPlugin::dispatchLoopStartup'
12:37:30-[debug]-/private/var/www/myaf3/app/application/plugins/Auth.php:21 'Admin'
12:37:30-[debug]-/private/var/www/myaf3/app/application/plugins/Auth.php:22 'main'
12:37:30-[debug]-/private/var/www/myaf3/app/application/plugins/Auth.php:28 '$request: '
12:37:30-[debug]-/private/var/www/myaf3/app/application/plugins/Auth.php:29 Yaf_Request_Http::__set_state(array(
   'module' => 'Admin',
   'controller' => 'Main',
   'action' => 'main',
   'method' => 'GET',
   'params' => 
  array (
  ),
   'language' => NULL,
   '_exception' => NULL,
   '_base_uri' => '',
   'uri' => '/admin/main/main',
   'dispatched' => false,
   'routed' => true,
))
12:37:30-[debug]-/private/var/www/myaf3/app/application/plugins/Auth.php:30 '$isLogin: '
12:37:30-[debug]-/private/var/www/myaf3/app/application/plugins/Auth.php:31 true
12:37:30-[debug]-/private/var/www/myaf3/app/application/plugins/Auth.php:20 'AuthPlugin::dispatchLoopStartup'
12:37:30-[debug]-/private/var/www/myaf3/app/application/plugins/Auth.php:21 'Admin'
12:37:30-[debug]-/private/var/www/myaf3/app/application/plugins/Auth.php:22 'main'
12:37:30-[debug]-/private/var/www/myaf3/app/application/plugins/Auth.php:28 '$request: '
12:37:30-[debug]-/private/var/www/myaf3/app/application/plugins/Auth.php:29 Yaf_Request_Http::__set_state(array(
   'module' => 'Admin',
   'controller' => 'Main',
   'action' => 'main',
   'method' => 'GET',
   'params' => 
  array (
  ),
   'language' => NULL,
   '_exception' => NULL,
   '_base_uri' => '',
   'uri' => '/admin/main/main',
   'dispatched' => false,
   'routed' => true,
))
12:37:30-[debug]-/private/var/www/myaf3/app/application/plugins/Auth.php:30 '$isLogin: '
12:37:30-[debug]-/private/var/www/myaf3/app/application/plugins/Auth.php:31 true
12:37:50-[debug]-/private/var/www/myaf3/app/application/plugins/Auth.php:20 'AuthPlugin::dispatchLoopStartup'
12:37:50-[debug]-/private/var/www/myaf3/app/application/plugins/Auth.php:21 'Admin'
12:37:50-[debug]-/private/var/www/myaf3/app/application/plugins/Auth.php:22 'main'
12:37:50-[debug]-/private/var/www/myaf3/app/application/plugins/Auth.php:28 '$request: '
12:37:50-[debug]-/private/var/www/myaf3/app/application/plugins/Auth.php:29 Yaf_Request_Http::__set_state(array(
   'module' => 'Admin',
   'controller' => 'Main',
   'action' => 'main',
   'method' => 'GET',
   'params' => 
  array (
  ),
   'language' => NULL,
   '_exception' => NULL,
   '_base_uri' => '',
   'uri' => '/admin/main/main',
   'dispatched' => false,
   'routed' => true,
))
12:37:50-[debug]-/private/var/www/myaf3/app/application/plugins/Auth.php:30 '$isLogin: '
12:37:50-[debug]-/private/var/www/myaf3/app/application/plugins/Auth.php:31 true
12:39:27-[debug]-/private/var/www/myaf3/app/application/plugins/Auth.php:20 'AuthPlugin::dispatchLoopStartup'
12:39:27-[debug]-/private/var/www/myaf3/app/application/plugins/Auth.php:21 'Admin'
12:39:27-[debug]-/private/var/www/myaf3/app/application/plugins/Auth.php:22 'main'
12:39:27-[debug]-/private/var/www/myaf3/app/application/plugins/Auth.php:28 '$request: '
12:39:27-[debug]-/private/var/www/myaf3/app/application/plugins/Auth.php:29 Yaf_Request_Http::__set_state(array(
   'module' => 'Admin',
   'controller' => 'Main',
   'action' => 'main',
   'method' => 'GET',
   'params' => 
  array (
  ),
   'language' => NULL,
   '_exception' => NULL,
   '_base_uri' => '',
   'uri' => '/admin/main/main',
   'dispatched' => false,
   'routed' => true,
))
12:39:27-[debug]-/private/var/www/myaf3/app/application/plugins/Auth.php:30 '$isLogin: '
12:39:27-[debug]-/private/var/www/myaf3/app/application/plugins/Auth.php:31 true
12:41:04-[debug]-/private/var/www/myaf3/app/application/plugins/Auth.php:20 'AuthPlugin::dispatchLoopStartup'
12:41:04-[debug]-/private/var/www/myaf3/app/application/plugins/Auth.php:21 'Admin'
12:41:04-[debug]-/private/var/www/myaf3/app/application/plugins/Auth.php:22 'main'
12:41:04-[debug]-/private/var/www/myaf3/app/application/plugins/Auth.php:28 '$request: '
12:41:04-[debug]-/private/var/www/myaf3/app/application/plugins/Auth.php:29 Yaf_Request_Http::__set_state(array(
   'module' => 'Admin',
   'controller' => 'Main',
   'action' => 'main',
   'method' => 'GET',
   'params' => 
  array (
  ),
   'language' => NULL,
   '_exception' => NULL,
   '_base_uri' => '',
   'uri' => '/admin/main/main',
   'dispatched' => false,
   'routed' => true,
))
12:41:04-[debug]-/private/var/www/myaf3/app/application/plugins/Auth.php:30 '$isLogin: '
12:41:04-[debug]-/private/var/www/myaf3/app/application/plugins/Auth.php:31 true
12:41:23-[debug]-/private/var/www/myaf3/app/application/plugins/Auth.php:20 'AuthPlugin::dispatchLoopStartup'
12:41:23-[debug]-/private/var/www/myaf3/app/application/plugins/Auth.php:21 'Admin'
12:41:23-[debug]-/private/var/www/myaf3/app/application/plugins/Auth.php:22 'main'
12:41:23-[debug]-/private/var/www/myaf3/app/application/plugins/Auth.php:28 '$request: '
12:41:23-[debug]-/private/var/www/myaf3/app/application/plugins/Auth.php:29 Yaf_Request_Http::__set_state(array(
   'module' => 'Admin',
   'controller' => 'Main',
   'action' => 'main',
   'method' => 'GET',
   'params' => 
  array (
  ),
   'language' => NULL,
   '_exception' => NULL,
   '_base_uri' => '',
   'uri' => '/admin/main/main',
   'dispatched' => false,
   'routed' => true,
))
12:41:23-[debug]-/private/var/www/myaf3/app/application/plugins/Auth.php:30 '$isLogin: '
12:41:23-[debug]-/private/var/www/myaf3/app/application/plugins/Auth.php:31 true
12:43:04-[debug]-/private/var/www/myaf3/app/application/plugins/Auth.php:20 'AuthPlugin::dispatchLoopStartup'
12:43:04-[debug]-/private/var/www/myaf3/app/application/plugins/Auth.php:21 'Admin'
12:43:04-[debug]-/private/var/www/myaf3/app/application/plugins/Auth.php:22 'main'
12:43:04-[debug]-/private/var/www/myaf3/app/application/plugins/Auth.php:28 '$request: '
12:43:04-[debug]-/private/var/www/myaf3/app/application/plugins/Auth.php:29 Yaf_Request_Http::__set_state(array(
   'module' => 'Admin',
   'controller' => 'Main',
   'action' => 'main',
   'method' => 'GET',
   'params' => 
  array (
  ),
   'language' => NULL,
   '_exception' => NULL,
   '_base_uri' => '',
   'uri' => '/admin/main/main',
   'dispatched' => false,
   'routed' => true,
))
12:43:04-[debug]-/private/var/www/myaf3/app/application/plugins/Auth.php:30 '$isLogin: '
12:43:04-[debug]-/private/var/www/myaf3/app/application/plugins/Auth.php:31 true
12:43:15-[debug]-/private/var/www/myaf3/app/application/plugins/Auth.php:20 'AuthPlugin::dispatchLoopStartup'
12:43:15-[debug]-/private/var/www/myaf3/app/application/plugins/Auth.php:21 'Admin'
12:43:15-[debug]-/private/var/www/myaf3/app/application/plugins/Auth.php:22 'main'
12:43:15-[debug]-/private/var/www/myaf3/app/application/plugins/Auth.php:28 '$request: '
12:43:15-[debug]-/private/var/www/myaf3/app/application/plugins/Auth.php:29 Yaf_Request_Http::__set_state(array(
   'module' => 'Admin',
   'controller' => 'Main',
   'action' => 'main',
   'method' => 'GET',
   'params' => 
  array (
  ),
   'language' => NULL,
   '_exception' => NULL,
   '_base_uri' => '',
   'uri' => '/admin/main/main',
   'dispatched' => false,
   'routed' => true,
))
12:43:15-[debug]-/private/var/www/myaf3/app/application/plugins/Auth.php:30 '$isLogin: '
12:43:15-[debug]-/private/var/www/myaf3/app/application/plugins/Auth.php:31 true
12:43:19-[debug]-/private/var/www/myaf3/app/application/plugins/Auth.php:20 'AuthPlugin::dispatchLoopStartup'
12:43:19-[debug]-/private/var/www/myaf3/app/application/plugins/Auth.php:21 'Admin'
12:43:19-[debug]-/private/var/www/myaf3/app/application/plugins/Auth.php:22 'main'
12:43:19-[debug]-/private/var/www/myaf3/app/application/plugins/Auth.php:28 '$request: '
12:43:19-[debug]-/private/var/www/myaf3/app/application/plugins/Auth.php:29 Yaf_Request_Http::__set_state(array(
   'module' => 'Admin',
   'controller' => 'Main',
   'action' => 'main',
   'method' => 'GET',
   'params' => 
  array (
  ),
   'language' => NULL,
   '_exception' => NULL,
   '_base_uri' => '',
   'uri' => '/admin/main/main',
   'dispatched' => false,
   'routed' => true,
))
12:43:19-[debug]-/private/var/www/myaf3/app/application/plugins/Auth.php:30 '$isLogin: '
12:43:19-[debug]-/private/var/www/myaf3/app/application/plugins/Auth.php:31 true
12:43:52-[debug]-/private/var/www/myaf3/app/application/plugins/Auth.php:20 'AuthPlugin::dispatchLoopStartup'
12:43:52-[debug]-/private/var/www/myaf3/app/application/plugins/Auth.php:21 'Admin'
12:43:52-[debug]-/private/var/www/myaf3/app/application/plugins/Auth.php:22 'main'
12:43:52-[debug]-/private/var/www/myaf3/app/application/plugins/Auth.php:28 '$request: '
12:43:52-[debug]-/private/var/www/myaf3/app/application/plugins/Auth.php:29 Yaf_Request_Http::__set_state(array(
   'module' => 'Admin',
   'controller' => 'Main',
   'action' => 'main',
   'method' => 'GET',
   'params' => 
  array (
  ),
   'language' => NULL,
   '_exception' => NULL,
   '_base_uri' => '',
   'uri' => '/admin/main/main',
   'dispatched' => false,
   'routed' => true,
))
12:43:52-[debug]-/private/var/www/myaf3/app/application/plugins/Auth.php:30 '$isLogin: '
12:43:52-[debug]-/private/var/www/myaf3/app/application/plugins/Auth.php:31 true
12:44:10-[debug]-/private/var/www/myaf3/app/application/plugins/Auth.php:20 'AuthPlugin::dispatchLoopStartup'
12:44:10-[debug]-/private/var/www/myaf3/app/application/plugins/Auth.php:21 'Admin'
12:44:10-[debug]-/private/var/www/myaf3/app/application/plugins/Auth.php:22 'main'
12:44:10-[debug]-/private/var/www/myaf3/app/application/plugins/Auth.php:28 '$request: '
12:44:10-[debug]-/private/var/www/myaf3/app/application/plugins/Auth.php:29 Yaf_Request_Http::__set_state(array(
   'module' => 'Admin',
   'controller' => 'Main',
   'action' => 'main',
   'method' => 'GET',
   'params' => 
  array (
  ),
   'language' => NULL,
   '_exception' => NULL,
   '_base_uri' => '',
   'uri' => '/admin/main/main',
   'dispatched' => false,
   'routed' => true,
))
12:44:10-[debug]-/private/var/www/myaf3/app/application/plugins/Auth.php:30 '$isLogin: '
12:44:10-[debug]-/private/var/www/myaf3/app/application/plugins/Auth.php:31 true
12:44:11-[debug]-/private/var/www/myaf3/app/application/plugins/Auth.php:20 'AuthPlugin::dispatchLoopStartup'
12:44:11-[debug]-/private/var/www/myaf3/app/application/plugins/Auth.php:21 'Admin'
12:44:11-[debug]-/private/var/www/myaf3/app/application/plugins/Auth.php:22 'main'
12:44:11-[debug]-/private/var/www/myaf3/app/application/plugins/Auth.php:28 '$request: '
12:44:11-[debug]-/private/var/www/myaf3/app/application/plugins/Auth.php:29 Yaf_Request_Http::__set_state(array(
   'module' => 'Admin',
   'controller' => 'Main',
   'action' => 'main',
   'method' => 'GET',
   'params' => 
  array (
  ),
   'language' => NULL,
   '_exception' => NULL,
   '_base_uri' => '',
   'uri' => '/admin/main/main',
   'dispatched' => false,
   'routed' => true,
))
12:44:11-[debug]-/private/var/www/myaf3/app/application/plugins/Auth.php:30 '$isLogin: '
12:44:11-[debug]-/private/var/www/myaf3/app/application/plugins/Auth.php:31 true
12:44:11-[debug]-/private/var/www/myaf3/app/application/plugins/Auth.php:20 'AuthPlugin::dispatchLoopStartup'
12:44:11-[debug]-/private/var/www/myaf3/app/application/plugins/Auth.php:21 'Admin'
12:44:11-[debug]-/private/var/www/myaf3/app/application/plugins/Auth.php:22 'main'
12:44:11-[debug]-/private/var/www/myaf3/app/application/plugins/Auth.php:28 '$request: '
12:44:11-[debug]-/private/var/www/myaf3/app/application/plugins/Auth.php:29 Yaf_Request_Http::__set_state(array(
   'module' => 'Admin',
   'controller' => 'Main',
   'action' => 'main',
   'method' => 'GET',
   'params' => 
  array (
  ),
   'language' => NULL,
   '_exception' => NULL,
   '_base_uri' => '',
   'uri' => '/admin/main/main',
   'dispatched' => false,
   'routed' => true,
))
12:44:11-[debug]-/private/var/www/myaf3/app/application/plugins/Auth.php:30 '$isLogin: '
12:44:11-[debug]-/private/var/www/myaf3/app/application/plugins/Auth.php:31 true
12:44:11-[debug]-/private/var/www/myaf3/app/application/plugins/Auth.php:20 'AuthPlugin::dispatchLoopStartup'
12:44:11-[debug]-/private/var/www/myaf3/app/application/plugins/Auth.php:21 'Admin'
12:44:11-[debug]-/private/var/www/myaf3/app/application/plugins/Auth.php:22 'main'
12:44:11-[debug]-/private/var/www/myaf3/app/application/plugins/Auth.php:28 '$request: '
12:44:11-[debug]-/private/var/www/myaf3/app/application/plugins/Auth.php:29 Yaf_Request_Http::__set_state(array(
   'module' => 'Admin',
   'controller' => 'Main',
   'action' => 'main',
   'method' => 'GET',
   'params' => 
  array (
  ),
   'language' => NULL,
   '_exception' => NULL,
   '_base_uri' => '',
   'uri' => '/admin/main/main',
   'dispatched' => false,
   'routed' => true,
))
12:44:11-[debug]-/private/var/www/myaf3/app/application/plugins/Auth.php:30 '$isLogin: '
12:44:11-[debug]-/private/var/www/myaf3/app/application/plugins/Auth.php:31 true
12:44:12-[debug]-/private/var/www/myaf3/app/application/plugins/Auth.php:20 'AuthPlugin::dispatchLoopStartup'
12:44:12-[debug]-/private/var/www/myaf3/app/application/plugins/Auth.php:21 'Admin'
12:44:12-[debug]-/private/var/www/myaf3/app/application/plugins/Auth.php:22 'main'
12:44:12-[debug]-/private/var/www/myaf3/app/application/plugins/Auth.php:28 '$request: '
12:44:12-[debug]-/private/var/www/myaf3/app/application/plugins/Auth.php:29 Yaf_Request_Http::__set_state(array(
   'module' => 'Admin',
   'controller' => 'Main',
   'action' => 'main',
   'method' => 'GET',
   'params' => 
  array (
  ),
   'language' => NULL,
   '_exception' => NULL,
   '_base_uri' => '',
   'uri' => '/admin/main/main',
   'dispatched' => false,
   'routed' => true,
))
12:44:12-[debug]-/private/var/www/myaf3/app/application/plugins/Auth.php:30 '$isLogin: '
12:44:12-[debug]-/private/var/www/myaf3/app/application/plugins/Auth.php:31 true
12:44:12-[debug]-/private/var/www/myaf3/app/application/plugins/Auth.php:20 'AuthPlugin::dispatchLoopStartup'
12:44:12-[debug]-/private/var/www/myaf3/app/application/plugins/Auth.php:21 'Admin'
12:44:12-[debug]-/private/var/www/myaf3/app/application/plugins/Auth.php:22 'main'
12:44:12-[debug]-/private/var/www/myaf3/app/application/plugins/Auth.php:28 '$request: '
12:44:12-[debug]-/private/var/www/myaf3/app/application/plugins/Auth.php:29 Yaf_Request_Http::__set_state(array(
   'module' => 'Admin',
   'controller' => 'Main',
   'action' => 'main',
   'method' => 'GET',
   'params' => 
  array (
  ),
   'language' => NULL,
   '_exception' => NULL,
   '_base_uri' => '',
   'uri' => '/admin/main/main',
   'dispatched' => false,
   'routed' => true,
))
12:44:12-[debug]-/private/var/www/myaf3/app/application/plugins/Auth.php:30 '$isLogin: '
12:44:12-[debug]-/private/var/www/myaf3/app/application/plugins/Auth.php:31 true
12:44:13-[debug]-/private/var/www/myaf3/app/application/plugins/Auth.php:20 'AuthPlugin::dispatchLoopStartup'
12:44:13-[debug]-/private/var/www/myaf3/app/application/plugins/Auth.php:21 'Admin'
12:44:13-[debug]-/private/var/www/myaf3/app/application/plugins/Auth.php:22 'main'
12:44:13-[debug]-/private/var/www/myaf3/app/application/plugins/Auth.php:28 '$request: '
12:44:13-[debug]-/private/var/www/myaf3/app/application/plugins/Auth.php:29 Yaf_Request_Http::__set_state(array(
   'module' => 'Admin',
   'controller' => 'Main',
   'action' => 'main',
   'method' => 'GET',
   'params' => 
  array (
  ),
   'language' => NULL,
   '_exception' => NULL,
   '_base_uri' => '',
   'uri' => '/admin/main/main',
   'dispatched' => false,
   'routed' => true,
))
12:44:13-[debug]-/private/var/www/myaf3/app/application/plugins/Auth.php:30 '$isLogin: '
12:44:13-[debug]-/private/var/www/myaf3/app/application/plugins/Auth.php:31 true
12:44:13-[debug]-/private/var/www/myaf3/app/application/plugins/Auth.php:20 'AuthPlugin::dispatchLoopStartup'
12:44:13-[debug]-/private/var/www/myaf3/app/application/plugins/Auth.php:21 'Admin'
12:44:13-[debug]-/private/var/www/myaf3/app/application/plugins/Auth.php:22 'main'
12:44:13-[debug]-/private/var/www/myaf3/app/application/plugins/Auth.php:28 '$request: '
12:44:13-[debug]-/private/var/www/myaf3/app/application/plugins/Auth.php:29 Yaf_Request_Http::__set_state(array(
   'module' => 'Admin',
   'controller' => 'Main',
   'action' => 'main',
   'method' => 'GET',
   'params' => 
  array (
  ),
   'language' => NULL,
   '_exception' => NULL,
   '_base_uri' => '',
   'uri' => '/admin/main/main',
   'dispatched' => false,
   'routed' => true,
))
12:44:13-[debug]-/private/var/www/myaf3/app/application/plugins/Auth.php:30 '$isLogin: '
12:44:13-[debug]-/private/var/www/myaf3/app/application/plugins/Auth.php:31 true
12:44:13-[debug]-/private/var/www/myaf3/app/application/plugins/Auth.php:20 'AuthPlugin::dispatchLoopStartup'
12:44:13-[debug]-/private/var/www/myaf3/app/application/plugins/Auth.php:21 'Admin'
12:44:13-[debug]-/private/var/www/myaf3/app/application/plugins/Auth.php:22 'main'
12:44:13-[debug]-/private/var/www/myaf3/app/application/plugins/Auth.php:28 '$request: '
12:44:13-[debug]-/private/var/www/myaf3/app/application/plugins/Auth.php:29 Yaf_Request_Http::__set_state(array(
   'module' => 'Admin',
   'controller' => 'Main',
   'action' => 'main',
   'method' => 'GET',
   'params' => 
  array (
  ),
   'language' => NULL,
   '_exception' => NULL,
   '_base_uri' => '',
   'uri' => '/admin/main/main',
   'dispatched' => false,
   'routed' => true,
))
12:44:13-[debug]-/private/var/www/myaf3/app/application/plugins/Auth.php:30 '$isLogin: '
12:44:13-[debug]-/private/var/www/myaf3/app/application/plugins/Auth.php:31 true
12:44:22-[debug]-/private/var/www/myaf3/app/application/plugins/Auth.php:20 'AuthPlugin::dispatchLoopStartup'
12:44:22-[debug]-/private/var/www/myaf3/app/application/plugins/Auth.php:21 'Admin'
12:44:22-[debug]-/private/var/www/myaf3/app/application/plugins/Auth.php:22 'main'
12:44:22-[debug]-/private/var/www/myaf3/app/application/plugins/Auth.php:28 '$request: '
12:44:22-[debug]-/private/var/www/myaf3/app/application/plugins/Auth.php:29 Yaf_Request_Http::__set_state(array(
   'module' => 'Admin',
   'controller' => 'Main',
   'action' => 'main',
   'method' => 'GET',
   'params' => 
  array (
  ),
   'language' => NULL,
   '_exception' => NULL,
   '_base_uri' => '',
   'uri' => '/admin/main/main',
   'dispatched' => false,
   'routed' => true,
))
12:44:22-[debug]-/private/var/www/myaf3/app/application/plugins/Auth.php:30 '$isLogin: '
12:44:22-[debug]-/private/var/www/myaf3/app/application/plugins/Auth.php:31 true
12:44:24-[debug]-/private/var/www/myaf3/app/application/plugins/Auth.php:20 'AuthPlugin::dispatchLoopStartup'
12:44:24-[debug]-/private/var/www/myaf3/app/application/plugins/Auth.php:21 'Admin'
12:44:24-[debug]-/private/var/www/myaf3/app/application/plugins/Auth.php:22 'main'
12:44:24-[debug]-/private/var/www/myaf3/app/application/plugins/Auth.php:28 '$request: '
12:44:24-[debug]-/private/var/www/myaf3/app/application/plugins/Auth.php:29 Yaf_Request_Http::__set_state(array(
   'module' => 'Admin',
   'controller' => 'Main',
   'action' => 'main',
   'method' => 'GET',
   'params' => 
  array (
  ),
   'language' => NULL,
   '_exception' => NULL,
   '_base_uri' => '',
   'uri' => '/admin/main/main',
   'dispatched' => false,
   'routed' => true,
))
12:44:24-[debug]-/private/var/www/myaf3/app/application/plugins/Auth.php:30 '$isLogin: '
12:44:24-[debug]-/private/var/www/myaf3/app/application/plugins/Auth.php:31 true
12:44:49-[debug]-/private/var/www/myaf3/app/application/plugins/Auth.php:20 'AuthPlugin::dispatchLoopStartup'
12:44:49-[debug]-/private/var/www/myaf3/app/application/plugins/Auth.php:21 'Admin'
12:44:49-[debug]-/private/var/www/myaf3/app/application/plugins/Auth.php:22 'main'
12:44:49-[debug]-/private/var/www/myaf3/app/application/plugins/Auth.php:28 '$request: '
12:44:49-[debug]-/private/var/www/myaf3/app/application/plugins/Auth.php:29 Yaf_Request_Http::__set_state(array(
   'module' => 'Admin',
   'controller' => 'Main',
   'action' => 'main',
   'method' => 'GET',
   'params' => 
  array (
  ),
   'language' => NULL,
   '_exception' => NULL,
   '_base_uri' => '',
   'uri' => '/admin/main/main',
   'dispatched' => false,
   'routed' => true,
))
12:44:49-[debug]-/private/var/www/myaf3/app/application/plugins/Auth.php:30 '$isLogin: '
12:44:49-[debug]-/private/var/www/myaf3/app/application/plugins/Auth.php:31 true
