14:29:03-[debug]-/private/var/www/myaf3/app/application/plugins/Auth.php:20 'AuthPlugin::dispatchLoopStartup'
14:29:03-[debug]-/private/var/www/myaf3/app/application/plugins/Auth.php:21 'Admin'
14:29:03-[debug]-/private/var/www/myaf3/app/application/plugins/Auth.php:22 'main'
14:29:03-[debug]-/private/var/www/myaf3/app/application/plugins/Auth.php:28 '$request: '
14:29:03-[debug]-/private/var/www/myaf3/app/application/plugins/Auth.php:29 Yaf_Request_Http::__set_state(array(
   'module' => 'Admin',
   'controller' => 'Main',
   'action' => 'main',
   'method' => 'GET',
   'params' => 
  array (
  ),
   'language' => NULL,
   '_exception' => NULL,
   '_base_uri' => '',
   'uri' => '/admin/main/main',
   'dispatched' => false,
   'routed' => true,
))
14:29:03-[debug]-/private/var/www/myaf3/app/application/plugins/Auth.php:30 '$isLogin: '
14:29:03-[debug]-/private/var/www/myaf3/app/application/plugins/Auth.php:31 true
14:29:15-[debug]-/private/var/www/myaf3/app/application/plugins/Auth.php:20 'AuthPlugin::dispatchLoopStartup'
14:29:15-[debug]-/private/var/www/myaf3/app/application/plugins/Auth.php:21 'Admin'
14:29:15-[debug]-/private/var/www/myaf3/app/application/plugins/Auth.php:22 'main'
14:29:15-[debug]-/private/var/www/myaf3/app/application/plugins/Auth.php:28 '$request: '
14:29:15-[debug]-/private/var/www/myaf3/app/application/plugins/Auth.php:29 Yaf_Request_Http::__set_state(array(
   'module' => 'Admin',
   'controller' => 'Main',
   'action' => 'main',
   'method' => 'GET',
   'params' => 
  array (
  ),
   'language' => NULL,
   '_exception' => NULL,
   '_base_uri' => '',
   'uri' => '/admin/main/main',
   'dispatched' => false,
   'routed' => true,
))
14:29:15-[debug]-/private/var/www/myaf3/app/application/plugins/Auth.php:30 '$isLogin: '
14:29:15-[debug]-/private/var/www/myaf3/app/application/plugins/Auth.php:31 true
14:29:39-[debug]-/private/var/www/myaf3/app/application/plugins/Auth.php:20 'AuthPlugin::dispatchLoopStartup'
14:29:39-[debug]-/private/var/www/myaf3/app/application/plugins/Auth.php:21 'Admin'
14:29:39-[debug]-/private/var/www/myaf3/app/application/plugins/Auth.php:22 'main'
14:29:39-[debug]-/private/var/www/myaf3/app/application/plugins/Auth.php:28 '$request: '
14:29:39-[debug]-/private/var/www/myaf3/app/application/plugins/Auth.php:29 Yaf_Request_Http::__set_state(array(
   'module' => 'Admin',
   'controller' => 'Main',
   'action' => 'main',
   'method' => 'GET',
   'params' => 
  array (
  ),
   'language' => NULL,
   '_exception' => NULL,
   '_base_uri' => '',
   'uri' => '/admin/main/main',
   'dispatched' => false,
   'routed' => true,
))
14:29:39-[debug]-/private/var/www/myaf3/app/application/plugins/Auth.php:30 '$isLogin: '
14:29:39-[debug]-/private/var/www/myaf3/app/application/plugins/Auth.php:31 true
14:38:10-[debug]-/private/var/www/myaf3/app/application/plugins/Auth.php:20 'AuthPlugin::dispatchLoopStartup'
14:38:10-[debug]-/private/var/www/myaf3/app/application/plugins/Auth.php:21 'Admin'
14:38:10-[debug]-/private/var/www/myaf3/app/application/plugins/Auth.php:22 'list'
14:38:10-[debug]-/private/var/www/myaf3/app/application/plugins/Auth.php:28 '$request: '
14:38:10-[debug]-/private/var/www/myaf3/app/application/plugins/Auth.php:29 Yaf_Request_Http::__set_state(array(
   'module' => 'Admin',
   'controller' => 'Articles',
   'action' => 'list',
   'method' => 'GET',
   'params' => 
  array (
  ),
   'language' => NULL,
   '_exception' => NULL,
   '_base_uri' => '',
   'uri' => '/admin/articles/list',
   'dispatched' => false,
   'routed' => true,
))
14:38:10-[debug]-/private/var/www/myaf3/app/application/plugins/Auth.php:30 '$isLogin: '
14:38:10-[debug]-/private/var/www/myaf3/app/application/plugins/Auth.php:31 true
14:47:59-[debug]-/private/var/www/myaf3/app/application/plugins/Auth.php:20 'AuthPlugin::dispatchLoopStartup'
14:47:59-[debug]-/private/var/www/myaf3/app/application/plugins/Auth.php:21 'Admin'
14:47:59-[debug]-/private/var/www/myaf3/app/application/plugins/Auth.php:22 'list'
14:47:59-[debug]-/private/var/www/myaf3/app/application/plugins/Auth.php:28 '$request: '
14:47:59-[debug]-/private/var/www/myaf3/app/application/plugins/Auth.php:29 Yaf_Request_Http::__set_state(array(
   'module' => 'Admin',
   'controller' => 'Articles',
   'action' => 'list',
   'method' => 'GET',
   'params' => 
  array (
  ),
   'language' => NULL,
   '_exception' => NULL,
   '_base_uri' => '',
   'uri' => '/admin/articles/list',
   'dispatched' => false,
   'routed' => true,
))
14:47:59-[debug]-/private/var/www/myaf3/app/application/plugins/Auth.php:30 '$isLogin: '
14:47:59-[debug]-/private/var/www/myaf3/app/application/plugins/Auth.php:31 true
14:47:59-[debug]-/private/var/www/myaf3/app/application/plugins/Auth.php:20 'AuthPlugin::dispatchLoopStartup'
14:47:59-[debug]-/private/var/www/myaf3/app/application/plugins/Auth.php:21 'Admin'
14:47:59-[debug]-/private/var/www/myaf3/app/application/plugins/Auth.php:22 'list'
14:47:59-[debug]-/private/var/www/myaf3/app/application/plugins/Auth.php:28 '$request: '
14:47:59-[debug]-/private/var/www/myaf3/app/application/plugins/Auth.php:29 Yaf_Request_Http::__set_state(array(
   'module' => 'Admin',
   'controller' => 'Articles',
   'action' => 'list',
   'method' => 'GET',
   'params' => 
  array (
  ),
   'language' => NULL,
   '_exception' => NULL,
   '_base_uri' => '',
   'uri' => '/admin/articles/list',
   'dispatched' => false,
   'routed' => true,
))
14:47:59-[debug]-/private/var/www/myaf3/app/application/plugins/Auth.php:30 '$isLogin: '
14:47:59-[debug]-/private/var/www/myaf3/app/application/plugins/Auth.php:31 true
14:48:00-[debug]-/private/var/www/myaf3/app/application/plugins/Auth.php:20 'AuthPlugin::dispatchLoopStartup'
14:48:00-[debug]-/private/var/www/myaf3/app/application/plugins/Auth.php:21 'Admin'
14:48:00-[debug]-/private/var/www/myaf3/app/application/plugins/Auth.php:22 'list'
14:48:00-[debug]-/private/var/www/myaf3/app/application/plugins/Auth.php:28 '$request: '
14:48:00-[debug]-/private/var/www/myaf3/app/application/plugins/Auth.php:29 Yaf_Request_Http::__set_state(array(
   'module' => 'Admin',
   'controller' => 'Articles',
   'action' => 'list',
   'method' => 'GET',
   'params' => 
  array (
  ),
   'language' => NULL,
   '_exception' => NULL,
   '_base_uri' => '',
   'uri' => '/admin/articles/list',
   'dispatched' => false,
   'routed' => true,
))
14:48:00-[debug]-/private/var/www/myaf3/app/application/plugins/Auth.php:30 '$isLogin: '
14:48:00-[debug]-/private/var/www/myaf3/app/application/plugins/Auth.php:31 true
14:48:00-[debug]-/private/var/www/myaf3/app/application/plugins/Auth.php:20 'AuthPlugin::dispatchLoopStartup'
14:48:00-[debug]-/private/var/www/myaf3/app/application/plugins/Auth.php:21 'Admin'
14:48:00-[debug]-/private/var/www/myaf3/app/application/plugins/Auth.php:22 'list'
14:48:00-[debug]-/private/var/www/myaf3/app/application/plugins/Auth.php:28 '$request: '
14:48:00-[debug]-/private/var/www/myaf3/app/application/plugins/Auth.php:29 Yaf_Request_Http::__set_state(array(
   'module' => 'Admin',
   'controller' => 'Articles',
   'action' => 'list',
   'method' => 'GET',
   'params' => 
  array (
  ),
   'language' => NULL,
   '_exception' => NULL,
   '_base_uri' => '',
   'uri' => '/admin/articles/list',
   'dispatched' => false,
   'routed' => true,
))
14:48:00-[debug]-/private/var/www/myaf3/app/application/plugins/Auth.php:30 '$isLogin: '
14:48:00-[debug]-/private/var/www/myaf3/app/application/plugins/Auth.php:31 true
14:48:00-[debug]-/private/var/www/myaf3/app/application/plugins/Auth.php:20 'AuthPlugin::dispatchLoopStartup'
14:48:00-[debug]-/private/var/www/myaf3/app/application/plugins/Auth.php:21 'Admin'
14:48:00-[debug]-/private/var/www/myaf3/app/application/plugins/Auth.php:22 'list'
14:48:00-[debug]-/private/var/www/myaf3/app/application/plugins/Auth.php:28 '$request: '
14:48:00-[debug]-/private/var/www/myaf3/app/application/plugins/Auth.php:29 Yaf_Request_Http::__set_state(array(
   'module' => 'Admin',
   'controller' => 'Articles',
   'action' => 'list',
   'method' => 'GET',
   'params' => 
  array (
  ),
   'language' => NULL,
   '_exception' => NULL,
   '_base_uri' => '',
   'uri' => '/admin/articles/list',
   'dispatched' => false,
   'routed' => true,
))
14:48:00-[debug]-/private/var/www/myaf3/app/application/plugins/Auth.php:30 '$isLogin: '
14:48:00-[debug]-/private/var/www/myaf3/app/application/plugins/Auth.php:31 true
14:48:02-[debug]-/private/var/www/myaf3/app/application/plugins/Auth.php:20 'AuthPlugin::dispatchLoopStartup'
14:48:02-[debug]-/private/var/www/myaf3/app/application/plugins/Auth.php:21 'Admin'
14:48:02-[debug]-/private/var/www/myaf3/app/application/plugins/Auth.php:22 'main'
14:48:02-[debug]-/private/var/www/myaf3/app/application/plugins/Auth.php:28 '$request: '
14:48:02-[debug]-/private/var/www/myaf3/app/application/plugins/Auth.php:29 Yaf_Request_Http::__set_state(array(
   'module' => 'Admin',
   'controller' => 'Main',
   'action' => 'main',
   'method' => 'GET',
   'params' => 
  array (
  ),
   'language' => NULL,
   '_exception' => NULL,
   '_base_uri' => '',
   'uri' => '/admin/main/main',
   'dispatched' => false,
   'routed' => true,
))
14:48:02-[debug]-/private/var/www/myaf3/app/application/plugins/Auth.php:30 '$isLogin: '
14:48:02-[debug]-/private/var/www/myaf3/app/application/plugins/Auth.php:31 true
14:48:03-[debug]-/private/var/www/myaf3/app/application/plugins/Auth.php:20 'AuthPlugin::dispatchLoopStartup'
14:48:03-[debug]-/private/var/www/myaf3/app/application/plugins/Auth.php:21 'Admin'
14:48:03-[debug]-/private/var/www/myaf3/app/application/plugins/Auth.php:22 'main'
14:48:03-[debug]-/private/var/www/myaf3/app/application/plugins/Auth.php:28 '$request: '
14:48:03-[debug]-/private/var/www/myaf3/app/application/plugins/Auth.php:29 Yaf_Request_Http::__set_state(array(
   'module' => 'Admin',
   'controller' => 'Main',
   'action' => 'main',
   'method' => 'GET',
   'params' => 
  array (
  ),
   'language' => NULL,
   '_exception' => NULL,
   '_base_uri' => '',
   'uri' => '/admin/main/main',
   'dispatched' => false,
   'routed' => true,
))
14:48:03-[debug]-/private/var/www/myaf3/app/application/plugins/Auth.php:30 '$isLogin: '
14:48:03-[debug]-/private/var/www/myaf3/app/application/plugins/Auth.php:31 true
14:48:06-[debug]-/private/var/www/myaf3/app/application/plugins/Auth.php:20 'AuthPlugin::dispatchLoopStartup'
14:48:06-[debug]-/private/var/www/myaf3/app/application/plugins/Auth.php:21 'Admin'
14:48:06-[debug]-/private/var/www/myaf3/app/application/plugins/Auth.php:22 'logout'
14:48:06-[debug]-/private/var/www/myaf3/app/application/plugins/Auth.php:28 '$request: '
14:48:06-[debug]-/private/var/www/myaf3/app/application/plugins/Auth.php:29 Yaf_Request_Http::__set_state(array(
   'module' => 'Admin',
   'controller' => 'Index',
   'action' => 'logout',
   'method' => 'GET',
   'params' => 
  array (
  ),
   'language' => NULL,
   '_exception' => NULL,
   '_base_uri' => '',
   'uri' => '/admin/index/logout',
   'dispatched' => false,
   'routed' => true,
))
14:48:06-[debug]-/private/var/www/myaf3/app/application/plugins/Auth.php:30 '$isLogin: '
14:48:06-[debug]-/private/var/www/myaf3/app/application/plugins/Auth.php:31 true
14:48:06-[debug]-/private/var/www/myaf3/app/application/plugins/Auth.php:20 'AuthPlugin::dispatchLoopStartup'
14:48:06-[debug]-/private/var/www/myaf3/app/application/plugins/Auth.php:21 'Admin'
14:48:06-[debug]-/private/var/www/myaf3/app/application/plugins/Auth.php:22 'login'
14:48:10-[debug]-/private/var/www/myaf3/app/application/plugins/Auth.php:20 'AuthPlugin::dispatchLoopStartup'
14:48:10-[debug]-/private/var/www/myaf3/app/application/plugins/Auth.php:21 'Admin'
14:48:10-[debug]-/private/var/www/myaf3/app/application/plugins/Auth.php:22 'auth'
14:48:10-[debug]-/private/var/www/myaf3/app/application/plugins/Auth.php:28 '$request: '
14:48:10-[debug]-/private/var/www/myaf3/app/application/plugins/Auth.php:29 Yaf_Request_Http::__set_state(array(
   'module' => 'Admin',
   'controller' => 'Index',
   'action' => 'auth',
   'method' => 'POST',
   'params' => 
  array (
  ),
   'language' => NULL,
   '_exception' => NULL,
   '_base_uri' => '',
   'uri' => '/admin/index/auth',
   'dispatched' => false,
   'routed' => true,
))
14:48:10-[debug]-/private/var/www/myaf3/app/application/plugins/Auth.php:30 '$isLogin: '
14:48:10-[debug]-/private/var/www/myaf3/app/application/plugins/Auth.php:31 false
14:48:10-[debug]-/private/var/www/myaf3/app/application/modules/Admin/controllers/Index.php:45 'user: admin'
14:48:10-[debug]-/private/var/www/myaf3/app/application/modules/Admin/controllers/Index.php:46 'pass: 21232f297a57a5a743894a0e4a801fc3'
14:48:10-[debug]-/private/var/www/myaf3/app/application/modules/Admin/controllers/Index.php:47 '是否登陆: 1'
14:48:10-[debug]-/private/var/www/myaf3/app/application/plugins/Auth.php:20 'AuthPlugin::dispatchLoopStartup'
14:48:10-[debug]-/private/var/www/myaf3/app/application/plugins/Auth.php:21 'Admin'
14:48:10-[debug]-/private/var/www/myaf3/app/application/plugins/Auth.php:22 'main'
14:48:10-[debug]-/private/var/www/myaf3/app/application/plugins/Auth.php:28 '$request: '
14:48:10-[debug]-/private/var/www/myaf3/app/application/plugins/Auth.php:29 Yaf_Request_Http::__set_state(array(
   'module' => 'Admin',
   'controller' => 'Main',
   'action' => 'main',
   'method' => 'GET',
   'params' => 
  array (
  ),
   'language' => NULL,
   '_exception' => NULL,
   '_base_uri' => '',
   'uri' => '/admin/main/main',
   'dispatched' => false,
   'routed' => true,
))
14:48:10-[debug]-/private/var/www/myaf3/app/application/plugins/Auth.php:30 '$isLogin: '
14:48:10-[debug]-/private/var/www/myaf3/app/application/plugins/Auth.php:31 true
14:48:13-[debug]-/private/var/www/myaf3/app/application/plugins/Auth.php:20 'AuthPlugin::dispatchLoopStartup'
14:48:13-[debug]-/private/var/www/myaf3/app/application/plugins/Auth.php:21 'Admin'
14:48:13-[debug]-/private/var/www/myaf3/app/application/plugins/Auth.php:22 'logout'
14:48:13-[debug]-/private/var/www/myaf3/app/application/plugins/Auth.php:28 '$request: '
14:48:13-[debug]-/private/var/www/myaf3/app/application/plugins/Auth.php:29 Yaf_Request_Http::__set_state(array(
   'module' => 'Admin',
   'controller' => 'Index',
   'action' => 'logout',
   'method' => 'GET',
   'params' => 
  array (
  ),
   'language' => NULL,
   '_exception' => NULL,
   '_base_uri' => '',
   'uri' => '/admin/index/logout',
   'dispatched' => false,
   'routed' => true,
))
14:48:13-[debug]-/private/var/www/myaf3/app/application/plugins/Auth.php:30 '$isLogin: '
14:48:13-[debug]-/private/var/www/myaf3/app/application/plugins/Auth.php:31 true
14:48:13-[debug]-/private/var/www/myaf3/app/application/plugins/Auth.php:20 'AuthPlugin::dispatchLoopStartup'
14:48:13-[debug]-/private/var/www/myaf3/app/application/plugins/Auth.php:21 'Admin'
14:48:13-[debug]-/private/var/www/myaf3/app/application/plugins/Auth.php:22 'login'
14:49:07-[debug]-/private/var/www/myaf3/app/application/plugins/Auth.php:20 'AuthPlugin::dispatchLoopStartup'
14:49:07-[debug]-/private/var/www/myaf3/app/application/plugins/Auth.php:21 'Admin'
14:49:07-[debug]-/private/var/www/myaf3/app/application/plugins/Auth.php:22 'login'
14:49:13-[debug]-/private/var/www/myaf3/app/application/plugins/Auth.php:20 'AuthPlugin::dispatchLoopStartup'
14:49:13-[debug]-/private/var/www/myaf3/app/application/plugins/Auth.php:21 'Admin'
14:49:13-[debug]-/private/var/www/myaf3/app/application/plugins/Auth.php:22 'auth'
14:49:13-[debug]-/private/var/www/myaf3/app/application/plugins/Auth.php:28 '$request: '
14:49:13-[debug]-/private/var/www/myaf3/app/application/plugins/Auth.php:29 Yaf_Request_Http::__set_state(array(
   'module' => 'Admin',
   'controller' => 'Index',
   'action' => 'auth',
   'method' => 'POST',
   'params' => 
  array (
  ),
   'language' => NULL,
   '_exception' => NULL,
   '_base_uri' => '',
   'uri' => '/admin/index/auth',
   'dispatched' => false,
   'routed' => true,
))
14:49:13-[debug]-/private/var/www/myaf3/app/application/plugins/Auth.php:30 '$isLogin: '
14:49:13-[debug]-/private/var/www/myaf3/app/application/plugins/Auth.php:31 false
14:49:13-[debug]-/private/var/www/myaf3/app/application/modules/Admin/controllers/Index.php:45 'user: admin'
14:49:13-[debug]-/private/var/www/myaf3/app/application/modules/Admin/controllers/Index.php:46 'pass: 21232f297a57a5a743894a0e4a801fc3'
14:49:13-[debug]-/private/var/www/myaf3/app/application/modules/Admin/controllers/Index.php:47 '是否登陆: 1'
14:49:13-[debug]-/private/var/www/myaf3/app/application/plugins/Auth.php:20 'AuthPlugin::dispatchLoopStartup'
14:49:13-[debug]-/private/var/www/myaf3/app/application/plugins/Auth.php:21 'Admin'
14:49:13-[debug]-/private/var/www/myaf3/app/application/plugins/Auth.php:22 'main'
14:49:13-[debug]-/private/var/www/myaf3/app/application/plugins/Auth.php:28 '$request: '
14:49:13-[debug]-/private/var/www/myaf3/app/application/plugins/Auth.php:29 Yaf_Request_Http::__set_state(array(
   'module' => 'Admin',
   'controller' => 'Main',
   'action' => 'main',
   'method' => 'GET',
   'params' => 
  array (
  ),
   'language' => NULL,
   '_exception' => NULL,
   '_base_uri' => '',
   'uri' => '/admin/main/main',
   'dispatched' => false,
   'routed' => true,
))
14:49:13-[debug]-/private/var/www/myaf3/app/application/plugins/Auth.php:30 '$isLogin: '
14:49:13-[debug]-/private/var/www/myaf3/app/application/plugins/Auth.php:31 true
14:49:16-[debug]-/private/var/www/myaf3/app/application/plugins/Auth.php:20 'AuthPlugin::dispatchLoopStartup'
14:49:16-[debug]-/private/var/www/myaf3/app/application/plugins/Auth.php:21 'Admin'
14:49:16-[debug]-/private/var/www/myaf3/app/application/plugins/Auth.php:22 'main'
14:49:16-[debug]-/private/var/www/myaf3/app/application/plugins/Auth.php:28 '$request: '
14:49:16-[debug]-/private/var/www/myaf3/app/application/plugins/Auth.php:29 Yaf_Request_Http::__set_state(array(
   'module' => 'Admin',
   'controller' => 'Main',
   'action' => 'main',
   'method' => 'GET',
   'params' => 
  array (
  ),
   'language' => NULL,
   '_exception' => NULL,
   '_base_uri' => '',
   'uri' => '/admin/main/main',
   'dispatched' => false,
   'routed' => true,
))
14:49:16-[debug]-/private/var/www/myaf3/app/application/plugins/Auth.php:30 '$isLogin: '
14:49:16-[debug]-/private/var/www/myaf3/app/application/plugins/Auth.php:31 true
