15:47:57-[debug]-/private/var/www/myaf3/app/application/plugins/Auth.php:20 'AuthPlugin::dispatchLoopStartup'
15:47:57-[debug]-/private/var/www/myaf3/app/application/plugins/Auth.php:21 'Admin'
15:47:57-[debug]-/private/var/www/myaf3/app/application/plugins/Auth.php:22 'logout'
15:47:57-[debug]-/private/var/www/myaf3/app/application/plugins/Auth.php:28 '$request: '
15:47:57-[debug]-/private/var/www/myaf3/app/application/plugins/Auth.php:29 Yaf_Request_Http::__set_state(array(
   'module' => 'Admin',
   'controller' => 'Index',
   'action' => 'logout',
   'method' => 'GET',
   'params' => 
  array (
  ),
   'language' => NULL,
   '_exception' => NULL,
   '_base_uri' => '',
   'uri' => '/admin/index/logout',
   'dispatched' => false,
   'routed' => true,
))
15:47:57-[debug]-/private/var/www/myaf3/app/application/plugins/Auth.php:30 '$isLogin: '
15:47:57-[debug]-/private/var/www/myaf3/app/application/plugins/Auth.php:31 true
15:47:57-[debug]-/private/var/www/myaf3/app/application/plugins/Auth.php:20 'AuthPlugin::dispatchLoopStartup'
15:47:57-[debug]-/private/var/www/myaf3/app/application/plugins/Auth.php:21 'Admin'
15:47:57-[debug]-/private/var/www/myaf3/app/application/plugins/Auth.php:22 'login'
15:47:59-[debug]-/private/var/www/myaf3/app/application/plugins/Auth.php:20 'AuthPlugin::dispatchLoopStartup'
15:47:59-[debug]-/private/var/www/myaf3/app/application/plugins/Auth.php:21 'Admin'
15:47:59-[debug]-/private/var/www/myaf3/app/application/plugins/Auth.php:22 'login'
15:47:59-[debug]-/private/var/www/myaf3/app/application/plugins/Auth.php:20 'AuthPlugin::dispatchLoopStartup'
15:47:59-[debug]-/private/var/www/myaf3/app/application/plugins/Auth.php:21 'Index'
15:47:59-[debug]-/private/var/www/myaf3/app/application/plugins/Auth.php:22 'charisma'
15:47:59-[debug]-/private/var/www/myaf3/app/application/plugins/Auth.php:20 'AuthPlugin::dispatchLoopStartup'
15:47:59-[debug]-/private/var/www/myaf3/app/application/plugins/Auth.php:21 'Index'
15:47:59-[debug]-/private/var/www/myaf3/app/application/plugins/Auth.php:22 'charisma'
15:47:59-[debug]-/private/var/www/myaf3/app/application/plugins/Auth.php:20 'AuthPlugin::dispatchLoopStartup'
15:47:59-[debug]-/private/var/www/myaf3/app/application/plugins/Auth.php:21 'Index'
15:47:59-[debug]-/private/var/www/myaf3/app/application/plugins/Auth.php:22 'charisma'
15:47:59-[debug]-/private/var/www/myaf3/app/application/plugins/Auth.php:20 'AuthPlugin::dispatchLoopStartup'
15:47:59-[debug]-/private/var/www/myaf3/app/application/plugins/Auth.php:21 'Index'
15:47:59-[debug]-/private/var/www/myaf3/app/application/plugins/Auth.php:22 'charisma'
15:47:59-[debug]-/private/var/www/myaf3/app/application/plugins/Auth.php:20 'AuthPlugin::dispatchLoopStartup'
15:47:59-[debug]-/private/var/www/myaf3/app/application/plugins/Auth.php:21 'Index'
15:47:59-[debug]-/private/var/www/myaf3/app/application/plugins/Auth.php:22 'charisma'
15:47:59-[debug]-/private/var/www/myaf3/app/application/plugins/Auth.php:20 'AuthPlugin::dispatchLoopStartup'
15:47:59-[debug]-/private/var/www/myaf3/app/application/plugins/Auth.php:21 'Index'
15:47:59-[debug]-/private/var/www/myaf3/app/application/plugins/Auth.php:22 'charisma'
15:47:59-[debug]-/private/var/www/myaf3/app/application/plugins/Auth.php:20 'AuthPlugin::dispatchLoopStartup'
15:47:59-[debug]-/private/var/www/myaf3/app/application/plugins/Auth.php:21 'Index'
15:47:59-[debug]-/private/var/www/myaf3/app/application/plugins/Auth.php:22 'charisma'
15:47:59-[debug]-/private/var/www/myaf3/app/application/plugins/Auth.php:20 'AuthPlugin::dispatchLoopStartup'
15:47:59-[debug]-/private/var/www/myaf3/app/application/plugins/Auth.php:21 'Index'
15:47:59-[debug]-/private/var/www/myaf3/app/application/plugins/Auth.php:22 'charisma'
15:47:59-[debug]-/private/var/www/myaf3/app/application/plugins/Auth.php:20 'AuthPlugin::dispatchLoopStartup'
15:47:59-[debug]-/private/var/www/myaf3/app/application/plugins/Auth.php:21 'Index'
15:47:59-[debug]-/private/var/www/myaf3/app/application/plugins/Auth.php:22 'charisma'
15:47:59-[debug]-/private/var/www/myaf3/app/application/plugins/Auth.php:20 'AuthPlugin::dispatchLoopStartup'
15:47:59-[debug]-/private/var/www/myaf3/app/application/plugins/Auth.php:21 'Index'
15:47:59-[debug]-/private/var/www/myaf3/app/application/plugins/Auth.php:22 'charisma'
15:47:59-[debug]-/private/var/www/myaf3/app/application/plugins/Auth.php:20 'AuthPlugin::dispatchLoopStartup'
15:47:59-[debug]-/private/var/www/myaf3/app/application/plugins/Auth.php:21 'Index'
15:47:59-[debug]-/private/var/www/myaf3/app/application/plugins/Auth.php:22 'charisma'
15:47:59-[debug]-/private/var/www/myaf3/app/application/plugins/Auth.php:20 'AuthPlugin::dispatchLoopStartup'
15:47:59-[debug]-/private/var/www/myaf3/app/application/plugins/Auth.php:21 'Index'
15:47:59-[debug]-/private/var/www/myaf3/app/application/plugins/Auth.php:22 'charisma'
15:47:59-[debug]-/private/var/www/myaf3/app/application/plugins/Auth.php:20 'AuthPlugin::dispatchLoopStartup'
15:47:59-[debug]-/private/var/www/myaf3/app/application/plugins/Auth.php:21 'Index'
15:47:59-[debug]-/private/var/www/myaf3/app/application/plugins/Auth.php:22 'charisma'
15:47:59-[debug]-/private/var/www/myaf3/app/application/plugins/Auth.php:20 'AuthPlugin::dispatchLoopStartup'
15:47:59-[debug]-/private/var/www/myaf3/app/application/plugins/Auth.php:21 'Index'
15:47:59-[debug]-/private/var/www/myaf3/app/application/plugins/Auth.php:22 'charisma'
15:47:59-[debug]-/private/var/www/myaf3/app/application/plugins/Auth.php:20 'AuthPlugin::dispatchLoopStartup'
15:47:59-[debug]-/private/var/www/myaf3/app/application/plugins/Auth.php:21 'Index'
15:47:59-[debug]-/private/var/www/myaf3/app/application/plugins/Auth.php:22 'charisma'
15:47:59-[debug]-/private/var/www/myaf3/app/application/plugins/Auth.php:20 'AuthPlugin::dispatchLoopStartup'
15:47:59-[debug]-/private/var/www/myaf3/app/application/plugins/Auth.php:21 'Index'
15:47:59-[debug]-/private/var/www/myaf3/app/application/plugins/Auth.php:22 'charisma'
15:48:00-[debug]-/private/var/www/myaf3/app/application/plugins/Auth.php:20 'AuthPlugin::dispatchLoopStartup'
15:48:00-[debug]-/private/var/www/myaf3/app/application/plugins/Auth.php:21 'Admin'
15:48:00-[debug]-/private/var/www/myaf3/app/application/plugins/Auth.php:22 'login'
15:48:00-[debug]-/private/var/www/myaf3/app/application/plugins/Auth.php:20 'AuthPlugin::dispatchLoopStartup'
15:48:00-[debug]-/private/var/www/myaf3/app/application/plugins/Auth.php:21 'Index'
15:48:00-[debug]-/private/var/www/myaf3/app/application/plugins/Auth.php:22 'charisma'
15:48:00-[debug]-/private/var/www/myaf3/app/application/plugins/Auth.php:20 'AuthPlugin::dispatchLoopStartup'
15:48:00-[debug]-/private/var/www/myaf3/app/application/plugins/Auth.php:21 'Index'
15:48:00-[debug]-/private/var/www/myaf3/app/application/plugins/Auth.php:22 'charisma'
15:48:00-[debug]-/private/var/www/myaf3/app/application/plugins/Auth.php:20 'AuthPlugin::dispatchLoopStartup'
15:48:00-[debug]-/private/var/www/myaf3/app/application/plugins/Auth.php:21 'Index'
15:48:00-[debug]-/private/var/www/myaf3/app/application/plugins/Auth.php:22 'charisma'
15:48:00-[debug]-/private/var/www/myaf3/app/application/plugins/Auth.php:20 'AuthPlugin::dispatchLoopStartup'
15:48:00-[debug]-/private/var/www/myaf3/app/application/plugins/Auth.php:21 'Index'
15:48:00-[debug]-/private/var/www/myaf3/app/application/plugins/Auth.php:22 'charisma'
15:48:00-[debug]-/private/var/www/myaf3/app/application/plugins/Auth.php:20 'AuthPlugin::dispatchLoopStartup'
15:48:00-[debug]-/private/var/www/myaf3/app/application/plugins/Auth.php:21 'Index'
15:48:00-[debug]-/private/var/www/myaf3/app/application/plugins/Auth.php:22 'charisma'
15:48:00-[debug]-/private/var/www/myaf3/app/application/plugins/Auth.php:20 'AuthPlugin::dispatchLoopStartup'
15:48:00-[debug]-/private/var/www/myaf3/app/application/plugins/Auth.php:21 'Index'
15:48:00-[debug]-/private/var/www/myaf3/app/application/plugins/Auth.php:22 'charisma'
15:48:00-[debug]-/private/var/www/myaf3/app/application/plugins/Auth.php:20 'AuthPlugin::dispatchLoopStartup'
15:48:00-[debug]-/private/var/www/myaf3/app/application/plugins/Auth.php:21 'Index'
15:48:00-[debug]-/private/var/www/myaf3/app/application/plugins/Auth.php:22 'charisma'
15:48:00-[debug]-/private/var/www/myaf3/app/application/plugins/Auth.php:20 'AuthPlugin::dispatchLoopStartup'
15:48:00-[debug]-/private/var/www/myaf3/app/application/plugins/Auth.php:21 'Index'
15:48:00-[debug]-/private/var/www/myaf3/app/application/plugins/Auth.php:22 'charisma'
15:48:00-[debug]-/private/var/www/myaf3/app/application/plugins/Auth.php:20 'AuthPlugin::dispatchLoopStartup'
15:48:00-[debug]-/private/var/www/myaf3/app/application/plugins/Auth.php:21 'Index'
15:48:00-[debug]-/private/var/www/myaf3/app/application/plugins/Auth.php:22 'charisma'
15:48:00-[debug]-/private/var/www/myaf3/app/application/plugins/Auth.php:20 'AuthPlugin::dispatchLoopStartup'
15:48:00-[debug]-/private/var/www/myaf3/app/application/plugins/Auth.php:21 'Index'
15:48:00-[debug]-/private/var/www/myaf3/app/application/plugins/Auth.php:22 'charisma'
15:48:00-[debug]-/private/var/www/myaf3/app/application/plugins/Auth.php:20 'AuthPlugin::dispatchLoopStartup'
15:48:00-[debug]-/private/var/www/myaf3/app/application/plugins/Auth.php:21 'Index'
15:48:00-[debug]-/private/var/www/myaf3/app/application/plugins/Auth.php:22 'charisma'
15:48:00-[debug]-/private/var/www/myaf3/app/application/plugins/Auth.php:20 'AuthPlugin::dispatchLoopStartup'
15:48:00-[debug]-/private/var/www/myaf3/app/application/plugins/Auth.php:21 'Index'
15:48:00-[debug]-/private/var/www/myaf3/app/application/plugins/Auth.php:22 'charisma'
15:48:00-[debug]-/private/var/www/myaf3/app/application/plugins/Auth.php:20 'AuthPlugin::dispatchLoopStartup'
15:48:00-[debug]-/private/var/www/myaf3/app/application/plugins/Auth.php:21 'Index'
15:48:00-[debug]-/private/var/www/myaf3/app/application/plugins/Auth.php:22 'charisma'
15:48:00-[debug]-/private/var/www/myaf3/app/application/plugins/Auth.php:20 'AuthPlugin::dispatchLoopStartup'
15:48:00-[debug]-/private/var/www/myaf3/app/application/plugins/Auth.php:21 'Index'
15:48:00-[debug]-/private/var/www/myaf3/app/application/plugins/Auth.php:22 'charisma'
15:48:00-[debug]-/private/var/www/myaf3/app/application/plugins/Auth.php:20 'AuthPlugin::dispatchLoopStartup'
15:48:00-[debug]-/private/var/www/myaf3/app/application/plugins/Auth.php:21 'Index'
15:48:00-[debug]-/private/var/www/myaf3/app/application/plugins/Auth.php:22 'charisma'
15:48:00-[debug]-/private/var/www/myaf3/app/application/plugins/Auth.php:20 'AuthPlugin::dispatchLoopStartup'
15:48:00-[debug]-/private/var/www/myaf3/app/application/plugins/Auth.php:21 'Index'
15:48:00-[debug]-/private/var/www/myaf3/app/application/plugins/Auth.php:22 'charisma'
