18:03:29-[debug]-/private/var/www/myaf3/app/application/plugins/Auth.php:20 'AuthPlugin::dispatchLoopStartup'
18:03:29-[debug]-/private/var/www/myaf3/app/application/plugins/Auth.php:21 'Admin'
18:03:29-[debug]-/private/var/www/myaf3/app/application/plugins/Auth.php:22 'main'
18:03:29-[debug]-/private/var/www/myaf3/app/application/plugins/Auth.php:28 '$request: '
18:03:29-[debug]-/private/var/www/myaf3/app/application/plugins/Auth.php:29 Yaf_Request_Http::__set_state(array(
   'module' => 'Admin',
   'controller' => 'Main',
   'action' => 'main',
   'method' => 'GET',
   'params' => 
  array (
  ),
   'language' => NULL,
   '_exception' => NULL,
   '_base_uri' => '',
   'uri' => '/admin/main/main',
   'dispatched' => false,
   'routed' => true,
))
18:03:29-[debug]-/private/var/www/myaf3/app/application/plugins/Auth.php:30 '$isLogin: '
18:03:29-[debug]-/private/var/www/myaf3/app/application/plugins/Auth.php:31 true
18:03:33-[debug]-/private/var/www/myaf3/app/application/plugins/Auth.php:20 'AuthPlugin::dispatchLoopStartup'
18:03:33-[debug]-/private/var/www/myaf3/app/application/plugins/Auth.php:21 'Admin'
18:03:33-[debug]-/private/var/www/myaf3/app/application/plugins/Auth.php:22 'main'
18:03:33-[debug]-/private/var/www/myaf3/app/application/plugins/Auth.php:28 '$request: '
18:03:33-[debug]-/private/var/www/myaf3/app/application/plugins/Auth.php:29 Yaf_Request_Http::__set_state(array(
   'module' => 'Admin',
   'controller' => 'Main',
   'action' => 'main',
   'method' => 'GET',
   'params' => 
  array (
  ),
   'language' => NULL,
   '_exception' => NULL,
   '_base_uri' => '',
   'uri' => '/admin/main/main',
   'dispatched' => false,
   'routed' => true,
))
18:03:33-[debug]-/private/var/www/myaf3/app/application/plugins/Auth.php:30 '$isLogin: '
18:03:33-[debug]-/private/var/www/myaf3/app/application/plugins/Auth.php:31 true
18:03:51-[debug]-/private/var/www/myaf3/app/application/plugins/Auth.php:20 'AuthPlugin::dispatchLoopStartup'
18:03:51-[debug]-/private/var/www/myaf3/app/application/plugins/Auth.php:21 'Admin'
18:03:51-[debug]-/private/var/www/myaf3/app/application/plugins/Auth.php:22 'main'
18:03:51-[debug]-/private/var/www/myaf3/app/application/plugins/Auth.php:28 '$request: '
18:03:51-[debug]-/private/var/www/myaf3/app/application/plugins/Auth.php:29 Yaf_Request_Http::__set_state(array(
   'module' => 'Admin',
   'controller' => 'Main',
   'action' => 'main',
   'method' => 'GET',
   'params' => 
  array (
  ),
   'language' => NULL,
   '_exception' => NULL,
   '_base_uri' => '',
   'uri' => '/admin/main/main',
   'dispatched' => false,
   'routed' => true,
))
18:03:51-[debug]-/private/var/www/myaf3/app/application/plugins/Auth.php:30 '$isLogin: '
18:03:51-[debug]-/private/var/www/myaf3/app/application/plugins/Auth.php:31 true
18:04:57-[debug]-/private/var/www/myaf3/app/application/plugins/Auth.php:20 'AuthPlugin::dispatchLoopStartup'
18:04:57-[debug]-/private/var/www/myaf3/app/application/plugins/Auth.php:21 'Admin'
18:04:57-[debug]-/private/var/www/myaf3/app/application/plugins/Auth.php:22 'main'
18:04:57-[debug]-/private/var/www/myaf3/app/application/plugins/Auth.php:28 '$request: '
18:04:57-[debug]-/private/var/www/myaf3/app/application/plugins/Auth.php:29 Yaf_Request_Http::__set_state(array(
   'module' => 'Admin',
   'controller' => 'Main',
   'action' => 'main',
   'method' => 'GET',
   'params' => 
  array (
  ),
   'language' => NULL,
   '_exception' => NULL,
   '_base_uri' => '',
   'uri' => '/admin/main/main',
   'dispatched' => false,
   'routed' => true,
))
18:04:57-[debug]-/private/var/www/myaf3/app/application/plugins/Auth.php:30 '$isLogin: '
18:04:57-[debug]-/private/var/www/myaf3/app/application/plugins/Auth.php:31 true
18:06:25-[debug]-/private/var/www/myaf3/app/application/plugins/Auth.php:20 'AuthPlugin::dispatchLoopStartup'
18:06:25-[debug]-/private/var/www/myaf3/app/application/plugins/Auth.php:21 'Admin'
18:06:25-[debug]-/private/var/www/myaf3/app/application/plugins/Auth.php:22 'main'
18:06:25-[debug]-/private/var/www/myaf3/app/application/plugins/Auth.php:28 '$request: '
18:06:25-[debug]-/private/var/www/myaf3/app/application/plugins/Auth.php:29 Yaf_Request_Http::__set_state(array(
   'module' => 'Admin',
   'controller' => 'Main',
   'action' => 'main',
   'method' => 'GET',
   'params' => 
  array (
  ),
   'language' => NULL,
   '_exception' => NULL,
   '_base_uri' => '',
   'uri' => '/admin/main/main',
   'dispatched' => false,
   'routed' => true,
))
18:06:25-[debug]-/private/var/www/myaf3/app/application/plugins/Auth.php:30 '$isLogin: '
18:06:25-[debug]-/private/var/www/myaf3/app/application/plugins/Auth.php:31 true
18:06:36-[debug]-/private/var/www/myaf3/app/application/plugins/Auth.php:20 'AuthPlugin::dispatchLoopStartup'
18:06:36-[debug]-/private/var/www/myaf3/app/application/plugins/Auth.php:21 'Admin'
18:06:36-[debug]-/private/var/www/myaf3/app/application/plugins/Auth.php:22 'main'
18:06:36-[debug]-/private/var/www/myaf3/app/application/plugins/Auth.php:28 '$request: '
18:06:36-[debug]-/private/var/www/myaf3/app/application/plugins/Auth.php:29 Yaf_Request_Http::__set_state(array(
   'module' => 'Admin',
   'controller' => 'Main',
   'action' => 'main',
   'method' => 'GET',
   'params' => 
  array (
  ),
   'language' => NULL,
   '_exception' => NULL,
   '_base_uri' => '',
   'uri' => '/admin/main/main',
   'dispatched' => false,
   'routed' => true,
))
18:06:36-[debug]-/private/var/www/myaf3/app/application/plugins/Auth.php:30 '$isLogin: '
18:06:36-[debug]-/private/var/www/myaf3/app/application/plugins/Auth.php:31 true
18:07:15-[debug]-/private/var/www/myaf3/app/application/plugins/Auth.php:20 'AuthPlugin::dispatchLoopStartup'
18:07:15-[debug]-/private/var/www/myaf3/app/application/plugins/Auth.php:21 'Admin'
18:07:15-[debug]-/private/var/www/myaf3/app/application/plugins/Auth.php:22 'email.html'
18:07:15-[debug]-/private/var/www/myaf3/app/application/plugins/Auth.php:28 '$request: '
18:07:15-[debug]-/private/var/www/myaf3/app/application/plugins/Auth.php:29 Yaf_Request_Http::__set_state(array(
   'module' => 'Admin',
   'controller' => 'Main',
   'action' => 'email.html',
   'method' => 'GET',
   'params' => 
  array (
  ),
   'language' => NULL,
   '_exception' => NULL,
   '_base_uri' => '',
   'uri' => '/admin/main/email.html',
   'dispatched' => false,
   'routed' => true,
))
18:07:15-[debug]-/private/var/www/myaf3/app/application/plugins/Auth.php:30 '$isLogin: '
18:07:15-[debug]-/private/var/www/myaf3/app/application/plugins/Auth.php:31 true
18:07:17-[debug]-/private/var/www/myaf3/app/application/plugins/Auth.php:20 'AuthPlugin::dispatchLoopStartup'
18:07:17-[debug]-/private/var/www/myaf3/app/application/plugins/Auth.php:21 'Admin'
18:07:17-[debug]-/private/var/www/myaf3/app/application/plugins/Auth.php:22 'main'
18:07:17-[debug]-/private/var/www/myaf3/app/application/plugins/Auth.php:28 '$request: '
18:07:17-[debug]-/private/var/www/myaf3/app/application/plugins/Auth.php:29 Yaf_Request_Http::__set_state(array(
   'module' => 'Admin',
   'controller' => 'Main',
   'action' => 'main',
   'method' => 'GET',
   'params' => 
  array (
  ),
   'language' => NULL,
   '_exception' => NULL,
   '_base_uri' => '',
   'uri' => '/admin/main/main',
   'dispatched' => false,
   'routed' => true,
))
18:07:17-[debug]-/private/var/www/myaf3/app/application/plugins/Auth.php:30 '$isLogin: '
18:07:17-[debug]-/private/var/www/myaf3/app/application/plugins/Auth.php:31 true
18:08:06-[debug]-/private/var/www/myaf3/app/application/plugins/Auth.php:20 'AuthPlugin::dispatchLoopStartup'
18:08:06-[debug]-/private/var/www/myaf3/app/application/plugins/Auth.php:21 'Admin'
18:08:06-[debug]-/private/var/www/myaf3/app/application/plugins/Auth.php:22 'main'
18:08:06-[debug]-/private/var/www/myaf3/app/application/plugins/Auth.php:28 '$request: '
18:08:06-[debug]-/private/var/www/myaf3/app/application/plugins/Auth.php:29 Yaf_Request_Http::__set_state(array(
   'module' => 'Admin',
   'controller' => 'Main',
   'action' => 'main',
   'method' => 'GET',
   'params' => 
  array (
  ),
   'language' => NULL,
   '_exception' => NULL,
   '_base_uri' => '',
   'uri' => '/admin/main/main',
   'dispatched' => false,
   'routed' => true,
))
18:08:06-[debug]-/private/var/www/myaf3/app/application/plugins/Auth.php:30 '$isLogin: '
18:08:06-[debug]-/private/var/www/myaf3/app/application/plugins/Auth.php:31 true
18:08:06-[debug]-/private/var/www/myaf3/app/application/plugins/Auth.php:20 'AuthPlugin::dispatchLoopStartup'
18:08:06-[debug]-/private/var/www/myaf3/app/application/plugins/Auth.php:21 'Index'
18:08:06-[debug]-/private/var/www/myaf3/app/application/plugins/Auth.php:22 'charisma'
18:08:06-[debug]-/private/var/www/myaf3/app/application/plugins/Auth.php:20 'AuthPlugin::dispatchLoopStartup'
18:08:06-[debug]-/private/var/www/myaf3/app/application/plugins/Auth.php:21 'Index'
18:08:06-[debug]-/private/var/www/myaf3/app/application/plugins/Auth.php:22 'charisma'
18:08:06-[debug]-/private/var/www/myaf3/app/application/plugins/Auth.php:20 'AuthPlugin::dispatchLoopStartup'
18:08:06-[debug]-/private/var/www/myaf3/app/application/plugins/Auth.php:21 'Index'
18:08:06-[debug]-/private/var/www/myaf3/app/application/plugins/Auth.php:22 'charisma'
18:08:06-[debug]-/private/var/www/myaf3/app/application/plugins/Auth.php:20 'AuthPlugin::dispatchLoopStartup'
18:08:06-[debug]-/private/var/www/myaf3/app/application/plugins/Auth.php:21 'Index'
18:08:06-[debug]-/private/var/www/myaf3/app/application/plugins/Auth.php:22 'charisma'
18:08:06-[debug]-/private/var/www/myaf3/app/application/plugins/Auth.php:20 'AuthPlugin::dispatchLoopStartup'
18:08:06-[debug]-/private/var/www/myaf3/app/application/plugins/Auth.php:21 'Index'
18:08:06-[debug]-/private/var/www/myaf3/app/application/plugins/Auth.php:22 'charisma'
18:08:06-[debug]-/private/var/www/myaf3/app/application/plugins/Auth.php:20 'AuthPlugin::dispatchLoopStartup'
18:08:06-[debug]-/private/var/www/myaf3/app/application/plugins/Auth.php:21 'Index'
18:08:06-[debug]-/private/var/www/myaf3/app/application/plugins/Auth.php:22 'scripts'
18:08:43-[debug]-/private/var/www/myaf3/app/application/plugins/Auth.php:20 'AuthPlugin::dispatchLoopStartup'
18:08:43-[debug]-/private/var/www/myaf3/app/application/plugins/Auth.php:21 'Admin'
18:08:43-[debug]-/private/var/www/myaf3/app/application/plugins/Auth.php:22 'main'
18:08:43-[debug]-/private/var/www/myaf3/app/application/plugins/Auth.php:28 '$request: '
18:08:43-[debug]-/private/var/www/myaf3/app/application/plugins/Auth.php:29 Yaf_Request_Http::__set_state(array(
   'module' => 'Admin',
   'controller' => 'Main',
   'action' => 'main',
   'method' => 'GET',
   'params' => 
  array (
  ),
   'language' => NULL,
   '_exception' => NULL,
   '_base_uri' => '',
   'uri' => '/admin/main/main',
   'dispatched' => false,
   'routed' => true,
))
18:08:43-[debug]-/private/var/www/myaf3/app/application/plugins/Auth.php:30 '$isLogin: '
18:08:43-[debug]-/private/var/www/myaf3/app/application/plugins/Auth.php:31 true
18:08:43-[debug]-/private/var/www/myaf3/app/application/plugins/Auth.php:20 'AuthPlugin::dispatchLoopStartup'
18:08:43-[debug]-/private/var/www/myaf3/app/application/plugins/Auth.php:21 'Index'
18:08:43-[debug]-/private/var/www/myaf3/app/application/plugins/Auth.php:22 'charisma'
18:08:43-[debug]-/private/var/www/myaf3/app/application/plugins/Auth.php:20 'AuthPlugin::dispatchLoopStartup'
18:08:43-[debug]-/private/var/www/myaf3/app/application/plugins/Auth.php:21 'Index'
18:08:43-[debug]-/private/var/www/myaf3/app/application/plugins/Auth.php:22 'charisma'
18:08:43-[debug]-/private/var/www/myaf3/app/application/plugins/Auth.php:20 'AuthPlugin::dispatchLoopStartup'
18:08:43-[debug]-/private/var/www/myaf3/app/application/plugins/Auth.php:21 'Index'
18:08:43-[debug]-/private/var/www/myaf3/app/application/plugins/Auth.php:22 'charisma'
18:08:43-[debug]-/private/var/www/myaf3/app/application/plugins/Auth.php:20 'AuthPlugin::dispatchLoopStartup'
18:08:43-[debug]-/private/var/www/myaf3/app/application/plugins/Auth.php:21 'Index'
18:08:43-[debug]-/private/var/www/myaf3/app/application/plugins/Auth.php:22 'charisma'
18:08:43-[debug]-/private/var/www/myaf3/app/application/plugins/Auth.php:20 'AuthPlugin::dispatchLoopStartup'
18:08:43-[debug]-/private/var/www/myaf3/app/application/plugins/Auth.php:21 'Index'
18:08:43-[debug]-/private/var/www/myaf3/app/application/plugins/Auth.php:22 'charisma'
18:08:43-[debug]-/private/var/www/myaf3/app/application/plugins/Auth.php:20 'AuthPlugin::dispatchLoopStartup'
18:08:43-[debug]-/private/var/www/myaf3/app/application/plugins/Auth.php:21 'Index'
18:08:43-[debug]-/private/var/www/myaf3/app/application/plugins/Auth.php:22 'scripts'
18:12:42-[debug]-/private/var/www/myaf3/app/application/plugins/Auth.php:20 'AuthPlugin::dispatchLoopStartup'
18:12:42-[debug]-/private/var/www/myaf3/app/application/plugins/Auth.php:21 'Admin'
18:12:42-[debug]-/private/var/www/myaf3/app/application/plugins/Auth.php:22 'general-forms.html'
18:12:42-[debug]-/private/var/www/myaf3/app/application/plugins/Auth.php:28 '$request: '
18:12:42-[debug]-/private/var/www/myaf3/app/application/plugins/Auth.php:29 Yaf_Request_Http::__set_state(array(
   'module' => 'Admin',
   'controller' => 'Main',
   'action' => 'general-forms.html',
   'method' => 'GET',
   'params' => 
  array (
  ),
   'language' => NULL,
   '_exception' => NULL,
   '_base_uri' => '',
   'uri' => '/admin/main/general-forms.html',
   'dispatched' => false,
   'routed' => true,
))
18:12:42-[debug]-/private/var/www/myaf3/app/application/plugins/Auth.php:30 '$isLogin: '
18:12:42-[debug]-/private/var/www/myaf3/app/application/plugins/Auth.php:31 true
18:12:46-[debug]-/private/var/www/myaf3/app/application/plugins/Auth.php:20 'AuthPlugin::dispatchLoopStartup'
18:12:46-[debug]-/private/var/www/myaf3/app/application/plugins/Auth.php:21 'Admin'
18:12:46-[debug]-/private/var/www/myaf3/app/application/plugins/Auth.php:22 'main'
18:12:46-[debug]-/private/var/www/myaf3/app/application/plugins/Auth.php:28 '$request: '
18:12:46-[debug]-/private/var/www/myaf3/app/application/plugins/Auth.php:29 Yaf_Request_Http::__set_state(array(
   'module' => 'Admin',
   'controller' => 'Main',
   'action' => 'main',
   'method' => 'GET',
   'params' => 
  array (
  ),
   'language' => NULL,
   '_exception' => NULL,
   '_base_uri' => '',
   'uri' => '/admin/main/main',
   'dispatched' => false,
   'routed' => true,
))
18:12:46-[debug]-/private/var/www/myaf3/app/application/plugins/Auth.php:30 '$isLogin: '
18:12:46-[debug]-/private/var/www/myaf3/app/application/plugins/Auth.php:31 true
18:12:46-[debug]-/private/var/www/myaf3/app/application/plugins/Auth.php:20 'AuthPlugin::dispatchLoopStartup'
18:12:46-[debug]-/private/var/www/myaf3/app/application/plugins/Auth.php:21 'Index'
18:12:46-[debug]-/private/var/www/myaf3/app/application/plugins/Auth.php:22 'charisma'
18:12:46-[debug]-/private/var/www/myaf3/app/application/plugins/Auth.php:20 'AuthPlugin::dispatchLoopStartup'
18:12:46-[debug]-/private/var/www/myaf3/app/application/plugins/Auth.php:21 'Index'
18:12:46-[debug]-/private/var/www/myaf3/app/application/plugins/Auth.php:22 'charisma'
18:12:46-[debug]-/private/var/www/myaf3/app/application/plugins/Auth.php:20 'AuthPlugin::dispatchLoopStartup'
18:12:46-[debug]-/private/var/www/myaf3/app/application/plugins/Auth.php:21 'Index'
18:12:46-[debug]-/private/var/www/myaf3/app/application/plugins/Auth.php:22 'charisma'
18:12:46-[debug]-/private/var/www/myaf3/app/application/plugins/Auth.php:20 'AuthPlugin::dispatchLoopStartup'
18:12:46-[debug]-/private/var/www/myaf3/app/application/plugins/Auth.php:21 'Index'
18:12:46-[debug]-/private/var/www/myaf3/app/application/plugins/Auth.php:22 'charisma'
18:12:46-[debug]-/private/var/www/myaf3/app/application/plugins/Auth.php:20 'AuthPlugin::dispatchLoopStartup'
18:12:46-[debug]-/private/var/www/myaf3/app/application/plugins/Auth.php:21 'Index'
18:12:46-[debug]-/private/var/www/myaf3/app/application/plugins/Auth.php:22 'scripts'
18:12:46-[debug]-/private/var/www/myaf3/app/application/plugins/Auth.php:20 'AuthPlugin::dispatchLoopStartup'
18:12:46-[debug]-/private/var/www/myaf3/app/application/plugins/Auth.php:21 'Index'
18:12:46-[debug]-/private/var/www/myaf3/app/application/plugins/Auth.php:22 'charisma'
18:13:16-[debug]-/private/var/www/myaf3/app/application/plugins/Auth.php:20 'AuthPlugin::dispatchLoopStartup'
18:13:16-[debug]-/private/var/www/myaf3/app/application/plugins/Auth.php:21 'Admin'
18:13:16-[debug]-/private/var/www/myaf3/app/application/plugins/Auth.php:22 'main'
18:13:16-[debug]-/private/var/www/myaf3/app/application/plugins/Auth.php:28 '$request: '
18:13:16-[debug]-/private/var/www/myaf3/app/application/plugins/Auth.php:29 Yaf_Request_Http::__set_state(array(
   'module' => 'Admin',
   'controller' => 'Main',
   'action' => 'main',
   'method' => 'GET',
   'params' => 
  array (
  ),
   'language' => NULL,
   '_exception' => NULL,
   '_base_uri' => '',
   'uri' => '/admin/main/main',
   'dispatched' => false,
   'routed' => true,
))
18:13:16-[debug]-/private/var/www/myaf3/app/application/plugins/Auth.php:30 '$isLogin: '
18:13:16-[debug]-/private/var/www/myaf3/app/application/plugins/Auth.php:31 true
18:13:16-[debug]-/private/var/www/myaf3/app/application/plugins/Auth.php:20 'AuthPlugin::dispatchLoopStartup'
18:13:16-[debug]-/private/var/www/myaf3/app/application/plugins/Auth.php:21 'Index'
18:13:16-[debug]-/private/var/www/myaf3/app/application/plugins/Auth.php:22 'charisma'
18:13:16-[debug]-/private/var/www/myaf3/app/application/plugins/Auth.php:20 'AuthPlugin::dispatchLoopStartup'
18:13:16-[debug]-/private/var/www/myaf3/app/application/plugins/Auth.php:21 'Index'
18:13:16-[debug]-/private/var/www/myaf3/app/application/plugins/Auth.php:22 'charisma'
18:13:16-[debug]-/private/var/www/myaf3/app/application/plugins/Auth.php:20 'AuthPlugin::dispatchLoopStartup'
18:13:16-[debug]-/private/var/www/myaf3/app/application/plugins/Auth.php:21 'Index'
18:13:16-[debug]-/private/var/www/myaf3/app/application/plugins/Auth.php:22 'charisma'
18:13:16-[debug]-/private/var/www/myaf3/app/application/plugins/Auth.php:20 'AuthPlugin::dispatchLoopStartup'
18:13:16-[debug]-/private/var/www/myaf3/app/application/plugins/Auth.php:21 'Index'
18:13:16-[debug]-/private/var/www/myaf3/app/application/plugins/Auth.php:22 'charisma'
18:13:16-[debug]-/private/var/www/myaf3/app/application/plugins/Auth.php:20 'AuthPlugin::dispatchLoopStartup'
18:13:16-[debug]-/private/var/www/myaf3/app/application/plugins/Auth.php:21 'Index'
18:13:16-[debug]-/private/var/www/myaf3/app/application/plugins/Auth.php:22 'charisma'
18:13:16-[debug]-/private/var/www/myaf3/app/application/plugins/Auth.php:20 'AuthPlugin::dispatchLoopStartup'
18:13:16-[debug]-/private/var/www/myaf3/app/application/plugins/Auth.php:21 'Index'
18:13:16-[debug]-/private/var/www/myaf3/app/application/plugins/Auth.php:22 'scripts'
18:13:34-[debug]-/private/var/www/myaf3/app/application/plugins/Auth.php:20 'AuthPlugin::dispatchLoopStartup'
18:13:34-[debug]-/private/var/www/myaf3/app/application/plugins/Auth.php:21 'Admin'
18:13:34-[debug]-/private/var/www/myaf3/app/application/plugins/Auth.php:22 'main'
18:13:34-[debug]-/private/var/www/myaf3/app/application/plugins/Auth.php:28 '$request: '
18:13:34-[debug]-/private/var/www/myaf3/app/application/plugins/Auth.php:29 Yaf_Request_Http::__set_state(array(
   'module' => 'Admin',
   'controller' => 'Main',
   'action' => 'main',
   'method' => 'GET',
   'params' => 
  array (
  ),
   'language' => NULL,
   '_exception' => NULL,
   '_base_uri' => '',
   'uri' => '/admin/main/main',
   'dispatched' => false,
   'routed' => true,
))
18:13:34-[debug]-/private/var/www/myaf3/app/application/plugins/Auth.php:30 '$isLogin: '
18:13:34-[debug]-/private/var/www/myaf3/app/application/plugins/Auth.php:31 true
18:13:47-[debug]-/private/var/www/myaf3/app/application/plugins/Auth.php:20 'AuthPlugin::dispatchLoopStartup'
18:13:47-[debug]-/private/var/www/myaf3/app/application/plugins/Auth.php:21 'Admin'
18:13:47-[debug]-/private/var/www/myaf3/app/application/plugins/Auth.php:22 'main'
18:13:47-[debug]-/private/var/www/myaf3/app/application/plugins/Auth.php:28 '$request: '
18:13:47-[debug]-/private/var/www/myaf3/app/application/plugins/Auth.php:29 Yaf_Request_Http::__set_state(array(
   'module' => 'Admin',
   'controller' => 'Main',
   'action' => 'main',
   'method' => 'GET',
   'params' => 
  array (
  ),
   'language' => NULL,
   '_exception' => NULL,
   '_base_uri' => '',
   'uri' => '/admin/main/main',
   'dispatched' => false,
   'routed' => true,
))
18:13:47-[debug]-/private/var/www/myaf3/app/application/plugins/Auth.php:30 '$isLogin: '
18:13:47-[debug]-/private/var/www/myaf3/app/application/plugins/Auth.php:31 true
18:14:13-[debug]-/private/var/www/myaf3/app/application/plugins/Auth.php:20 'AuthPlugin::dispatchLoopStartup'
18:14:13-[debug]-/private/var/www/myaf3/app/application/plugins/Auth.php:21 'Index'
18:14:13-[debug]-/private/var/www/myaf3/app/application/plugins/Auth.php:22 'charisma'
18:14:25-[debug]-/private/var/www/myaf3/app/application/plugins/Auth.php:20 'AuthPlugin::dispatchLoopStartup'
18:14:25-[debug]-/private/var/www/myaf3/app/application/plugins/Auth.php:21 'Admin'
18:14:25-[debug]-/private/var/www/myaf3/app/application/plugins/Auth.php:22 'main'
18:14:25-[debug]-/private/var/www/myaf3/app/application/plugins/Auth.php:28 '$request: '
18:14:25-[debug]-/private/var/www/myaf3/app/application/plugins/Auth.php:29 Yaf_Request_Http::__set_state(array(
   'module' => 'Admin',
   'controller' => 'Main',
   'action' => 'main',
   'method' => 'GET',
   'params' => 
  array (
  ),
   'language' => NULL,
   '_exception' => NULL,
   '_base_uri' => '',
   'uri' => '/admin/main/main',
   'dispatched' => false,
   'routed' => true,
))
18:14:25-[debug]-/private/var/www/myaf3/app/application/plugins/Auth.php:30 '$isLogin: '
18:14:25-[debug]-/private/var/www/myaf3/app/application/plugins/Auth.php:31 true
18:15:02-[debug]-/private/var/www/myaf3/app/application/plugins/Auth.php:20 'AuthPlugin::dispatchLoopStartup'
18:15:02-[debug]-/private/var/www/myaf3/app/application/plugins/Auth.php:21 'Admin'
18:15:02-[debug]-/private/var/www/myaf3/app/application/plugins/Auth.php:22 'main'
18:15:02-[debug]-/private/var/www/myaf3/app/application/plugins/Auth.php:28 '$request: '
18:15:02-[debug]-/private/var/www/myaf3/app/application/plugins/Auth.php:29 Yaf_Request_Http::__set_state(array(
   'module' => 'Admin',
   'controller' => 'Main',
   'action' => 'main',
   'method' => 'GET',
   'params' => 
  array (
  ),
   'language' => NULL,
   '_exception' => NULL,
   '_base_uri' => '',
   'uri' => '/admin/main/main',
   'dispatched' => false,
   'routed' => true,
))
18:15:02-[debug]-/private/var/www/myaf3/app/application/plugins/Auth.php:30 '$isLogin: '
18:15:02-[debug]-/private/var/www/myaf3/app/application/plugins/Auth.php:31 true
18:15:17-[debug]-/private/var/www/myaf3/app/application/plugins/Auth.php:20 'AuthPlugin::dispatchLoopStartup'
18:15:17-[debug]-/private/var/www/myaf3/app/application/plugins/Auth.php:21 'Admin'
18:15:17-[debug]-/private/var/www/myaf3/app/application/plugins/Auth.php:22 'main'
18:15:17-[debug]-/private/var/www/myaf3/app/application/plugins/Auth.php:28 '$request: '
18:15:17-[debug]-/private/var/www/myaf3/app/application/plugins/Auth.php:29 Yaf_Request_Http::__set_state(array(
   'module' => 'Admin',
   'controller' => 'Main',
   'action' => 'main',
   'method' => 'GET',
   'params' => 
  array (
  ),
   'language' => NULL,
   '_exception' => NULL,
   '_base_uri' => '',
   'uri' => '/admin/main/main',
   'dispatched' => false,
   'routed' => true,
))
18:15:17-[debug]-/private/var/www/myaf3/app/application/plugins/Auth.php:30 '$isLogin: '
18:15:17-[debug]-/private/var/www/myaf3/app/application/plugins/Auth.php:31 true
18:16:23-[debug]-/private/var/www/myaf3/app/application/plugins/Auth.php:20 'AuthPlugin::dispatchLoopStartup'
18:16:23-[debug]-/private/var/www/myaf3/app/application/plugins/Auth.php:21 'Admin'
18:16:23-[debug]-/private/var/www/myaf3/app/application/plugins/Auth.php:22 'main'
18:16:23-[debug]-/private/var/www/myaf3/app/application/plugins/Auth.php:28 '$request: '
18:16:23-[debug]-/private/var/www/myaf3/app/application/plugins/Auth.php:29 Yaf_Request_Http::__set_state(array(
   'module' => 'Admin',
   'controller' => 'Main',
   'action' => 'main',
   'method' => 'GET',
   'params' => 
  array (
  ),
   'language' => NULL,
   '_exception' => NULL,
   '_base_uri' => '',
   'uri' => '/admin/main/main',
   'dispatched' => false,
   'routed' => true,
))
18:16:23-[debug]-/private/var/www/myaf3/app/application/plugins/Auth.php:30 '$isLogin: '
18:16:23-[debug]-/private/var/www/myaf3/app/application/plugins/Auth.php:31 true
18:16:23-[debug]-/private/var/www/myaf3/app/application/plugins/Auth.php:20 'AuthPlugin::dispatchLoopStartup'
18:16:23-[debug]-/private/var/www/myaf3/app/application/plugins/Auth.php:21 'Admin'
18:16:23-[debug]-/private/var/www/myaf3/app/application/plugins/Auth.php:22 'images'
18:16:23-[debug]-/private/var/www/myaf3/app/application/plugins/Auth.php:28 '$request: '
18:16:23-[debug]-/private/var/www/myaf3/app/application/plugins/Auth.php:29 Yaf_Request_Http::__set_state(array(
   'module' => 'Admin',
   'controller' => 'Main',
   'action' => 'images',
   'method' => 'GET',
   'params' => 
  array (
    'is-user.png' => NULL,
  ),
   'language' => NULL,
   '_exception' => NULL,
   '_base_uri' => '',
   'uri' => '/admin/main/images/is-user.png',
   'dispatched' => false,
   'routed' => true,
))
18:16:23-[debug]-/private/var/www/myaf3/app/application/plugins/Auth.php:30 '$isLogin: '
18:16:23-[debug]-/private/var/www/myaf3/app/application/plugins/Auth.php:31 true
18:16:23-[debug]-/private/var/www/myaf3/app/application/plugins/Auth.php:20 'AuthPlugin::dispatchLoopStartup'
18:16:23-[debug]-/private/var/www/myaf3/app/application/plugins/Auth.php:21 'Admin'
18:16:23-[debug]-/private/var/www/myaf3/app/application/plugins/Auth.php:22 'images'
18:16:23-[debug]-/private/var/www/myaf3/app/application/plugins/Auth.php:28 '$request: '
18:16:23-[debug]-/private/var/www/myaf3/app/application/plugins/Auth.php:29 Yaf_Request_Http::__set_state(array(
   'module' => 'Admin',
   'controller' => 'Main',
   'action' => 'images',
   'method' => 'GET',
   'params' => 
  array (
    'photos' => 'photo1.png',
  ),
   'language' => NULL,
   '_exception' => NULL,
   '_base_uri' => '',
   'uri' => '/admin/main/images/photos/photo1.png',
   'dispatched' => false,
   'routed' => true,
))
18:16:23-[debug]-/private/var/www/myaf3/app/application/plugins/Auth.php:30 '$isLogin: '
18:16:23-[debug]-/private/var/www/myaf3/app/application/plugins/Auth.php:31 true
18:16:23-[debug]-/private/var/www/myaf3/app/application/plugins/Auth.php:20 'AuthPlugin::dispatchLoopStartup'
18:16:23-[debug]-/private/var/www/myaf3/app/application/plugins/Auth.php:21 'Admin'
18:16:23-[debug]-/private/var/www/myaf3/app/application/plugins/Auth.php:22 'images'
18:16:23-[debug]-/private/var/www/myaf3/app/application/plugins/Auth.php:28 '$request: '
18:16:23-[debug]-/private/var/www/myaf3/app/application/plugins/Auth.php:29 Yaf_Request_Http::__set_state(array(
   'module' => 'Admin',
   'controller' => 'Main',
   'action' => 'images',
   'method' => 'GET',
   'params' => 
  array (
    'is-document.png' => NULL,
  ),
   'language' => NULL,
   '_exception' => NULL,
   '_base_uri' => '',
   'uri' => '/admin/main/images/is-document.png',
   'dispatched' => false,
   'routed' => true,
))
18:16:23-[debug]-/private/var/www/myaf3/app/application/plugins/Auth.php:30 '$isLogin: '
18:16:23-[debug]-/private/var/www/myaf3/app/application/plugins/Auth.php:31 true
18:16:23-[debug]-/private/var/www/myaf3/app/application/plugins/Auth.php:20 'AuthPlugin::dispatchLoopStartup'
18:16:23-[debug]-/private/var/www/myaf3/app/application/plugins/Auth.php:21 'Admin'
18:16:23-[debug]-/private/var/www/myaf3/app/application/plugins/Auth.php:22 'images'
18:16:23-[debug]-/private/var/www/myaf3/app/application/plugins/Auth.php:28 '$request: '
18:16:23-[debug]-/private/var/www/myaf3/app/application/plugins/Auth.php:29 Yaf_Request_Http::__set_state(array(
   'module' => 'Admin',
   'controller' => 'Main',
   'action' => 'images',
   'method' => 'GET',
   'params' => 
  array (
    'is-money.png' => NULL,
  ),
   'language' => NULL,
   '_exception' => NULL,
   '_base_uri' => '',
   'uri' => '/admin/main/images/is-money.png',
   'dispatched' => false,
   'routed' => true,
))
18:16:23-[debug]-/private/var/www/myaf3/app/application/plugins/Auth.php:30 '$isLogin: '
18:16:23-[debug]-/private/var/www/myaf3/app/application/plugins/Auth.php:31 true
18:17:02-[debug]-/private/var/www/myaf3/app/application/plugins/Auth.php:20 'AuthPlugin::dispatchLoopStartup'
18:17:02-[debug]-/private/var/www/myaf3/app/application/plugins/Auth.php:21 'Admin'
18:17:02-[debug]-/private/var/www/myaf3/app/application/plugins/Auth.php:22 'main'
18:17:02-[debug]-/private/var/www/myaf3/app/application/plugins/Auth.php:28 '$request: '
18:17:02-[debug]-/private/var/www/myaf3/app/application/plugins/Auth.php:29 Yaf_Request_Http::__set_state(array(
   'module' => 'Admin',
   'controller' => 'Main',
   'action' => 'main',
   'method' => 'GET',
   'params' => 
  array (
  ),
   'language' => NULL,
   '_exception' => NULL,
   '_base_uri' => '',
   'uri' => '/admin/main/main',
   'dispatched' => false,
   'routed' => true,
))
18:17:02-[debug]-/private/var/www/myaf3/app/application/plugins/Auth.php:30 '$isLogin: '
18:17:02-[debug]-/private/var/www/myaf3/app/application/plugins/Auth.php:31 true
18:18:14-[debug]-/private/var/www/myaf3/app/application/plugins/Auth.php:20 'AuthPlugin::dispatchLoopStartup'
18:18:14-[debug]-/private/var/www/myaf3/app/application/plugins/Auth.php:21 'Admin'
18:18:14-[debug]-/private/var/www/myaf3/app/application/plugins/Auth.php:22 'main'
18:18:14-[debug]-/private/var/www/myaf3/app/application/plugins/Auth.php:28 '$request: '
18:18:14-[debug]-/private/var/www/myaf3/app/application/plugins/Auth.php:29 Yaf_Request_Http::__set_state(array(
   'module' => 'Admin',
   'controller' => 'Main',
   'action' => 'main',
   'method' => 'GET',
   'params' => 
  array (
  ),
   'language' => NULL,
   '_exception' => NULL,
   '_base_uri' => '',
   'uri' => '/admin/main/main',
   'dispatched' => false,
   'routed' => true,
))
18:18:14-[debug]-/private/var/www/myaf3/app/application/plugins/Auth.php:30 '$isLogin: '
18:18:14-[debug]-/private/var/www/myaf3/app/application/plugins/Auth.php:31 true
18:19:09-[debug]-/private/var/www/myaf3/app/application/plugins/Auth.php:20 'AuthPlugin::dispatchLoopStartup'
18:19:09-[debug]-/private/var/www/myaf3/app/application/plugins/Auth.php:21 'Admin'
18:19:09-[debug]-/private/var/www/myaf3/app/application/plugins/Auth.php:22 'main'
18:19:09-[debug]-/private/var/www/myaf3/app/application/plugins/Auth.php:28 '$request: '
18:19:09-[debug]-/private/var/www/myaf3/app/application/plugins/Auth.php:29 Yaf_Request_Http::__set_state(array(
   'module' => 'Admin',
   'controller' => 'Main',
   'action' => 'main',
   'method' => 'GET',
   'params' => 
  array (
  ),
   'language' => NULL,
   '_exception' => NULL,
   '_base_uri' => '',
   'uri' => '/admin/main/main',
   'dispatched' => false,
   'routed' => true,
))
18:19:09-[debug]-/private/var/www/myaf3/app/application/plugins/Auth.php:30 '$isLogin: '
18:19:09-[debug]-/private/var/www/myaf3/app/application/plugins/Auth.php:31 true
18:41:18-[debug]-/private/var/www/myaf3/app/application/plugins/Auth.php:20 'AuthPlugin::dispatchLoopStartup'
18:41:18-[debug]-/private/var/www/myaf3/app/application/plugins/Auth.php:21 'Admin'
18:41:18-[debug]-/private/var/www/myaf3/app/application/plugins/Auth.php:22 'buttons.html'
18:41:18-[debug]-/private/var/www/myaf3/app/application/plugins/Auth.php:28 '$request: '
18:41:18-[debug]-/private/var/www/myaf3/app/application/plugins/Auth.php:29 Yaf_Request_Http::__set_state(array(
   'module' => 'Admin',
   'controller' => 'Main',
   'action' => 'buttons.html',
   'method' => 'GET',
   'params' => 
  array (
  ),
   'language' => NULL,
   '_exception' => NULL,
   '_base_uri' => '',
   'uri' => '/admin/main/buttons.html',
   'dispatched' => false,
   'routed' => true,
))
18:41:18-[debug]-/private/var/www/myaf3/app/application/plugins/Auth.php:30 '$isLogin: '
18:41:18-[debug]-/private/var/www/myaf3/app/application/plugins/Auth.php:31 true
18:41:20-[debug]-/private/var/www/myaf3/app/application/plugins/Auth.php:20 'AuthPlugin::dispatchLoopStartup'
18:41:20-[debug]-/private/var/www/myaf3/app/application/plugins/Auth.php:21 'Admin'
18:41:20-[debug]-/private/var/www/myaf3/app/application/plugins/Auth.php:22 'main'
18:41:20-[debug]-/private/var/www/myaf3/app/application/plugins/Auth.php:28 '$request: '
18:41:20-[debug]-/private/var/www/myaf3/app/application/plugins/Auth.php:29 Yaf_Request_Http::__set_state(array(
   'module' => 'Admin',
   'controller' => 'Main',
   'action' => 'main',
   'method' => 'GET',
   'params' => 
  array (
  ),
   'language' => NULL,
   '_exception' => NULL,
   '_base_uri' => '',
   'uri' => '/admin/main/main',
   'dispatched' => false,
   'routed' => true,
))
18:41:20-[debug]-/private/var/www/myaf3/app/application/plugins/Auth.php:30 '$isLogin: '
18:41:20-[debug]-/private/var/www/myaf3/app/application/plugins/Auth.php:31 true
18:59:12-[debug]-/private/var/www/myaf3/app/application/plugins/Auth.php:20 'AuthPlugin::dispatchLoopStartup'
18:59:12-[debug]-/private/var/www/myaf3/app/application/plugins/Auth.php:21 'Admin'
18:59:12-[debug]-/private/var/www/myaf3/app/application/plugins/Auth.php:22 'main'
18:59:12-[debug]-/private/var/www/myaf3/app/application/plugins/Auth.php:28 '$request: '
18:59:12-[debug]-/private/var/www/myaf3/app/application/plugins/Auth.php:29 Yaf_Request_Http::__set_state(array(
   'module' => 'Admin',
   'controller' => 'Main',
   'action' => 'main',
   'method' => 'GET',
   'params' => 
  array (
  ),
   'language' => NULL,
   '_exception' => NULL,
   '_base_uri' => '',
   'uri' => '/admin/main/main',
   'dispatched' => false,
   'routed' => true,
))
18:59:12-[debug]-/private/var/www/myaf3/app/application/plugins/Auth.php:30 '$isLogin: '
18:59:12-[debug]-/private/var/www/myaf3/app/application/plugins/Auth.php:31 true
18:59:15-[debug]-/private/var/www/myaf3/app/application/plugins/Auth.php:20 'AuthPlugin::dispatchLoopStartup'
18:59:15-[debug]-/private/var/www/myaf3/app/application/plugins/Auth.php:21 'Admin'
18:59:15-[debug]-/private/var/www/myaf3/app/application/plugins/Auth.php:22 'main'
18:59:15-[debug]-/private/var/www/myaf3/app/application/plugins/Auth.php:28 '$request: '
18:59:15-[debug]-/private/var/www/myaf3/app/application/plugins/Auth.php:29 Yaf_Request_Http::__set_state(array(
   'module' => 'Admin',
   'controller' => 'Main',
   'action' => 'main',
   'method' => 'GET',
   'params' => 
  array (
  ),
   'language' => NULL,
   '_exception' => NULL,
   '_base_uri' => '',
   'uri' => '/admin/main/main',
   'dispatched' => false,
   'routed' => true,
))
18:59:15-[debug]-/private/var/www/myaf3/app/application/plugins/Auth.php:30 '$isLogin: '
18:59:15-[debug]-/private/var/www/myaf3/app/application/plugins/Auth.php:31 true
18:59:28-[debug]-/private/var/www/myaf3/app/application/plugins/Auth.php:20 'AuthPlugin::dispatchLoopStartup'
18:59:28-[debug]-/private/var/www/myaf3/app/application/plugins/Auth.php:21 'Admin'
18:59:28-[debug]-/private/var/www/myaf3/app/application/plugins/Auth.php:22 'main'
18:59:28-[debug]-/private/var/www/myaf3/app/application/plugins/Auth.php:28 '$request: '
18:59:28-[debug]-/private/var/www/myaf3/app/application/plugins/Auth.php:29 Yaf_Request_Http::__set_state(array(
   'module' => 'Admin',
   'controller' => 'Main',
   'action' => 'main',
   'method' => 'GET',
   'params' => 
  array (
  ),
   'language' => NULL,
   '_exception' => NULL,
   '_base_uri' => '',
   'uri' => '/admin/main/main',
   'dispatched' => false,
   'routed' => true,
))
18:59:28-[debug]-/private/var/www/myaf3/app/application/plugins/Auth.php:30 '$isLogin: '
18:59:28-[debug]-/private/var/www/myaf3/app/application/plugins/Auth.php:31 true
18:59:53-[debug]-/private/var/www/myaf3/app/application/plugins/Auth.php:20 'AuthPlugin::dispatchLoopStartup'
18:59:53-[debug]-/private/var/www/myaf3/app/application/plugins/Auth.php:21 'Admin'
18:59:53-[debug]-/private/var/www/myaf3/app/application/plugins/Auth.php:22 'main'
18:59:53-[debug]-/private/var/www/myaf3/app/application/plugins/Auth.php:28 '$request: '
18:59:53-[debug]-/private/var/www/myaf3/app/application/plugins/Auth.php:29 Yaf_Request_Http::__set_state(array(
   'module' => 'Admin',
   'controller' => 'Main',
   'action' => 'main',
   'method' => 'GET',
   'params' => 
  array (
  ),
   'language' => NULL,
   '_exception' => NULL,
   '_base_uri' => '',
   'uri' => '/admin/main/main',
   'dispatched' => false,
   'routed' => true,
))
18:59:53-[debug]-/private/var/www/myaf3/app/application/plugins/Auth.php:30 '$isLogin: '
18:59:53-[debug]-/private/var/www/myaf3/app/application/plugins/Auth.php:31 true
