19:00:10-[debug]-/private/var/www/myaf3/app/application/plugins/Auth.php:20 'AuthPlugin::dispatchLoopStartup'
19:00:10-[debug]-/private/var/www/myaf3/app/application/plugins/Auth.php:21 'Admin'
19:00:10-[debug]-/private/var/www/myaf3/app/application/plugins/Auth.php:22 'main'
19:00:10-[debug]-/private/var/www/myaf3/app/application/plugins/Auth.php:28 '$request: '
19:00:10-[debug]-/private/var/www/myaf3/app/application/plugins/Auth.php:29 Yaf_Request_Http::__set_state(array(
   'module' => 'Admin',
   'controller' => 'Main',
   'action' => 'main',
   'method' => 'GET',
   'params' => 
  array (
  ),
   'language' => NULL,
   '_exception' => NULL,
   '_base_uri' => '',
   'uri' => '/admin/main/main',
   'dispatched' => false,
   'routed' => true,
))
19:00:10-[debug]-/private/var/www/myaf3/app/application/plugins/Auth.php:30 '$isLogin: '
19:00:10-[debug]-/private/var/www/myaf3/app/application/plugins/Auth.php:31 true
19:00:33-[debug]-/private/var/www/myaf3/app/application/plugins/Auth.php:20 'AuthPlugin::dispatchLoopStartup'
19:00:33-[debug]-/private/var/www/myaf3/app/application/plugins/Auth.php:21 'Admin'
19:00:33-[debug]-/private/var/www/myaf3/app/application/plugins/Auth.php:22 'main'
19:00:33-[debug]-/private/var/www/myaf3/app/application/plugins/Auth.php:28 '$request: '
19:00:33-[debug]-/private/var/www/myaf3/app/application/plugins/Auth.php:29 Yaf_Request_Http::__set_state(array(
   'module' => 'Admin',
   'controller' => 'Main',
   'action' => 'main',
   'method' => 'GET',
   'params' => 
  array (
  ),
   'language' => NULL,
   '_exception' => NULL,
   '_base_uri' => '',
   'uri' => '/admin/main/main',
   'dispatched' => false,
   'routed' => true,
))
19:00:33-[debug]-/private/var/www/myaf3/app/application/plugins/Auth.php:30 '$isLogin: '
19:00:33-[debug]-/private/var/www/myaf3/app/application/plugins/Auth.php:31 true
19:04:36-[debug]-/private/var/www/myaf3/app/application/plugins/Auth.php:20 'AuthPlugin::dispatchLoopStartup'
19:04:36-[debug]-/private/var/www/myaf3/app/application/plugins/Auth.php:21 'Admin'
19:04:36-[debug]-/private/var/www/myaf3/app/application/plugins/Auth.php:22 'maps.html'
19:04:36-[debug]-/private/var/www/myaf3/app/application/plugins/Auth.php:28 '$request: '
19:04:36-[debug]-/private/var/www/myaf3/app/application/plugins/Auth.php:29 Yaf_Request_Http::__set_state(array(
   'module' => 'Admin',
   'controller' => 'Main',
   'action' => 'maps.html',
   'method' => 'GET',
   'params' => 
  array (
  ),
   'language' => NULL,
   '_exception' => NULL,
   '_base_uri' => '',
   'uri' => '/admin/main/maps.html',
   'dispatched' => false,
   'routed' => true,
))
19:04:36-[debug]-/private/var/www/myaf3/app/application/plugins/Auth.php:30 '$isLogin: '
19:04:36-[debug]-/private/var/www/myaf3/app/application/plugins/Auth.php:31 true
19:04:38-[debug]-/private/var/www/myaf3/app/application/plugins/Auth.php:20 'AuthPlugin::dispatchLoopStartup'
19:04:38-[debug]-/private/var/www/myaf3/app/application/plugins/Auth.php:21 'Admin'
19:04:38-[debug]-/private/var/www/myaf3/app/application/plugins/Auth.php:22 'main'
19:04:38-[debug]-/private/var/www/myaf3/app/application/plugins/Auth.php:28 '$request: '
19:04:38-[debug]-/private/var/www/myaf3/app/application/plugins/Auth.php:29 Yaf_Request_Http::__set_state(array(
   'module' => 'Admin',
   'controller' => 'Main',
   'action' => 'main',
   'method' => 'GET',
   'params' => 
  array (
  ),
   'language' => NULL,
   '_exception' => NULL,
   '_base_uri' => '',
   'uri' => '/admin/main/main',
   'dispatched' => false,
   'routed' => true,
))
19:04:38-[debug]-/private/var/www/myaf3/app/application/plugins/Auth.php:30 '$isLogin: '
19:04:38-[debug]-/private/var/www/myaf3/app/application/plugins/Auth.php:31 true
