11:28:11-[debug]-/private/var/www/myaf3/app/application/plugins/Auth.php:20 'AuthPlugin::dispatchLoopStartup'
11:28:11-[debug]-/private/var/www/myaf3/app/application/plugins/Auth.php:21 'Admin'
11:28:11-[debug]-/private/var/www/myaf3/app/application/plugins/Auth.php:22 'main'
11:28:11-[debug]-/private/var/www/myaf3/app/application/plugins/Auth.php:28 '$request: '
11:28:11-[debug]-/private/var/www/myaf3/app/application/plugins/Auth.php:29 Yaf_Request_Http::__set_state(array(
   'module' => 'Admin',
   'controller' => 'Main',
   'action' => 'main',
   'method' => 'GET',
   'params' => 
  array (
  ),
   'language' => NULL,
   '_exception' => NULL,
   '_base_uri' => '',
   'uri' => '/admin/main/main',
   'dispatched' => false,
   'routed' => true,
))
11:28:11-[debug]-/private/var/www/myaf3/app/application/plugins/Auth.php:30 '$isLogin: '
11:28:11-[debug]-/private/var/www/myaf3/app/application/plugins/Auth.php:31 true
11:28:19-[debug]-/private/var/www/myaf3/app/application/plugins/Auth.php:20 'AuthPlugin::dispatchLoopStartup'
11:28:19-[debug]-/private/var/www/myaf3/app/application/plugins/Auth.php:21 'Admin'
11:28:19-[debug]-/private/var/www/myaf3/app/application/plugins/Auth.php:22 'x-editable.html'
11:28:19-[debug]-/private/var/www/myaf3/app/application/plugins/Auth.php:28 '$request: '
11:28:19-[debug]-/private/var/www/myaf3/app/application/plugins/Auth.php:29 Yaf_Request_Http::__set_state(array(
   'module' => 'Admin',
   'controller' => 'Main',
   'action' => 'x-editable.html',
   'method' => 'GET',
   'params' => 
  array (
  ),
   'language' => NULL,
   '_exception' => NULL,
   '_base_uri' => '',
   'uri' => '/admin/main/x-editable.html',
   'dispatched' => false,
   'routed' => true,
))
11:28:19-[debug]-/private/var/www/myaf3/app/application/plugins/Auth.php:30 '$isLogin: '
11:28:19-[debug]-/private/var/www/myaf3/app/application/plugins/Auth.php:31 true
11:28:20-[debug]-/private/var/www/myaf3/app/application/plugins/Auth.php:20 'AuthPlugin::dispatchLoopStartup'
11:28:20-[debug]-/private/var/www/myaf3/app/application/plugins/Auth.php:21 'Admin'
11:28:20-[debug]-/private/var/www/myaf3/app/application/plugins/Auth.php:22 'main'
11:28:20-[debug]-/private/var/www/myaf3/app/application/plugins/Auth.php:28 '$request: '
11:28:20-[debug]-/private/var/www/myaf3/app/application/plugins/Auth.php:29 Yaf_Request_Http::__set_state(array(
   'module' => 'Admin',
   'controller' => 'Main',
   'action' => 'main',
   'method' => 'GET',
   'params' => 
  array (
  ),
   'language' => NULL,
   '_exception' => NULL,
   '_base_uri' => '',
   'uri' => '/admin/main/main',
   'dispatched' => false,
   'routed' => true,
))
11:28:20-[debug]-/private/var/www/myaf3/app/application/plugins/Auth.php:30 '$isLogin: '
11:28:20-[debug]-/private/var/www/myaf3/app/application/plugins/Auth.php:31 true
11:34:18-[debug]-/private/var/www/myaf3/app/application/plugins/Auth.php:20 'AuthPlugin::dispatchLoopStartup'
11:34:18-[debug]-/private/var/www/myaf3/app/application/plugins/Auth.php:21 'Admin'
11:34:18-[debug]-/private/var/www/myaf3/app/application/plugins/Auth.php:22 'main'
11:34:18-[debug]-/private/var/www/myaf3/app/application/plugins/Auth.php:28 '$request: '
11:34:18-[debug]-/private/var/www/myaf3/app/application/plugins/Auth.php:29 Yaf_Request_Http::__set_state(array(
   'module' => 'Admin',
   'controller' => 'Main',
   'action' => 'main',
   'method' => 'GET',
   'params' => 
  array (
  ),
   'language' => NULL,
   '_exception' => NULL,
   '_base_uri' => '',
   'uri' => '/admin/main/main',
   'dispatched' => false,
   'routed' => true,
))
11:34:18-[debug]-/private/var/www/myaf3/app/application/plugins/Auth.php:30 '$isLogin: '
11:34:18-[debug]-/private/var/www/myaf3/app/application/plugins/Auth.php:31 true
11:34:26-[debug]-/private/var/www/myaf3/app/application/plugins/Auth.php:20 'AuthPlugin::dispatchLoopStartup'
11:34:26-[debug]-/private/var/www/myaf3/app/application/plugins/Auth.php:21 'Admin'
11:34:26-[debug]-/private/var/www/myaf3/app/application/plugins/Auth.php:22 'x-editable.html'
11:34:26-[debug]-/private/var/www/myaf3/app/application/plugins/Auth.php:28 '$request: '
11:34:26-[debug]-/private/var/www/myaf3/app/application/plugins/Auth.php:29 Yaf_Request_Http::__set_state(array(
   'module' => 'Admin',
   'controller' => 'Main',
   'action' => 'x-editable.html',
   'method' => 'GET',
   'params' => 
  array (
  ),
   'language' => NULL,
   '_exception' => NULL,
   '_base_uri' => '',
   'uri' => '/admin/main/x-editable.html',
   'dispatched' => false,
   'routed' => true,
))
11:34:26-[debug]-/private/var/www/myaf3/app/application/plugins/Auth.php:30 '$isLogin: '
11:34:26-[debug]-/private/var/www/myaf3/app/application/plugins/Auth.php:31 true
11:34:29-[debug]-/private/var/www/myaf3/app/application/plugins/Auth.php:20 'AuthPlugin::dispatchLoopStartup'
11:34:29-[debug]-/private/var/www/myaf3/app/application/plugins/Auth.php:21 'Admin'
11:34:29-[debug]-/private/var/www/myaf3/app/application/plugins/Auth.php:22 'main'
11:34:29-[debug]-/private/var/www/myaf3/app/application/plugins/Auth.php:28 '$request: '
11:34:29-[debug]-/private/var/www/myaf3/app/application/plugins/Auth.php:29 Yaf_Request_Http::__set_state(array(
   'module' => 'Admin',
   'controller' => 'Main',
   'action' => 'main',
   'method' => 'GET',
   'params' => 
  array (
  ),
   'language' => NULL,
   '_exception' => NULL,
   '_base_uri' => '',
   'uri' => '/admin/main/main',
   'dispatched' => false,
   'routed' => true,
))
11:34:29-[debug]-/private/var/www/myaf3/app/application/plugins/Auth.php:30 '$isLogin: '
11:34:29-[debug]-/private/var/www/myaf3/app/application/plugins/Auth.php:31 true
